0.499997 0.5 0.499997 0.499997 0.499997 0.499997 0.5 0.5 0.499997 0.499997 0.5 0.499997 0.5 0.499997 0.499997 0.5 0.5 0.5 0.5 0.5 
0.499995 0.5 0.499995 0.499995 0.499995 0.499995 0.5 0.5 0.499995 0.499995 0.5 0.499995 0.5 0.499995 0.499995 0.5 0.5 0.5 0.5 0.5 
0.499993 0.5 0.499993 0.499993 0.499993 0.499993 0.5 0.5 0.499993 0.499993 0.5 0.499993 0.5 0.499993 0.499993 0.5 0.5 0.5 0.5 0.5 
0.49999 0.5 0.49999 0.49999 0.49999 0.49999 0.5 0.5 0.49999 0.49999 0.5 0.49999 0.5 0.49999 0.49999 0.5 0.5 0.5 0.5 0.5 
0.499988 0.500001 0.499988 0.499988 0.499988 0.499988 0.500001 0.500001 0.499988 0.499988 0.500001 0.499988 0.500001 0.499988 0.499988 0.500001 0.500001 0.500001 0.500001 0.500001 
0.499986 0.500001 0.499986 0.499986 0.499986 0.499986 0.500001 0.500001 0.499986 0.499986 0.500001 0.499986 0.500001 0.499986 0.499986 0.500001 0.500001 0.500001 0.500001 0.500001 
0.499985 0.500002 0.499984 0.499984 0.499984 0.499985 0.500002 0.500002 0.499984 0.499985 0.500002 0.499985 0.500002 0.499984 0.499985 0.500002 0.500002 0.500002 0.500002 0.500002 
0.499983 0.500002 0.499982 0.499982 0.499982 0.499983 0.500002 0.500002 0.499982 0.499983 0.500002 0.499983 0.500002 0.499982 0.499983 0.500002 0.500002 0.500002 0.500002 0.500002 
0.499982 0.500003 0.499981 0.499981 0.499981 0.499982 0.500003 0.500003 0.499981 0.499982 0.500003 0.499982 0.500003 0.499981 0.499982 0.500003 0.500003 0.500003 0.500003 0.500003 
0.49998 0.500005 0.499979 0.499979 0.499979 0.49998 0.500005 0.500005 0.499979 0.49998 0.500005 0.49998 0.500005 0.499979 0.49998 0.500005 0.500005 0.500005 0.500005 0.500005 
0.49998 0.500006 0.499978 0.499978 0.499978 0.49998 0.500006 0.500006 0.499978 0.49998 0.500006 0.49998 0.500006 0.499978 0.49998 0.500006 0.500006 0.500006 0.500006 0.500006 
0.499979 0.500008 0.499977 0.499977 0.499978 0.499979 0.500008 0.500008 0.499978 0.499979 0.500008 0.499979 0.500008 0.499978 0.499979 0.500008 0.500008 0.500008 0.500008 0.500008 
0.499979 0.50001 0.499977 0.499977 0.499977 0.499979 0.50001 0.50001 0.499977 0.499979 0.50001 0.499979 0.50001 0.499977 0.499979 0.50001 0.50001 0.50001 0.50001 0.50001 
0.499979 0.500012 0.499977 0.499977 0.499977 0.499979 0.500012 0.500012 0.499977 0.499979 0.500012 0.499979 0.500012 0.499977 0.499979 0.500012 0.500012 0.500012 0.500012 0.500012 
0.499979 0.500015 0.499977 0.499977 0.499977 0.499979 0.500015 0.500015 0.499977 0.499979 0.500015 0.499979 0.500015 0.499977 0.499979 0.500015 0.500015 0.500015 0.500015 0.500015 
0.49998 0.500018 0.499977 0.499977 0.499978 0.49998 0.500018 0.500018 0.499978 0.49998 0.500018 0.49998 0.500018 0.499978 0.49998 0.500018 0.500018 0.500018 0.500018 0.500018 
0.499982 0.500022 0.499978 0.499978 0.499979 0.499982 0.500022 0.500022 0.499979 0.499982 0.500022 0.499982 0.500022 0.499979 0.499982 0.500022 0.500022 0.500022 0.500022 0.500022 
0.499984 0.500026 0.49998 0.49998 0.49998 0.499984 0.500026 0.500026 0.49998 0.499984 0.500026 0.499984 0.500026 0.49998 0.499984 0.500026 0.500026 0.500026 0.500026 0.500026 
0.499986 0.500031 0.499982 0.499982 0.499982 0.499986 0.500031 0.500031 0.499982 0.499986 0.500031 0.499986 0.500031 0.499982 0.499986 0.500031 0.500031 0.500031 0.500031 0.500031 
0.499989 0.500036 0.499984 0.499984 0.499984 0.499989 0.500036 0.500036 0.499984 0.499989 0.500036 0.499989 0.500036 0.499984 0.499989 0.500036 0.500036 0.500036 0.500036 0.500036 
0.499992 0.500042 0.499987 0.499987 0.499987 0.499992 0.500042 0.500042 0.499987 0.499992 0.500042 0.499992 0.500042 0.499987 0.499992 0.500042 0.500042 0.500042 0.500042 0.500042 
0.499996 0.500048 0.499991 0.499991 0.499991 0.499996 0.500048 0.500048 0.499991 0.499996 0.500048 0.499996 0.500048 0.499991 0.499996 0.500048 0.500048 0.500048 0.500048 0.500048 
0.500001 0.500055 0.499995 0.499995 0.499995 0.500001 0.500055 0.500055 0.499995 0.500001 0.500055 0.500001 0.500055 0.499995 0.500001 0.500055 0.500055 0.500055 0.500055 0.500055 
0.500007 0.500063 0.5 0.5 0.5 0.500007 0.500063 0.500063 0.5 0.500007 0.500063 0.500007 0.500063 0.5 0.500007 0.500063 0.500063 0.500063 0.500063 0.500063 
0.500013 0.500072 0.500005 0.500005 0.500006 0.500013 0.500072 0.500072 0.500006 0.500013 0.500072 0.500013 0.500072 0.500006 0.500013 0.500072 0.500072 0.500072 0.500072 0.500072 
0.50002 0.500082 0.500012 0.500012 0.500013 0.50002 0.500082 0.500082 0.500013 0.50002 0.500082 0.50002 0.500082 0.500013 0.50002 0.500082 0.500082 0.500082 0.500082 0.500082 
0.500029 0.500093 0.500019 0.500019 0.50002 0.500029 0.500093 0.500093 0.50002 0.500029 0.500093 0.500029 0.500093 0.50002 0.500029 0.500093 0.500093 0.500093 0.500093 0.500093 
0.500038 0.500105 0.500028 0.500028 0.500029 0.500038 0.500105 0.500105 0.500029 0.500038 0.500105 0.500038 0.500105 0.500029 0.500038 0.500105 0.500105 0.500105 0.500105 0.500105 
0.500048 0.500118 0.500038 0.500038 0.500039 0.500048 0.500118 0.500118 0.500039 0.500048 0.500118 0.500048 0.500118 0.500039 0.500048 0.500118 0.500118 0.500118 0.500118 0.500118 
0.50006 0.500133 0.500048 0.500048 0.500049 0.50006 0.500133 0.500133 0.500049 0.50006 0.500133 0.50006 0.500133 0.500049 0.50006 0.500133 0.500133 0.500133 0.500133 0.500133 
0.500073 0.500149 0.500061 0.500061 0.500062 0.500073 0.500149 0.500149 0.500062 0.500073 0.500149 0.500073 0.500149 0.500062 0.500073 0.500149 0.500149 0.500149 0.500149 0.500149 
0.500088 0.500166 0.500074 0.500074 0.500076 0.500088 0.500166 0.500166 0.500076 0.500088 0.500166 0.500088 0.500166 0.500076 0.500088 0.500166 0.500166 0.500166 0.500166 0.500166 
0.500105 0.500186 0.50009 0.50009 0.500091 0.500105 0.500186 0.500186 0.500091 0.500105 0.500186 0.500105 0.500186 0.500091 0.500105 0.500186 0.500186 0.500186 0.500186 0.500186 
0.500123 0.500207 0.500107 0.500107 0.500108 0.500123 0.500207 0.500207 0.500108 0.500123 0.500207 0.500123 0.500207 0.500108 0.500123 0.500207 0.500207 0.500207 0.500207 0.500207 
0.500144 0.500231 0.500126 0.500126 0.500128 0.500144 0.500231 0.500231 0.500128 0.500144 0.500231 0.500144 0.500231 0.500128 0.500144 0.500231 0.500231 0.500231 0.500231 0.500231 
0.500167 0.500258 0.500147 0.500148 0.50015 0.500167 0.500258 0.500258 0.50015 0.500167 0.500258 0.500167 0.500258 0.50015 0.500167 0.500258 0.500258 0.500258 0.500258 0.500258 
0.500223 0.500317 0.500202 0.500202 0.500204 0.500223 0.500317 0.500317 0.500204 0.500223 0.500317 0.500223 0.500317 0.500204 0.500223 0.500317 0.500317 0.500317 0.500317 0.500317 
0.50022 0.500319 0.500198 0.500198 0.500201 0.50022 0.500319 0.500319 0.500201 0.50022 0.500319 0.50022 0.500319 0.500201 0.50022 0.500319 0.500319 0.500319 0.500319 0.500319 
0.50022 0.500322 0.500196 0.500196 0.500199 0.50022 0.500322 0.500322 0.500199 0.50022 0.500322 0.50022 0.500322 0.500199 0.50022 0.500322 0.500322 0.500322 0.500322 0.500322 
0.500221 0.500328 0.500196 0.500196 0.500199 0.500221 0.500328 0.500328 0.500199 0.500221 0.500328 0.500221 0.500328 0.500199 0.500221 0.500328 0.500328 0.500328 0.500328 0.500328 
0.500224 0.500335 0.500197 0.500198 0.500201 0.500224 0.500335 0.500335 0.500201 0.500224 0.500335 0.500224 0.500335 0.500201 0.500224 0.500335 0.500335 0.500335 0.500335 0.500335 
0.50023 0.500344 0.500201 0.500201 0.500205 0.50023 0.500344 0.500344 0.500205 0.50023 0.500344 0.50023 0.500344 0.500205 0.50023 0.500344 0.500344 0.500344 0.500344 0.500344 
0.500237 0.500355 0.500206 0.500207 0.50021 0.500237 0.500355 0.500355 0.50021 0.500237 0.500355 0.500237 0.500355 0.50021 0.500237 0.500355 0.500355 0.500355 0.500355 0.500355 
0.500247 0.500369 0.500214 0.500214 0.500219 0.500247 0.500369 0.500369 0.500219 0.500247 0.500369 0.500247 0.500369 0.500219 0.500247 0.500369 0.500369 0.500369 0.500369 0.500369 
0.500259 0.500385 0.500224 0.500225 0.500229 0.500259 0.500385 0.500385 0.500229 0.500259 0.500385 0.500259 0.500385 0.500229 0.500259 0.500385 0.500385 0.500385 0.500385 0.500385 
0.500274 0.500404 0.500237 0.500237 0.500242 0.500274 0.500404 0.500404 0.500242 0.500274 0.500404 0.500274 0.500404 0.500242 0.500274 0.500404 0.500404 0.500404 0.500404 0.500404 
0.500292 0.500426 0.500252 0.500253 0.500258 0.500292 0.500426 0.500426 0.500258 0.500292 0.500426 0.500292 0.500426 0.500258 0.500292 0.500426 0.500426 0.500426 0.500426 0.500426 
0.500313 0.500451 0.500271 0.500272 0.500278 0.500313 0.500451 0.500451 0.500278 0.500313 0.500451 0.500313 0.500451 0.500278 0.500313 0.500451 0.500451 0.500451 0.500451 0.500451 
0.500338 0.50048 0.500293 0.500294 0.5003 0.500338 0.50048 0.50048 0.5003 0.500338 0.50048 0.500338 0.50048 0.5003 0.500338 0.50048 0.50048 0.50048 0.50048 0.50048 
0.500366 0.500514 0.500319 0.50032 0.500327 0.500366 0.500514 0.500514 0.500327 0.500366 0.500514 0.500366 0.500514 0.500327 0.500366 0.500514 0.500514 0.500514 0.500514 0.500514 
0.5004 0.500552 0.50035 0.500351 0.500358 0.5004 0.500552 0.500552 0.500358 0.5004 0.500552 0.5004 0.500552 0.500358 0.5004 0.500552 0.500552 0.500552 0.500552 0.500552 
0.500438 0.500595 0.500385 0.500386 0.500394 0.500438 0.500595 0.500595 0.500394 0.500438 0.500595 0.500438 0.500595 0.500394 0.500438 0.500595 0.500595 0.500595 0.500595 0.500595 
0.500482 0.500644 0.500426 0.500427 0.500435 0.500482 0.500644 0.500644 0.500435 0.500482 0.500644 0.500482 0.500644 0.500435 0.500482 0.500644 0.500644 0.500644 0.500644 0.500644 
0.500532 0.5007 0.500473 0.500474 0.500483 0.500532 0.5007 0.5007 0.500483 0.500532 0.5007 0.500532 0.5007 0.500483 0.500532 0.5007 0.5007 0.5007 0.5007 0.5007 
0.50059 0.500763 0.500527 0.500528 0.500538 0.50059 0.500763 0.500763 0.500538 0.50059 0.500763 0.50059 0.500763 0.500538 0.50059 0.500763 0.500763 0.500763 0.500763 0.500763 
0.500657 0.500836 0.500589 0.50059 0.500601 0.500657 0.500836 0.500836 0.500601 0.500657 0.500836 0.500657 0.500836 0.500601 0.500657 0.500836 0.500836 0.500836 0.500836 0.500836 
0.500814 0.501 0.500742 0.500743 0.500755 0.500814 0.501 0.501 0.500755 0.500814 0.501 0.500814 0.501 0.500755 0.500814 0.501 0.501 0.501 0.501 0.501 
0.500813 0.501006 0.500736 0.500738 0.50075 0.500813 0.501006 0.501006 0.50075 0.500813 0.501006 0.500813 0.501006 0.50075 0.500813 0.501006 0.501006 0.501006 0.501006 0.501006 
0.500818 0.501019 0.500736 0.500738 0.500752 0.500818 0.501019 0.501019 0.500752 0.500818 0.501019 0.500818 0.501019 0.500752 0.500818 0.501019 0.501019 0.501019 0.501019 0.501019 
0.50083 0.501038 0.500743 0.500745 0.50076 0.50083 0.501038 0.501038 0.50076 0.50083 0.501038 0.50083 0.501038 0.50076 0.50083 0.501038 0.501038 0.501038 0.501038 0.501038 
0.500849 0.501064 0.500757 0.50076 0.500775 0.500849 0.501064 0.501064 0.500775 0.500849 0.501064 0.500849 0.501064 0.500775 0.500849 0.501064 0.501064 0.501064 0.501064 0.501064 
0.500875 0.501098 0.500778 0.500781 0.500798 0.500875 0.501098 0.501098 0.500798 0.500875 0.501098 0.500875 0.501098 0.500798 0.500875 0.501098 0.501098 0.501098 0.501098 0.501098 
0.50091 0.50114 0.500808 0.500811 0.500829 0.50091 0.50114 0.50114 0.500829 0.50091 0.50114 0.50091 0.50114 0.500829 0.50091 0.50114 0.50114 0.50114 0.50114 0.50114 
0.500954 0.501192 0.500847 0.50085 0.500869 0.500954 0.501192 0.501192 0.500869 0.500954 0.501192 0.500954 0.501192 0.500869 0.500954 0.501192 0.501192 0.501192 0.501192 0.501192 
0.501009 0.501255 0.500895 0.500899 0.500919 0.501009 0.501255 0.501255 0.500919 0.501009 0.501255 0.501009 0.501255 0.500919 0.501009 0.501255 0.501255 0.501255 0.501255 0.501255 
0.501075 0.50133 0.500955 0.500959 0.500981 0.501075 0.50133 0.50133 0.500981 0.501075 0.50133 0.501075 0.50133 0.500981 0.501075 0.50133 0.50133 0.50133 0.50133 0.50133 
0.501155 0.501419 0.501028 0.501032 0.501056 0.501155 0.501419 0.501419 0.501056 0.501155 0.501419 0.501155 0.501419 0.501056 0.501155 0.501419 0.501419 0.501419 0.501419 0.501419 
0.50125 0.501523 0.501116 0.50112 0.501146 0.50125 0.501523 0.501523 0.501146 0.50125 0.501523 0.50125 0.501523 0.501146 0.50125 0.501523 0.501523 0.501523 0.501523 0.501523 
0.501363 0.501646 0.501221 0.501226 0.501253 0.501363 0.501646 0.501646 0.501253 0.501363 0.501646 0.501363 0.501646 0.501253 0.501363 0.501646 0.501646 0.501646 0.501646 0.501646 
0.501497 0.50179 0.501346 0.501351 0.501381 0.501497 0.50179 0.50179 0.501381 0.501497 0.50179 0.501497 0.50179 0.501381 0.501497 0.50179 0.50179 0.50179 0.50179 0.50179 
0.501655 0.501959 0.501494 0.5015 0.501532 0.501655 0.501959 0.501959 0.501532 0.501655 0.501959 0.501655 0.501959 0.501532 0.501655 0.501959 0.501959 0.501959 0.501959 0.501959 
0.501736 0.502052 0.501566 0.501572 0.501606 0.501736 0.502052 0.502052 0.501606 0.501736 0.502052 0.501736 0.502052 0.501606 0.501736 0.502052 0.502052 0.502052 0.502052 0.502052 
0.500855 0.501178 0.500679 0.500686 0.500721 0.500855 0.501178 0.501178 0.500721 0.500855 0.501178 0.500855 0.501178 0.500721 0.500855 0.501178 0.501178 0.501178 0.501178 0.501178 
0.500859 0.501189 0.500677 0.500684 0.500721 0.500859 0.501189 0.501189 0.500721 0.500859 0.501189 0.500859 0.501189 0.500721 0.500859 0.501189 0.501189 0.501189 0.501189 0.501189 
0.500874 0.501211 0.500686 0.500693 0.500731 0.500874 0.501211 0.501211 0.500731 0.500874 0.501211 0.500874 0.501211 0.500731 0.500874 0.501211 0.501211 0.501211 0.501211 0.501211 
0.5009 0.501246 0.500706 0.500714 0.500753 0.5009 0.501246 0.501246 0.500753 0.5009 0.501246 0.5009 0.501246 0.500753 0.5009 0.501246 0.501246 0.501246 0.501246 0.501246 
0.50094 0.501293 0.500739 0.500747 0.500788 0.50094 0.501293 0.501293 0.500788 0.50094 0.501293 0.50094 0.501293 0.500788 0.50094 0.501293 0.501293 0.501293 0.501293 0.501293 
0.500993 0.501354 0.500785 0.500793 0.500836 0.500993 0.501354 0.501354 0.500836 0.500993 0.501354 0.500993 0.501354 0.500836 0.500993 0.501354 0.501354 0.501354 0.501354 0.501354 
0.501061 0.501432 0.500846 0.500855 0.5009 0.501061 0.501432 0.501432 0.5009 0.501061 0.501432 0.501061 0.501432 0.5009 0.501061 0.501432 0.501432 0.501432 0.501432 0.501432 
0.501147 0.501527 0.500924 0.500934 0.500981 0.501147 0.501527 0.501527 0.500981 0.501147 0.501527 0.501147 0.501527 0.500981 0.501147 0.501527 0.501527 0.501527 0.501527 0.501527 
0.501253 0.501642 0.501022 0.501032 0.501081 0.501253 0.501642 0.501642 0.501081 0.501253 0.501642 0.501253 0.501642 0.501081 0.501253 0.501642 0.501642 0.501642 0.501642 0.501642 
0.501383 0.501782 0.501143 0.501153 0.501205 0.501383 0.501782 0.501782 0.501205 0.501383 0.501782 0.501383 0.501782 0.501205 0.501383 0.501782 0.501782 0.501782 0.501782 0.501782 
0.50154 0.50195 0.50129 0.501301 0.501355 0.50154 0.50195 0.50195 0.501355 0.50154 0.50195 0.50154 0.50195 0.501355 0.50154 0.50195 0.50195 0.50195 0.50195 0.50195 
0.50173 0.502151 0.501469 0.501481 0.501537 0.50173 0.502151 0.502151 0.501537 0.50173 0.502151 0.50173 0.502151 0.501537 0.50173 0.502151 0.502151 0.502151 0.502151 0.502151 
0.501804 0.502237 0.501531 0.501544 0.501604 0.501804 0.502237 0.502237 0.501604 0.501804 0.502237 0.501804 0.502237 0.501604 0.501804 0.502237 0.502237 0.502237 0.502237 0.502237 
0.500906 0.501347 0.500627 0.50064 0.500702 0.500906 0.501347 0.501347 0.500702 0.500906 0.501347 0.500906 0.501347 0.500702 0.500906 0.501347 0.501347 0.501347 0.501347 0.501347 
0.500914 0.501363 0.500628 0.500642 0.500705 0.500914 0.501363 0.501363 0.500705 0.500914 0.501363 0.500914 0.501363 0.500705 0.500914 0.501363 0.501363 0.501363 0.501363 0.501363 
0.500938 0.501395 0.500645 0.500659 0.500724 0.500938 0.501395 0.501395 0.500724 0.500938 0.501395 0.500938 0.501395 0.500724 0.500938 0.501395 0.501395 0.501395 0.501395 0.501395 
0.500978 0.501445 0.500678 0.500693 0.50076 0.500978 0.501445 0.501445 0.50076 0.500978 0.501445 0.500978 0.501445 0.50076 0.500978 0.501445 0.501445 0.501445 0.501445 0.501445 
0.501037 0.501512 0.500729 0.500744 0.500813 0.501037 0.501512 0.501512 0.500813 0.501037 0.501512 0.501037 0.501512 0.500813 0.501037 0.501512 0.501512 0.501512 0.501512 0.501512 
0.501115 0.5016 0.500799 0.500815 0.500886 0.501115 0.5016 0.5016 0.500886 0.501115 0.5016 0.501115 0.5016 0.500886 0.501115 0.5016 0.5016 0.5016 0.5016 0.5016 
0.501217 0.501711 0.500892 0.500909 0.500982 0.501217 0.501711 0.501711 0.500982 0.501217 0.501711 0.501217 0.501711 0.500982 0.501217 0.501711 0.501711 0.501711 0.501711 0.501711 
0.501345 0.50185 0.50101 0.501028 0.501104 0.501345 0.50185 0.50185 0.501104 0.501345 0.50185 0.501345 0.50185 0.501104 0.501345 0.50185 0.50185 0.50185 0.50185 0.50185 
0.501504 0.502019 0.501159 0.501177 0.501256 0.501504 0.502019 0.502019 0.501256 0.501504 0.502019 0.501504 0.502019 0.501256 0.501504 0.502019 0.502019 0.502019 0.502019 0.502019 
0.501699 0.502227 0.501343 0.501362 0.501444 0.501699 0.502227 0.502227 0.501444 0.501699 0.502227 0.501699 0.502227 0.501444 0.501699 0.502227 0.502227 0.502227 0.502227 0.502227 
0.501939 0.50248 0.50157 0.50159 0.501675 0.501939 0.50248 0.50248 0.501675 0.501939 0.50248 0.501939 0.50248 0.501675 0.501939 0.50248 0.50248 0.50248 0.50248 0.50248 
0.501042 0.501592 0.500666 0.500687 0.500774 0.501042 0.501592 0.501592 0.500774 0.501042 0.501592 0.501042 0.501592 0.500774 0.501042 0.501592 0.501592 0.501592 0.501592 0.501592 
0.500931 0.50149 0.500547 0.500569 0.500658 0.500931 0.50149 0.50149 0.500658 0.500931 0.50149 0.500931 0.50149 0.500658 0.500931 0.50149 0.50149 0.50149 0.50149 0.50149 
0.500956 0.501524 0.500565 0.500587 0.500679 0.500956 0.501524 0.501524 0.500679 0.500956 0.501524 0.500956 0.501524 0.500679 0.500956 0.501524 0.501524 0.501524 0.501524 0.501524 
0.501002 0.501579 0.500603 0.500626 0.500719 0.501002 0.501579 0.501579 0.500719 0.501002 0.501579 0.501002 0.501579 0.500719 0.501002 0.501579 0.501579 0.501579 0.501579 0.501579 
0.501071 0.501658 0.500663 0.500686 0.500783 0.501071 0.501658 0.501658 0.500783 0.501071 0.501658 0.501071 0.501658 0.500783 0.501071 0.501658 0.501658 0.501658 0.501658 0.501658 
0.501165 0.501761 0.500747 0.500772 0.50087 0.501165 0.501761 0.501761 0.50087 0.501165 0.501761 0.501165 0.501761 0.50087 0.501165 0.501761 0.501761 0.501761 0.501761 0.501761 
0.501287 0.501894 0.50086 0.500885 0.500987 0.501287 0.501894 0.501894 0.500987 0.501287 0.501894 0.501287 0.501894 0.500987 0.501287 0.501894 0.501894 0.501894 0.501894 0.501894 
0.501443 0.502062 0.501005 0.501031 0.501136 0.501443 0.502062 0.502062 0.501136 0.501443 0.502062 0.501443 0.502062 0.501136 0.501443 0.502062 0.502062 0.502062 0.502062 0.502062 
0.501638 0.50227 0.501189 0.501216 0.501324 0.501638 0.50227 0.50227 0.501324 0.501638 0.50227 0.501638 0.50227 0.501324 0.501638 0.50227 0.50227 0.50227 0.50227 0.50227 
0.501881 0.502527 0.501419 0.501448 0.501559 0.501881 0.502527 0.502527 0.501559 0.501881 0.502527 0.501881 0.502527 0.501559 0.501881 0.502527 0.502527 0.502527 0.502527 0.502527 
0.502183 0.502844 0.501707 0.501736 0.501851 0.502183 0.502844 0.502844 0.501851 0.502183 0.502844 0.502183 0.502844 0.501851 0.502183 0.502844 0.502844 0.502844 0.502844 0.502844 
0.50102 0.501689 0.500536 0.500567 0.500684 0.50102 0.501689 0.501689 0.500684 0.50102 0.501689 0.50102 0.501689 0.500684 0.50102 0.501689 0.501689 0.501689 0.501689 0.501689 
0.501034 0.501714 0.500542 0.500574 0.500693 0.501034 0.501714 0.501714 0.500693 0.501034 0.501714 0.501034 0.501714 0.500693 0.501034 0.501714 0.501714 0.501714 0.501714 0.501714 
0.501074 0.501764 0.500573 0.500605 0.500727 0.501074 0.501764 0.501764 0.500727 0.501074 0.501764 0.501074 0.501764 0.500727 0.501074 0.501764 0.501764 0.501764 0.501764 0.501764 
0.501141 0.501841 0.500631 0.500664 0.500788 0.501141 0.501841 0.501841 0.500788 0.501141 0.501841 0.501141 0.501841 0.500788 0.501141 0.501841 0.501841 0.501841 0.501841 0.501841 
0.501237 0.501949 0.500717 0.500751 0.500878 0.501237 0.501949 0.501949 0.500878 0.501237 0.501949 0.501237 0.501949 0.500878 0.501237 0.501949 0.501949 0.501949 0.501949 0.501949 
0.501367 0.502091 0.500837 0.500872 0.501002 0.501367 0.502091 0.502091 0.501002 0.501367 0.502091 0.501367 0.502091 0.501002 0.501367 0.502091 0.502091 0.502091 0.502091 0.502091 
0.501536 0.502273 0.500994 0.50103 0.501164 0.501536 0.502273 0.502273 0.501164 0.501536 0.502273 0.501536 0.502273 0.501164 0.501536 0.502273 0.502273 0.502273 0.502273 0.502273 
0.501752 0.502503 0.501198 0.501235 0.501372 0.501752 0.502503 0.502503 0.501372 0.501752 0.502503 0.501752 0.502503 0.501372 0.501752 0.502503 0.502503 0.502503 0.502503 0.502503 
0.502024 0.50279 0.501455 0.501494 0.501635 0.502024 0.50279 0.50279 0.501635 0.502024 0.50279 0.502024 0.50279 0.501635 0.502024 0.50279 0.50279 0.50279 0.50279 0.50279 
0.502365 0.503148 0.501781 0.501821 0.501967 0.502365 0.503148 0.503148 0.501967 0.502365 0.503148 0.502365 0.503148 0.501967 0.502365 0.503148 0.503148 0.503148 0.503148 0.503148 
0.501183 0.501976 0.500591 0.500632 0.50078 0.501183 0.501976 0.501976 0.50078 0.501183 0.501976 0.501183 0.501976 0.50078 0.501183 0.501976 0.501976 0.501976 0.501976 0.501976 
0.501157 0.501962 0.500555 0.500597 0.500748 0.501157 0.501962 0.501962 0.500748 0.501157 0.501962 0.501157 0.501962 0.500748 0.501157 0.501962 0.501962 0.501962 0.501962 0.501962 
0.501204 0.502022 0.500593 0.500636 0.50079 0.501204 0.502022 0.502022 0.50079 0.501204 0.502022 0.501204 0.502022 0.50079 0.501204 0.502022 0.502022 0.502022 0.502022 0.502022 
0.501286 0.502115 0.500665 0.500709 0.500865 0.501286 0.502115 0.502115 0.500865 0.501286 0.502115 0.501286 0.502115 0.500865 0.501286 0.502115 0.502115 0.502115 0.502115 0.502115 
0.501404 0.502247 0.500772 0.500818 0.500977 0.501404 0.502247 0.502247 0.500977 0.501404 0.502247 0.501404 0.502247 0.500977 0.501404 0.502247 0.502247 0.502247 0.502247 0.502247 
0.501566 0.502422 0.500922 0.500968 0.501131 0.501566 0.502422 0.502422 0.501131 0.501566 0.502422 0.501566 0.502422 0.501131 0.501566 0.502422 0.502422 0.502422 0.502422 0.502422 
0.501777 0.502649 0.50112 0.501168 0.501334 0.501777 0.502649 0.502649 0.501334 0.501777 0.502649 0.501777 0.502649 0.501334 0.501777 0.502649 0.502649 0.502649 0.502649 0.502649 
0.502048 0.502937 0.501377 0.501426 0.501597 0.502048 0.502937 0.502937 0.501597 0.502048 0.502937 0.502048 0.502937 0.501597 0.502048 0.502937 0.502937 0.502937 0.502937 0.502937 
0.502393 0.5033 0.501706 0.501757 0.501932 0.502393 0.5033 0.5033 0.501932 0.502393 0.5033 0.502393 0.5033 0.501932 0.502393 0.5033 0.5033 0.5033 0.5033 0.5033 
0.50283 0.503758 0.502124 0.502177 0.502357 0.50283 0.503758 0.503758 0.502357 0.50283 0.503758 0.50283 0.503758 0.502357 0.50283 0.503758 0.503758 0.503758 0.503758 0.503758 
0.501405 0.502344 0.50069 0.500744 0.500927 0.501405 0.502344 0.502344 0.500927 0.501405 0.502344 0.501405 0.502344 0.500927 0.501405 0.502344 0.502344 0.502344 0.502344 0.502344 
0.50143 0.502384 0.500705 0.50076 0.500946 0.50143 0.502384 0.502384 0.500946 0.50143 0.502384 0.50143 0.502384 0.500946 0.50143 0.502384 0.502384 0.502384 0.502384 0.502384 
0.501497 0.502466 0.50076 0.500817 0.501006 0.501497 0.502466 0.502466 0.501006 0.501497 0.502466 0.501497 0.502466 0.501006 0.501497 0.502466 0.502466 0.502466 0.502466 0.502466 
0.501608 0.502593 0.50086 0.500918 0.50111 0.501608 0.502593 0.502593 0.50111 0.501608 0.502593 0.501608 0.502593 0.50111 0.501608 0.502593 0.502593 0.502593 0.502593 0.502593 
0.501769 0.50277 0.501008 0.501067 0.501263 0.501769 0.50277 0.50277 0.501263 0.501769 0.50277 0.501769 0.50277 0.501263 0.501769 0.50277 0.50277 0.50277 0.50277 0.50277 
0.501988 0.503006 0.501212 0.501273 0.501473 0.501988 0.503006 0.503006 0.501473 0.501988 0.503006 0.501988 0.503006 0.501473 0.501988 0.503006 0.503006 0.503006 0.503006 0.503006 
0.502275 0.503312 0.501484 0.501546 0.501751 0.502275 0.503312 0.503312 0.501751 0.502275 0.503312 0.502275 0.503312 0.501751 0.502275 0.503312 0.503312 0.503312 0.503312 0.503312 
0.502646 0.503704 0.501837 0.501901 0.502111 0.502646 0.503704 0.503704 0.502111 0.502646 0.503704 0.502646 0.503704 0.502111 0.502646 0.503704 0.503704 0.503704 0.503704 0.503704 
0.503121 0.504203 0.502291 0.502358 0.502573 0.503121 0.504203 0.504203 0.502573 0.503121 0.504203 0.503121 0.504203 0.502573 0.503121 0.504203 0.504203 0.504203 0.504203 0.504203 
0.501531 0.502626 0.500693 0.500761 0.500979 0.501531 0.502626 0.502626 0.500979 0.501531 0.502626 0.501531 0.502626 0.500979 0.501531 0.502626 0.502626 0.502626 0.502626 0.502626 
0.501563 0.502675 0.500713 0.500782 0.501003 0.501563 0.502675 0.502675 0.501003 0.501563 0.502675 0.501563 0.502675 0.501003 0.501563 0.502675 0.502675 0.502675 0.502675 0.502675 
0.501644 0.502773 0.500782 0.500852 0.501077 0.501644 0.502773 0.502773 0.501077 0.501644 0.502773 0.501644 0.502773 0.501077 0.501644 0.502773 0.502773 0.502773 0.502773 0.502773 
0.501778 0.502925 0.500904 0.500975 0.501204 0.501778 0.502925 0.502925 0.501204 0.501778 0.502925 0.501778 0.502925 0.501204 0.501778 0.502925 0.502925 0.502925 0.502925 0.502925 
0.501974 0.503139 0.501084 0.501158 0.50139 0.501974 0.503139 0.503139 0.50139 0.501974 0.503139 0.501974 0.503139 0.50139 0.501974 0.503139 0.503139 0.503139 0.503139 0.503139 
0.502239 0.503426 0.501334 0.50141 0.501646 0.502239 0.503426 0.503426 0.501646 0.502239 0.503426 0.502239 0.503426 0.501646 0.502239 0.503426 0.503426 0.503426 0.503426 0.503426 
0.50259 0.503799 0.501668 0.501745 0.501987 0.50259 0.503799 0.503799 0.501987 0.50259 0.503799 0.50259 0.503799 0.501987 0.50259 0.503799 0.503799 0.503799 0.503799 0.503799 
0.503046 0.50428 0.502103 0.502183 0.50243 0.503046 0.50428 0.50428 0.50243 0.503046 0.50428 0.503046 0.50428 0.50243 0.503046 0.50428 0.50428 0.50428 0.50428 0.50428 
0.503634 0.504896 0.502668 0.50275 0.503004 0.503634 0.504896 0.504896 0.503004 0.503634 0.504896 0.503634 0.504896 0.503004 0.503634 0.504896 0.504896 0.504896 0.504896 0.504896 
0.501859 0.503137 0.500884 0.500967 0.501224 0.501859 0.503137 0.503137 0.501224 0.501859 0.503137 0.501859 0.503137 0.501224 0.501859 0.503137 0.503137 0.503137 0.503137 0.503137 
0.5019 0.503198 0.500912 0.500997 0.501257 0.5019 0.503198 0.503198 0.501257 0.5019 0.503198 0.5019 0.503198 0.501257 0.5019 0.503198 0.503198 0.503198 0.503198 0.503198 
0.502004 0.503323 0.501002 0.501088 0.501353 0.502004 0.503323 0.503323 0.501353 0.502004 0.503323 0.502004 0.503323 0.501353 0.502004 0.503323 0.503323 0.503323 0.503323 0.503323 
0.502176 0.503517 0.501159 0.501247 0.501516 0.502176 0.503517 0.503517 0.501516 0.502176 0.503517 0.502176 0.503517 0.501516 0.502176 0.503517 0.503517 0.503517 0.503517 0.503517 
0.502426 0.50379 0.501393 0.501483 0.501756 0.502426 0.50379 0.50379 0.501756 0.502426 0.50379 0.502426 0.50379 0.501756 0.502426 0.50379 0.50379 0.50379 0.50379 0.50379 
0.502768 0.504158 0.501716 0.501808 0.502087 0.502768 0.504158 0.504158 0.502087 0.502768 0.504158 0.502768 0.504158 0.502087 0.502768 0.504158 0.504158 0.504158 0.504158 0.504158 
0.503222 0.50464 0.502149 0.502243 0.502527 0.503222 0.50464 0.50464 0.502527 0.503222 0.50464 0.503222 0.50464 0.502527 0.503222 0.50464 0.50464 0.50464 0.50464 0.50464 
0.503815 0.505265 0.502718 0.502815 0.503106 0.503815 0.505265 0.505265 0.503106 0.503815 0.505265 0.503815 0.505265 0.503106 0.503815 0.505265 0.505265 0.505265 0.505265 0.505265 
0.503837 0.505318 0.502718 0.502818 0.503115 0.503837 0.505318 0.505318 0.503115 0.503837 0.505318 0.503837 0.505318 0.503115 0.503837 0.505318 0.505318 0.505318 0.505318 0.505318 
0.502396 0.503897 0.501264 0.501365 0.501666 0.502396 0.503897 0.503897 0.501666 0.502396 0.503897 0.502396 0.503897 0.501666 0.502396 0.503897 0.503897 0.503897 0.503897 0.503897 
0.502462 0.503989 0.501315 0.501418 0.501723 0.502462 0.503989 0.503989 0.501723 0.502462 0.503989 0.502462 0.503989 0.501723 0.502462 0.503989 0.503989 0.503989 0.503989 0.503989 
0.502612 0.504165 0.501448 0.501553 0.501862 0.502612 0.504165 0.504165 0.501862 0.502612 0.504165 0.502612 0.504165 0.501862 0.502612 0.504165 0.504165 0.504165 0.504165 0.504165 
0.502854 0.504435 0.501671 0.501778 0.502093 0.502854 0.504435 0.504435 0.502093 0.502854 0.504435 0.502854 0.504435 0.502093 0.502854 0.504435 0.504435 0.504435 0.504435 0.504435 
0.503202 0.504813 0.501999 0.502109 0.502429 0.503202 0.504813 0.504813 0.502429 0.503202 0.504813 0.503202 0.504813 0.502429 0.503202 0.504813 0.504813 0.504813 0.504813 0.504813 
0.503677 0.505322 0.502451 0.502564 0.50289 0.503677 0.505322 0.505322 0.50289 0.503677 0.505322 0.503677 0.505322 0.50289 0.503677 0.505322 0.505322 0.505322 0.505322 0.505322 
0.50431 0.505993 0.503058 0.503173 0.503507 0.50431 0.505993 0.505993 0.503507 0.50431 0.505993 0.50431 0.505993 0.503507 0.50431 0.505993 0.505993 0.505993 0.505993 0.505993 
0.505143 0.506869 0.50386 0.503979 0.504321 0.505143 0.506869 0.506869 0.504321 0.505143 0.506869 0.505143 0.506869 0.504321 0.505143 0.506869 0.506869 0.506869 0.506869 0.506869 
0.502732 0.504478 0.501439 0.501559 0.501904 0.502732 0.504478 0.504478 0.501904 0.502732 0.504478 0.502732 0.504478 0.501904 0.502732 0.504478 0.504478 0.504478 0.504478 0.504478 
0.5028 0.504576 0.501489 0.501611 0.501961 0.5028 0.504576 0.504576 0.501961 0.5028 0.504576 0.5028 0.504576 0.501961 0.5028 0.504576 0.504576 0.504576 0.504576 0.504576 
0.502968 0.504775 0.501639 0.501763 0.502118 0.502968 0.504775 0.504775 0.502118 0.502968 0.504775 0.502968 0.504775 0.502118 0.502968 0.504775 0.504775 0.504775 0.504775 0.504775 
0.503247 0.505087 0.501898 0.502024 0.502385 0.503247 0.505087 0.505087 0.502385 0.503247 0.505087 0.503247 0.505087 0.502385 0.503247 0.505087 0.505087 0.505087 0.505087 0.505087 
0.503654 0.50553 0.502281 0.502411 0.502777 0.503654 0.50553 0.50553 0.502777 0.503654 0.50553 0.503654 0.50553 0.502777 0.503654 0.50553 0.50553 0.50553 0.50553 0.50553 
0.504214 0.50613 0.502816 0.502948 0.503322 0.504214 0.50613 0.50613 0.503322 0.504214 0.50613 0.504214 0.50613 0.503322 0.504214 0.50613 0.50613 0.50613 0.50613 0.50613 
0.504966 0.506926 0.503538 0.503674 0.504055 0.504966 0.506926 0.506926 0.504055 0.504966 0.506926 0.504966 0.506926 0.504055 0.504966 0.506926 0.506926 0.506926 0.506926 0.506926 
0.505963 0.507974 0.5045 0.504639 0.50503 0.505963 0.507974 0.507974 0.50503 0.505963 0.507974 0.505963 0.507974 0.50503 0.505963 0.507974 0.507974 0.507974 0.507974 0.507974 
0.503241 0.505277 0.501767 0.501908 0.502302 0.503241 0.505277 0.505277 0.502302 0.503241 0.505277 0.503241 0.505277 0.502302 0.503241 0.505277 0.505277 0.505277 0.505277 0.505277 
0.503326 0.505398 0.501833 0.501976 0.502375 0.503326 0.505398 0.505398 0.502375 0.503326 0.505398 0.503326 0.505398 0.502375 0.503326 0.505398 0.505398 0.505398 0.505398 0.505398 
0.503537 0.505646 0.502022 0.502168 0.502572 0.503537 0.505646 0.505646 0.502572 0.503537 0.505646 0.503537 0.505646 0.502572 0.503537 0.505646 0.505646 0.505646 0.505646 0.505646 
0.503885 0.506034 0.502347 0.502495 0.502906 0.503885 0.506034 0.506034 0.502906 0.503885 0.506034 0.503885 0.506034 0.502906 0.503885 0.506034 0.506034 0.506034 0.506034 0.506034 
0.504394 0.506587 0.50283 0.502981 0.503399 0.504394 0.506587 0.506587 0.503399 0.504394 0.506587 0.504394 0.506587 0.503399 0.504394 0.506587 0.506587 0.506587 0.506587 0.506587 
0.505099 0.507341 0.503505 0.503659 0.504085 0.505099 0.507341 0.507341 0.504085 0.505099 0.507341 0.505099 0.507341 0.504085 0.505099 0.507341 0.507341 0.507341 0.507341 0.507341 
0.50605 0.508348 0.504421 0.504579 0.505014 0.50605 0.508348 0.508348 0.505014 0.50605 0.508348 0.50605 0.508348 0.505014 0.50605 0.508348 0.508348 0.508348 0.508348 0.508348 
0.50641 0.508764 0.504745 0.504908 0.505352 0.50641 0.508764 0.508764 0.505352 0.50641 0.508764 0.50641 0.508764 0.505352 0.50641 0.508764 0.508764 0.508764 0.508764 0.508764 
0.504025 0.506411 0.502346 0.50251 0.502958 0.504025 0.506411 0.506411 0.502958 0.504025 0.506411 0.504025 0.506411 0.502958 0.504025 0.506411 0.506411 0.506411 0.506411 0.506411 
0.504152 0.506582 0.50245 0.502617 0.503071 0.504152 0.506582 0.506582 0.503071 0.504152 0.506582 0.504152 0.506582 0.503071 0.504152 0.506582 0.506582 0.506582 0.506582 0.506582 
0.504441 0.506918 0.502714 0.502883 0.503344 0.504441 0.506918 0.506918 0.503344 0.504441 0.506918 0.504441 0.506918 0.503344 0.504441 0.506918 0.506918 0.506918 0.506918 0.506918 
0.50491 0.507438 0.503155 0.503327 0.503796 0.50491 0.507438 0.507438 0.503796 0.50491 0.507438 0.50491 0.507438 0.503796 0.50491 0.507438 0.507438 0.507438 0.507438 0.507438 
0.505593 0.508177 0.503805 0.503982 0.504458 0.505593 0.508177 0.508177 0.504458 0.505593 0.508177 0.505593 0.508177 0.504458 0.505593 0.508177 0.508177 0.508177 0.508177 0.508177 
0.506539 0.509186 0.504714 0.504894 0.505381 0.506539 0.509186 0.509186 0.505381 0.506539 0.509186 0.506539 0.509186 0.505381 0.506539 0.509186 0.509186 0.509186 0.509186 0.509186 
0.507821 0.510542 0.505953 0.506138 0.506636 0.507821 0.510542 0.510542 0.506636 0.507821 0.510542 0.507821 0.510542 0.506636 0.507821 0.510542 0.510542 0.510542 0.510542 0.510542 
0.504245 0.506995 0.502367 0.502553 0.503053 0.504245 0.506995 0.506995 0.503053 0.504245 0.506995 0.504245 0.506995 0.503053 0.504245 0.506995 0.506995 0.506995 0.506995 0.506995 
0.504373 0.507172 0.50247 0.502659 0.503165 0.504373 0.507172 0.507172 0.503165 0.504373 0.507172 0.504373 0.507172 0.503165 0.504373 0.507172 0.507172 0.507172 0.507172 0.507172 
0.504683 0.507535 0.502754 0.502946 0.503459 0.504683 0.507535 0.507535 0.503459 0.504683 0.507535 0.504683 0.507535 0.503459 0.504683 0.507535 0.507535 0.507535 0.507535 0.507535 
0.505199 0.508107 0.503239 0.503434 0.503955 0.505199 0.508107 0.508107 0.503955 0.505199 0.508107 0.505199 0.508107 0.503955 0.505199 0.508107 0.508107 0.508107 0.508107 0.508107 
0.505956 0.508928 0.503962 0.504161 0.504691 0.505956 0.508928 0.508928 0.504691 0.505956 0.508928 0.505956 0.508928 0.504691 0.505956 0.508928 0.508928 0.508928 0.508928 0.508928 
0.507014 0.510057 0.50498 0.505183 0.505722 0.507014 0.510057 0.510057 0.505722 0.507014 0.510057 0.507014 0.510057 0.505722 0.507014 0.510057 0.510057 0.510057 0.510057 0.510057 
0.503371 0.506438 0.501331 0.501535 0.502076 0.503371 0.506438 0.506438 0.502076 0.503371 0.506438 0.503371 0.506438 0.502076 0.503371 0.506438 0.506438 0.506438 0.506438 0.506438 
0.503495 0.506607 0.501433 0.501639 0.502185 0.503495 0.506607 0.506607 0.502185 0.503495 0.506607 0.503495 0.506607 0.502185 0.503495 0.506607 0.506607 0.506607 0.506607 0.506607 
0.503793 0.506955 0.501707 0.501915 0.502468 0.503793 0.506955 0.506955 0.502468 0.503793 0.506955 0.503793 0.506955 0.502468 0.503793 0.506955 0.506955 0.506955 0.506955 0.506955 
0.504289 0.507505 0.502175 0.502386 0.502946 0.504289 0.507505 0.507505 0.502946 0.504289 0.507505 0.504289 0.507505 0.502946 0.504289 0.507505 0.507505 0.507505 0.507505 0.507505 
0.505018 0.508294 0.502873 0.503087 0.503655 0.505018 0.508294 0.508294 0.503655 0.505018 0.508294 0.505018 0.508294 0.503655 0.505018 0.508294 0.508294 0.508294 0.508294 0.508294 
0.506039 0.509383 0.503856 0.504075 0.504652 0.506039 0.509383 0.509383 0.504652 0.506039 0.509383 0.506039 0.509383 0.504652 0.506039 0.509383 0.509383 0.509383 0.509383 0.509383 
0.505145 0.508541 0.502938 0.503159 0.503742 0.505145 0.508541 0.508541 0.503742 0.505145 0.508541 0.505145 0.508541 0.503742 0.505145 0.508541 0.508541 0.508541 0.508541 0.508541 
0.503585 0.507021 0.501363 0.501585 0.502172 0.503585 0.507021 0.507021 0.502172 0.503585 0.507021 0.503585 0.507021 0.502172 0.503585 0.507021 0.507021 0.507021 0.507021 0.507021 
0.503777 0.507264 0.50153 0.501755 0.502347 0.503777 0.507264 0.507264 0.502347 0.503777 0.507264 0.503777 0.507264 0.502347 0.503777 0.507264 0.507264 0.507264 0.507264 0.507264 
0.504173 0.507716 0.501899 0.502127 0.502726 0.504173 0.507716 0.507716 0.502726 0.504173 0.507716 0.504173 0.507716 0.502726 0.504173 0.507716 0.507716 0.507716 0.507716 0.507716 
0.504803 0.508409 0.502499 0.50273 0.503337 0.504803 0.508409 0.508409 0.503337 0.504803 0.508409 0.504803 0.508409 0.503337 0.504803 0.508409 0.508409 0.508409 0.508409 0.508409 
0.505719 0.509395 0.503379 0.503614 0.504229 0.505719 0.509395 0.509395 0.504229 0.505719 0.509395 0.505719 0.509395 0.504229 0.505719 0.509395 0.509395 0.509395 0.509395 0.509395 
0.50572 0.50946 0.503348 0.503586 0.504209 0.50572 0.50946 0.50946 0.504209 0.50572 0.50946 0.50572 0.50946 0.504209 0.50572 0.50946 0.50946 0.50946 0.50946 0.50946 
0.503205 0.506976 0.500824 0.501062 0.501688 0.503205 0.506976 0.506976 0.501688 0.503205 0.506976 0.503205 0.506976 0.501688 0.503205 0.506976 0.506976 0.506976 0.506976 0.506976 
0.50338 0.507204 0.500976 0.501217 0.501848 0.50338 0.507204 0.507204 0.501848 0.50338 0.507204 0.50338 0.507204 0.501848 0.50338 0.507204 0.507204 0.507204 0.507204 0.507204 
0.503765 0.507646 0.501335 0.501578 0.502215 0.503765 0.507646 0.507646 0.502215 0.503765 0.507646 0.503765 0.507646 0.502215 0.503765 0.507646 0.507646 0.507646 0.507646 0.507646 
0.504389 0.508333 0.501929 0.502176 0.50282 0.504389 0.508333 0.508333 0.50282 0.504389 0.508333 0.504389 0.508333 0.50282 0.504389 0.508333 0.508333 0.508333 0.508333 0.508333 
0.505304 0.509319 0.502809 0.503059 0.503711 0.505304 0.509319 0.509319 0.503711 0.505304 0.509319 0.505304 0.509319 0.503711 0.505304 0.509319 0.509319 0.509319 0.509319 0.509319 
0.505707 0.509793 0.503178 0.503431 0.504092 0.505707 0.509793 0.509793 0.504092 0.505707 0.509793 0.505707 0.509793 0.504092 0.505707 0.509793 0.509793 0.509793 0.509793 0.509793 
0.502898 0.507012 0.500363 0.500616 0.501278 0.502898 0.507012 0.507012 0.501278 0.502898 0.507012 0.502898 0.507012 0.501278 0.502898 0.507012 0.507012 0.507012 0.507012 0.507012 
0.503075 0.507243 0.500517 0.500772 0.50144 0.503075 0.507243 0.507243 0.50144 0.503075 0.507243 0.503075 0.507243 0.50144 0.503075 0.507243 0.507243 0.507243 0.507243 0.507243 
0.50347 0.507695 0.500885 0.501143 0.501817 0.50347 0.507695 0.507695 0.501817 0.50347 0.507695 0.50347 0.507695 0.501817 0.50347 0.507695 0.507695 0.507695 0.507695 0.507695 
0.504113 0.508404 0.5015 0.50176 0.502441 0.504113 0.508404 0.508404 0.502441 0.504113 0.508404 0.504113 0.508404 0.502441 0.504113 0.508404 0.508404 0.508404 0.508404 0.508404 
0.505061 0.509426 0.502413 0.502677 0.503366 0.505061 0.509426 0.509426 0.503366 0.505061 0.509426 0.505061 0.509426 0.503366 0.505061 0.509426 0.509426 0.509426 0.509426 0.509426 
0.504117 0.508533 0.501446 0.501712 0.502406 0.504117 0.508533 0.508533 0.502406 0.504117 0.508533 0.504117 0.508533 0.502406 0.504117 0.508533 0.508533 0.508533 0.508533 0.508533 
0.502774 0.507232 0.500089 0.500357 0.501053 0.502774 0.507232 0.507232 0.501053 0.502774 0.507232 0.502774 0.507232 0.501053 0.502774 0.507232 0.507232 0.507232 0.507232 0.507232 
0.502889 0.507402 0.500182 0.500452 0.501153 0.502889 0.507402 0.507402 0.501153 0.502889 0.507402 0.502889 0.507402 0.501153 0.502889 0.507402 0.507402 0.507402 0.507402 0.507402 
0.503277 0.507851 0.500545 0.500817 0.501525 0.503277 0.507851 0.507851 0.501525 0.503277 0.507851 0.503277 0.507851 0.501525 0.503277 0.507851 0.507851 0.507851 0.507851 0.507851 
0.503927 0.508568 0.501165 0.50144 0.502154 0.503927 0.508568 0.508568 0.502154 0.503927 0.508568 0.503927 0.508568 0.502154 0.503927 0.508568 0.508568 0.508568 0.508568 0.508568 
0.504894 0.509612 0.502097 0.502374 0.503097 0.504894 0.509612 0.509612 0.503097 0.504894 0.509612 0.504894 0.509612 0.503097 0.504894 0.509612 0.509612 0.509612 0.509612 0.509612 
0.501712 0.506448 0.498914 0.499191 0.499914 0.501712 0.506448 0.506448 0.499914 0.501712 0.506448 0.501712 0.506448 0.499914 0.501712 0.506448 0.506448 0.506448 0.506448 0.506448 
0.498745 0.50348 0.495954 0.49623 0.496951 0.498745 0.50348 0.50348 0.496951 0.498745 0.50348 0.498745 0.50348 0.496951 0.498745 0.50348 0.50348 0.50348 0.50348 0.50348 
0.497005 0.501738 0.494218 0.494494 0.495213 0.497005 0.501738 0.501738 0.495213 0.497005 0.501738 0.497005 0.501738 0.495213 0.497005 0.501738 0.501738 0.501738 0.501738 0.501738 
0.496141 0.500873 0.493355 0.493631 0.49435 0.496141 0.500873 0.500873 0.49435 0.496141 0.500873 0.496141 0.500873 0.49435 0.496141 0.500873 0.500873 0.500873 0.500873 0.500873 
0.496219 0.50096 0.493429 0.493706 0.494426 0.496219 0.50096 0.50096 0.494426 0.496219 0.50096 0.496219 0.50096 0.494426 0.496219 0.50096 0.50096 0.50096 0.50096 0.50096 
0.496304 0.501055 0.49351 0.493787 0.494508 0.496304 0.501055 0.501055 0.494508 0.496304 0.501055 0.496304 0.501055 0.494508 0.496304 0.501055 0.501055 0.501055 0.501055 0.501055 
0.496277 0.501038 0.49348 0.493757 0.494478 0.496277 0.501038 0.501038 0.494478 0.496277 0.501038 0.496277 0.501038 0.494478 0.496277 0.501038 0.501038 0.501038 0.501038 0.501038 
0.495677 0.500437 0.492881 0.493158 0.493879 0.495677 0.500437 0.500437 0.493879 0.495677 0.500437 0.495677 0.500437 0.493879 0.495677 0.500437 0.500437 0.500437 0.500437 0.500437 
0.49534 0.500099 0.492545 0.492821 0.493542 0.49534 0.500099 0.500099 0.493542 0.49534 0.500099 0.49534 0.500099 0.493542 0.49534 0.500099 0.500099 0.500099 0.500099 0.500099 
0.495169 0.499928 0.492374 0.492651 0.493372 0.495169 0.499928 0.499928 0.493372 0.495169 0.499928 0.495169 0.499928 0.493372 0.495169 0.499928 0.499928 0.499928 0.499928 0.499928 
0.495056 0.499814 0.492261 0.492538 0.493258 0.495056 0.499814 0.499814 0.493258 0.495056 0.499814 0.495056 0.499814 0.493258 0.495056 0.499814 0.499814 0.499814 0.499814 0.499814 
0.495068 0.499827 0.492273 0.49255 0.49327 0.495068 0.499827 0.499827 0.49327 0.495068 0.499827 0.495068 0.499827 0.49327 0.495068 0.499827 0.499827 0.499827 0.499827 0.499827 
0.49507 0.49983 0.492275 0.492552 0.493273 0.49507 0.49983 0.49983 0.493273 0.49507 0.49983 0.49507 0.49983 0.493273 0.49507 0.49983 0.49983 0.49983 0.49983 0.49983 
0.495002 0.499761 0.492207 0.492484 0.493204 0.495002 0.499761 0.499761 0.493204 0.495002 0.499761 0.495002 0.499761 0.493204 0.495002 0.499761 0.499761 0.499761 0.499761 0.499761 
0.494966 0.499725 0.492171 0.492448 0.493169 0.494966 0.499725 0.499725 0.493169 0.494966 0.499725 0.494966 0.499725 0.493169 0.494966 0.499725 0.499725 0.499725 0.499725 0.499725 
0.494966 0.499725 0.492171 0.492448 0.493169 0.494966 0.499725 0.499725 0.493169 0.494966 0.499725 0.494966 0.499725 0.493169 0.494966 0.499725 0.499725 0.499725 0.499725 0.499725 
0.494966 0.499725 0.492171 0.492448 0.493169 0.494966 0.499725 0.499725 0.493169 0.494966 0.499725 0.494966 0.499725 0.493169 0.494966 0.499725 0.499725 0.499725 0.499725 0.499725 
0.494966 0.499725 0.492171 0.492448 0.493169 0.494966 0.499725 0.499725 0.493169 0.494966 0.499725 0.494966 0.499725 0.493169 0.494966 0.499725 0.499725 0.499725 0.499725 0.499725 
0.494966 0.499725 0.492171 0.492448 0.493169 0.494966 0.499725 0.499725 0.493169 0.494966 0.499725 0.494966 0.499725 0.493169 0.494966 0.499725 0.499725 0.499725 0.499725 0.499725 
0.494966 0.499725 0.492171 0.492448 0.493169 0.494966 0.499725 0.499725 0.493169 0.494966 0.499725 0.494966 0.499725 0.493169 0.494966 0.499725 0.499725 0.499725 0.499725 0.499725 
0.494966 0.499725 0.492171 0.492448 0.493169 0.494966 0.499725 0.499725 0.493169 0.494966 0.499725 0.494966 0.499725 0.493169 0.494966 0.499725 0.499725 0.499725 0.499725 0.499725 
0.494966 0.499725 0.492171 0.492448 0.493169 0.494966 0.499725 0.499725 0.493169 0.494966 0.499725 0.494966 0.499725 0.493169 0.494966 0.499725 0.499725 0.499725 0.499725 0.499725 
0.494966 0.499725 0.492171 0.492448 0.493169 0.494966 0.499725 0.499725 0.493169 0.494966 0.499725 0.494966 0.499725 0.493169 0.494966 0.499725 0.499725 0.499725 0.499725 0.499725 
0.494966 0.499725 0.492171 0.492448 0.493169 0.494966 0.499725 0.499725 0.493169 0.494966 0.499725 0.494966 0.499725 0.493169 0.494966 0.499725 0.499725 0.499725 0.499725 0.499725 
0.494966 0.499725 0.492171 0.492448 0.493169 0.494966 0.499725 0.499725 0.493169 0.494966 0.499725 0.494966 0.499725 0.493169 0.494966 0.499725 0.499725 0.499725 0.499725 0.499725 
0.494966 0.499725 0.492171 0.492448 0.493169 0.494966 0.499725 0.499725 0.493169 0.494966 0.499725 0.494966 0.499725 0.493169 0.494966 0.499725 0.499725 0.499725 0.499725 0.499725 
0.494966 0.499725 0.492171 0.492448 0.493169 0.494966 0.499725 0.499725 0.493169 0.494966 0.499725 0.494966 0.499725 0.493169 0.494966 0.499725 0.499725 0.499725 0.499725 0.499725 
0.494966 0.499725 0.492171 0.492448 0.493169 0.494966 0.499725 0.499725 0.493169 0.494966 0.499725 0.494966 0.499725 0.493169 0.494966 0.499725 0.499725 0.499725 0.499725 0.499725 
0.494966 0.499725 0.492171 0.492448 0.493169 0.494966 0.499725 0.499725 0.493169 0.494966 0.499725 0.494966 0.499725 0.493169 0.494966 0.499725 0.499725 0.499725 0.499725 0.499725 
0.494966 0.499725 0.492171 0.492448 0.493169 0.494966 0.499725 0.499725 0.493169 0.494966 0.499725 0.494966 0.499725 0.493169 0.494966 0.499725 0.499725 0.499725 0.499725 0.499725 
0.494966 0.499725 0.492171 0.492448 0.493169 0.494966 0.499725 0.499725 0.493169 0.494966 0.499725 0.494966 0.499725 0.493169 0.494966 0.499725 0.499725 0.499725 0.499725 0.499725 
0.494966 0.499725 0.492171 0.492448 0.493169 0.494966 0.499725 0.499725 0.493169 0.494966 0.499725 0.494966 0.499725 0.493169 0.494966 0.499725 0.499725 0.499725 0.499725 0.499725 
0.494966 0.499725 0.492171 0.492448 0.493169 0.494966 0.499725 0.499725 0.493169 0.494966 0.499725 0.494966 0.499725 0.493169 0.494966 0.499725 0.499725 0.499725 0.499725 0.499725 
0.494966 0.499725 0.492171 0.492448 0.493169 0.494966 0.499725 0.499725 0.493169 0.494966 0.499725 0.494966 0.499725 0.493169 0.494966 0.499725 0.499725 0.499725 0.499725 0.499725 
0.494966 0.499725 0.492171 0.492448 0.493169 0.494966 0.499725 0.499725 0.493169 0.494966 0.499725 0.494966 0.499725 0.493169 0.494966 0.499725 0.499725 0.499725 0.499725 0.499725 
0.494966 0.499725 0.492171 0.492448 0.493169 0.494966 0.499725 0.499725 0.493169 0.494966 0.499725 0.494966 0.499725 0.493169 0.494966 0.499725 0.499725 0.499725 0.499725 0.499725 
0.494966 0.499725 0.492171 0.492448 0.493169 0.494966 0.499725 0.499725 0.493169 0.494966 0.499725 0.494966 0.499725 0.493169 0.494966 0.499725 0.499725 0.499725 0.499725 0.499725 
0.494966 0.499725 0.492171 0.492448 0.493169 0.494966 0.499725 0.499725 0.493169 0.494966 0.499725 0.494966 0.499725 0.493169 0.494966 0.499725 0.499725 0.499725 0.499725 0.499725 
0.494966 0.499725 0.492171 0.492448 0.493169 0.494966 0.499725 0.499725 0.493169 0.494966 0.499725 0.494966 0.499725 0.493169 0.494966 0.499725 0.499725 0.499725 0.499725 0.499725 
0.494966 0.499725 0.492171 0.492448 0.493169 0.494966 0.499725 0.499725 0.493169 0.494966 0.499725 0.494966 0.499725 0.493169 0.494966 0.499725 0.499725 0.499725 0.499725 0.499725 
0.494966 0.499725 0.492171 0.492448 0.493169 0.494966 0.499725 0.499725 0.493169 0.494966 0.499725 0.494966 0.499725 0.493169 0.494966 0.499725 0.499725 0.499725 0.499725 0.499725 
0.494966 0.499725 0.492171 0.492448 0.493169 0.494966 0.499725 0.499725 0.493169 0.494966 0.499725 0.494966 0.499725 0.493169 0.494966 0.499725 0.499725 0.499725 0.499725 0.499725 
0.494966 0.499725 0.492171 0.492448 0.493169 0.494966 0.499725 0.499725 0.493169 0.494966 0.499725 0.494966 0.499725 0.493169 0.494966 0.499725 0.499725 0.499725 0.499725 0.499725 
0.494966 0.499725 0.492171 0.492448 0.493169 0.494966 0.499725 0.499725 0.493169 0.494966 0.499725 0.494966 0.499725 0.493169 0.494966 0.499725 0.499725 0.499725 0.499725 0.499725 
0.494966 0.499725 0.492171 0.492448 0.493169 0.494966 0.499725 0.499725 0.493169 0.494966 0.499725 0.494966 0.499725 0.493169 0.494966 0.499725 0.499725 0.499725 0.499725 0.499725 
0.494966 0.499725 0.492171 0.492448 0.493169 0.494966 0.499725 0.499725 0.493169 0.494966 0.499725 0.494966 0.499725 0.493169 0.494966 0.499725 0.499725 0.499725 0.499725 0.499725 
0.494966 0.499725 0.492171 0.492448 0.493169 0.494966 0.499725 0.499725 0.493169 0.494966 0.499725 0.494966 0.499725 0.493169 0.494966 0.499725 0.499725 0.499725 0.499725 0.499725 
0.494966 0.499725 0.492171 0.492448 0.493169 0.494966 0.499725 0.499725 0.493169 0.494966 0.499725 0.494966 0.499725 0.493169 0.494966 0.499725 0.499725 0.499725 0.499725 0.499725 
0.494966 0.499725 0.492171 0.492448 0.493169 0.494966 0.499725 0.499725 0.493169 0.494966 0.499725 0.494966 0.499725 0.493169 0.494966 0.499725 0.499725 0.499725 0.499725 0.499725 
0.494966 0.499725 0.492171 0.492448 0.493169 0.494966 0.499725 0.499725 0.493169 0.494966 0.499725 0.494966 0.499725 0.493169 0.494966 0.499725 0.499725 0.499725 0.499725 0.499725 
0.494966 0.499725 0.492171 0.492448 0.493169 0.494966 0.499725 0.499725 0.493169 0.494966 0.499725 0.494966 0.499725 0.493169 0.494966 0.499725 0.499725 0.499725 0.499725 0.499725 
0.494966 0.499725 0.492171 0.492448 0.493169 0.494966 0.499725 0.499725 0.493169 0.494966 0.499725 0.494966 0.499725 0.493169 0.494966 0.499725 0.499725 0.499725 0.499725 0.499725 
0.494966 0.499725 0.492171 0.492448 0.493169 0.494966 0.499725 0.499725 0.493169 0.494966 0.499725 0.494966 0.499725 0.493169 0.494966 0.499725 0.499725 0.499725 0.499725 0.499725 
0.494966 0.499725 0.492171 0.492448 0.493169 0.494966 0.499725 0.499725 0.493169 0.494966 0.499725 0.494966 0.499725 0.493169 0.494966 0.499725 0.499725 0.499725 0.499725 0.499725 
0.494966 0.499725 0.492171 0.492448 0.493169 0.494966 0.499725 0.499725 0.493169 0.494966 0.499725 0.494966 0.499725 0.493169 0.494966 0.499725 0.499725 0.499725 0.499725 0.499725 
0.494966 0.499725 0.492171 0.492448 0.493169 0.494966 0.499725 0.499725 0.493169 0.494966 0.499725 0.494966 0.499725 0.493169 0.494966 0.499725 0.499725 0.499725 0.499725 0.499725 
0.494966 0.499725 0.492171 0.492448 0.493169 0.494966 0.499725 0.499725 0.493169 0.494966 0.499725 0.494966 0.499725 0.493169 0.494966 0.499725 0.499725 0.499725 0.499725 0.499725 
0.494966 0.499725 0.492171 0.492448 0.493169 0.494966 0.499725 0.499725 0.493169 0.494966 0.499725 0.494966 0.499725 0.493169 0.494966 0.499725 0.499725 0.499725 0.499725 0.499725 
0.494966 0.499725 0.492171 0.492448 0.493169 0.494966 0.499725 0.499725 0.493169 0.494966 0.499725 0.494966 0.499725 0.493169 0.494966 0.499725 0.499725 0.499725 0.499725 0.499725 
0.494966 0.499725 0.492171 0.492448 0.493169 0.494966 0.499725 0.499725 0.493169 0.494966 0.499725 0.494966 0.499725 0.493169 0.494966 0.499725 0.499725 0.499725 0.499725 0.499725 
0.494966 0.499725 0.492171 0.492448 0.493169 0.494966 0.499725 0.499725 0.493169 0.494966 0.499725 0.494966 0.499725 0.493169 0.494966 0.499725 0.499725 0.499725 0.499725 0.499725 
0.494966 0.499725 0.492171 0.492448 0.493169 0.494966 0.499725 0.499725 0.493169 0.494966 0.499725 0.494966 0.499725 0.493169 0.494966 0.499725 0.499725 0.499725 0.499725 0.499725 
0.494966 0.499725 0.492171 0.492448 0.493169 0.494966 0.499725 0.499725 0.493169 0.494966 0.499725 0.494966 0.499725 0.493169 0.494966 0.499725 0.499725 0.499725 0.499725 0.499725 
0.494966 0.499725 0.492171 0.492448 0.493169 0.494966 0.499725 0.499725 0.493169 0.494966 0.499725 0.494966 0.499725 0.493169 0.494966 0.499725 0.499725 0.499725 0.499725 0.499725 
0.494966 0.499725 0.492171 0.492448 0.493169 0.494966 0.499725 0.499725 0.493169 0.494966 0.499725 0.494966 0.499725 0.493169 0.494966 0.499725 0.499725 0.499725 0.499725 0.499725 
0.494966 0.499725 0.492171 0.492448 0.493169 0.494966 0.499725 0.499725 0.493169 0.494966 0.499725 0.494966 0.499725 0.493169 0.494966 0.499725 0.499725 0.499725 0.499725 0.499725 
0.494966 0.499725 0.492171 0.492448 0.493169 0.494966 0.499725 0.499725 0.493169 0.494966 0.499725 0.494966 0.499725 0.493169 0.494966 0.499725 0.499725 0.499725 0.499725 0.499725 
0.494966 0.499725 0.492171 0.492448 0.493169 0.494966 0.499725 0.499725 0.493169 0.494966 0.499725 0.494966 0.499725 0.493169 0.494966 0.499725 0.499725 0.499725 0.499725 0.499725 
0.494966 0.499725 0.492171 0.492448 0.493169 0.494966 0.499725 0.499725 0.493169 0.494966 0.499725 0.494966 0.499725 0.493169 0.494966 0.499725 0.499725 0.499725 0.499725 0.499725 
0.494966 0.499725 0.492171 0.492448 0.493169 0.494966 0.499725 0.499725 0.493169 0.494966 0.499725 0.494966 0.499725 0.493169 0.494966 0.499725 0.499725 0.499725 0.499725 0.499725 
0.494966 0.499725 0.492171 0.492448 0.493169 0.494966 0.499725 0.499725 0.493169 0.494966 0.499725 0.494966 0.499725 0.493169 0.494966 0.499725 0.499725 0.499725 0.499725 0.499725 
0.494966 0.499725 0.492171 0.492448 0.493169 0.494966 0.499725 0.499725 0.493169 0.494966 0.499725 0.494966 0.499725 0.493169 0.494966 0.499725 0.499725 0.499725 0.499725 0.499725 
0.494966 0.499725 0.492171 0.492448 0.493169 0.494966 0.499725 0.499725 0.493169 0.494966 0.499725 0.494966 0.499725 0.493169 0.494966 0.499725 0.499725 0.499725 0.499725 0.499725 
0.494966 0.499725 0.492171 0.492448 0.493169 0.494966 0.499725 0.499725 0.493169 0.494966 0.499725 0.494966 0.499725 0.493169 0.494966 0.499725 0.499725 0.499725 0.499725 0.499725 
0.494966 0.499725 0.492171 0.492448 0.493169 0.494966 0.499725 0.499725 0.493169 0.494966 0.499725 0.494966 0.499725 0.493169 0.494966 0.499725 0.499725 0.499725 0.499725 0.499725 
0.494966 0.499725 0.492171 0.492448 0.493169 0.494966 0.499725 0.499725 0.493169 0.494966 0.499725 0.494966 0.499725 0.493169 0.494966 0.499725 0.499725 0.499725 0.499725 0.499725 
0.494966 0.499725 0.492171 0.492448 0.493169 0.494966 0.499725 0.499725 0.493169 0.494966 0.499725 0.494966 0.499725 0.493169 0.494966 0.499725 0.499725 0.499725 0.499725 0.499725 
0.494966 0.499725 0.492171 0.492448 0.493169 0.494966 0.499725 0.499725 0.493169 0.494966 0.499725 0.494966 0.499725 0.493169 0.494966 0.499725 0.499725 0.499725 0.499725 0.499725 
0.494966 0.499725 0.492171 0.492448 0.493169 0.494966 0.499725 0.499725 0.493169 0.494966 0.499725 0.494966 0.499725 0.493169 0.494966 0.499725 0.499725 0.499725 0.499725 0.499725 
0.494966 0.499725 0.492171 0.492448 0.493169 0.494966 0.499725 0.499725 0.493169 0.494966 0.499725 0.494966 0.499725 0.493169 0.494966 0.499725 0.499725 0.499725 0.499725 0.499725 
0.494966 0.499725 0.492171 0.492448 0.493169 0.494966 0.499725 0.499725 0.493169 0.494966 0.499725 0.494966 0.499725 0.493169 0.494966 0.499725 0.499725 0.499725 0.499725 0.499725 
0.494966 0.499725 0.492171 0.492448 0.493169 0.494966 0.499725 0.499725 0.493169 0.494966 0.499725 0.494966 0.499725 0.493169 0.494966 0.499725 0.499725 0.499725 0.499725 0.499725 
0.494966 0.499725 0.492171 0.492448 0.493169 0.494966 0.499725 0.499725 0.493169 0.494966 0.499725 0.494966 0.499725 0.493169 0.494966 0.499725 0.499725 0.499725 0.499725 0.499725 
0.494966 0.499725 0.492171 0.492448 0.493169 0.494966 0.499725 0.499725 0.493169 0.494966 0.499725 0.494966 0.499725 0.493169 0.494966 0.499725 0.499725 0.499725 0.499725 0.499725 
0.494966 0.499725 0.492171 0.492448 0.493169 0.494966 0.499725 0.499725 0.493169 0.494966 0.499725 0.494966 0.499725 0.493169 0.494966 0.499725 0.499725 0.499725 0.499725 0.499725 
0.494966 0.499725 0.492171 0.492448 0.493169 0.494966 0.499725 0.499725 0.493169 0.494966 0.499725 0.494966 0.499725 0.493169 0.494966 0.499725 0.499725 0.499725 0.499725 0.499725 
0.494966 0.499725 0.492171 0.492448 0.493169 0.494966 0.499725 0.499725 0.493169 0.494966 0.499725 0.494966 0.499725 0.493169 0.494966 0.499725 0.499725 0.499725 0.499725 0.499725 
0.494966 0.499725 0.492171 0.492448 0.493169 0.494966 0.499725 0.499725 0.493169 0.494966 0.499725 0.494966 0.499725 0.493169 0.494966 0.499725 0.499725 0.499725 0.499725 0.499725 
0.494966 0.499725 0.492171 0.492448 0.493169 0.494966 0.499725 0.499725 0.493169 0.494966 0.499725 0.494966 0.499725 0.493169 0.494966 0.499725 0.499725 0.499725 0.499725 0.499725 
0.494966 0.499725 0.492171 0.492448 0.493169 0.494966 0.499725 0.499725 0.493169 0.494966 0.499725 0.494966 0.499725 0.493169 0.494966 0.499725 0.499725 0.499725 0.499725 0.499725 
0.494966 0.499725 0.492171 0.492448 0.493169 0.494966 0.499725 0.499725 0.493169 0.494966 0.499725 0.494966 0.499725 0.493169 0.494966 0.499725 0.499725 0.499725 0.499725 0.499725 
0.494966 0.499725 0.492171 0.492448 0.493169 0.494966 0.499725 0.499725 0.493169 0.494966 0.499725 0.494966 0.499725 0.493169 0.494966 0.499725 0.499725 0.499725 0.499725 0.499725 
0.494966 0.499725 0.492171 0.492448 0.493169 0.494966 0.499725 0.499725 0.493169 0.494966 0.499725 0.494966 0.499725 0.493169 0.494966 0.499725 0.499725 0.499725 0.499725 0.499725 
0.494966 0.499725 0.492171 0.492448 0.493169 0.494966 0.499725 0.499725 0.493169 0.494966 0.499725 0.494966 0.499725 0.493169 0.494966 0.499725 0.499725 0.499725 0.499725 0.499725 
0.494966 0.499725 0.492171 0.492448 0.493169 0.494966 0.499725 0.499725 0.493169 0.494966 0.499725 0.494966 0.499725 0.493169 0.494966 0.499725 0.499725 0.499725 0.499725 0.499725 
0.494966 0.499725 0.492171 0.492448 0.493169 0.494966 0.499725 0.499725 0.493169 0.494966 0.499725 0.494966 0.499725 0.493169 0.494966 0.499725 0.499725 0.499725 0.499725 0.499725 
0.494966 0.499725 0.492171 0.492448 0.493169 0.494966 0.499725 0.499725 0.493169 0.494966 0.499725 0.494966 0.499725 0.493169 0.494966 0.499725 0.499725 0.499725 0.499725 0.499725 
0.494966 0.499725 0.492171 0.492448 0.493169 0.494966 0.499725 0.499725 0.493169 0.494966 0.499725 0.494966 0.499725 0.493169 0.494966 0.499725 0.499725 0.499725 0.499725 0.499725 
0.494966 0.499725 0.492171 0.492448 0.493169 0.494966 0.499725 0.499725 0.493169 0.494966 0.499725 0.494966 0.499725 0.493169 0.494966 0.499725 0.499725 0.499725 0.499725 0.499725 
0.494966 0.499725 0.492171 0.492448 0.493169 0.494966 0.499725 0.499725 0.493169 0.494966 0.499725 0.494966 0.499725 0.493169 0.494966 0.499725 0.499725 0.499725 0.499725 0.499725 
0.494966 0.499725 0.492171 0.492448 0.493169 0.494966 0.499725 0.499725 0.493169 0.494966 0.499725 0.494966 0.499725 0.493169 0.494966 0.499725 0.499725 0.499725 0.499725 0.499725 
0.494966 0.499725 0.492171 0.492448 0.493169 0.494966 0.499725 0.499725 0.493169 0.494966 0.499725 0.494966 0.499725 0.493169 0.494966 0.499725 0.499725 0.499725 0.499725 0.499725 
0.494966 0.499725 0.492171 0.492448 0.493169 0.494966 0.499725 0.499725 0.493169 0.494966 0.499725 0.494966 0.499725 0.493169 0.494966 0.499725 0.499725 0.499725 0.499725 0.499725 
0.494966 0.499725 0.492171 0.492448 0.493169 0.494966 0.499725 0.499725 0.493169 0.494966 0.499725 0.494966 0.499725 0.493169 0.494966 0.499725 0.499725 0.499725 0.499725 0.499725 
0.494966 0.499725 0.492171 0.492448 0.493169 0.494966 0.499725 0.499725 0.493169 0.494966 0.499725 0.494966 0.499725 0.493169 0.494966 0.499725 0.499725 0.499725 0.499725 0.499725 
0.494966 0.499725 0.492171 0.492448 0.493169 0.494966 0.499725 0.499725 0.493169 0.494966 0.499725 0.494966 0.499725 0.493169 0.494966 0.499725 0.499725 0.499725 0.499725 0.499725 
0.494966 0.499725 0.492171 0.492448 0.493169 0.494966 0.499725 0.499725 0.493169 0.494966 0.499725 0.494966 0.499725 0.493169 0.494966 0.499725 0.499725 0.499725 0.499725 0.499725 
0.494966 0.499725 0.492171 0.492448 0.493169 0.494966 0.499725 0.499725 0.493169 0.494966 0.499725 0.494966 0.499725 0.493169 0.494966 0.499725 0.499725 0.499725 0.499725 0.499725 
0.494966 0.499725 0.492171 0.492448 0.493169 0.494966 0.499725 0.499725 0.493169 0.494966 0.499725 0.494966 0.499725 0.493169 0.494966 0.499725 0.499725 0.499725 0.499725 0.499725 
0.494966 0.499725 0.492171 0.492448 0.493169 0.494966 0.499725 0.499725 0.493169 0.494966 0.499725 0.494966 0.499725 0.493169 0.494966 0.499725 0.499725 0.499725 0.499725 0.499725 
0.494966 0.499725 0.492171 0.492448 0.493169 0.494966 0.499725 0.499725 0.493169 0.494966 0.499725 0.494966 0.499725 0.493169 0.494966 0.499725 0.499725 0.499725 0.499725 0.499725 
0.494966 0.499725 0.492171 0.492448 0.493169 0.494966 0.499725 0.499725 0.493169 0.494966 0.499725 0.494966 0.499725 0.493169 0.494966 0.499725 0.499725 0.499725 0.499725 0.499725 
0.494966 0.499725 0.492171 0.492448 0.493169 0.494966 0.499725 0.499725 0.493169 0.494966 0.499725 0.494966 0.499725 0.493169 0.494966 0.499725 0.499725 0.499725 0.499725 0.499725 
0.494966 0.499725 0.492171 0.492448 0.493169 0.494966 0.499725 0.499725 0.493169 0.494966 0.499725 0.494966 0.499725 0.493169 0.494966 0.499725 0.499725 0.499725 0.499725 0.499725 
0.494966 0.499725 0.492171 0.492448 0.493169 0.494966 0.499725 0.499725 0.493169 0.494966 0.499725 0.494966 0.499725 0.493169 0.494966 0.499725 0.499725 0.499725 0.499725 0.499725 
0.494966 0.499725 0.492171 0.492448 0.493169 0.494966 0.499725 0.499725 0.493169 0.494966 0.499725 0.494966 0.499725 0.493169 0.494966 0.499725 0.499725 0.499725 0.499725 0.499725 
0.494966 0.499725 0.492171 0.492448 0.493169 0.494966 0.499725 0.499725 0.493169 0.494966 0.499725 0.494966 0.499725 0.493169 0.494966 0.499725 0.499725 0.499725 0.499725 0.499725 
0.494966 0.499725 0.492171 0.492448 0.493169 0.494966 0.499725 0.499725 0.493169 0.494966 0.499725 0.494966 0.499725 0.493169 0.494966 0.499725 0.499725 0.499725 0.499725 0.499725 
0.494966 0.499725 0.492171 0.492448 0.493169 0.494966 0.499725 0.499725 0.493169 0.494966 0.499725 0.494966 0.499725 0.493169 0.494966 0.499725 0.499725 0.499725 0.499725 0.499725 
0.494966 0.499725 0.492171 0.492448 0.493169 0.494966 0.499725 0.499725 0.493169 0.494966 0.499725 0.494966 0.499725 0.493169 0.494966 0.499725 0.499725 0.499725 0.499725 0.499725 
0.494966 0.499725 0.492171 0.492448 0.493169 0.494966 0.499725 0.499725 0.493169 0.494966 0.499725 0.494966 0.499725 0.493169 0.494966 0.499725 0.499725 0.499725 0.499725 0.499725 
0.494966 0.499725 0.492171 0.492448 0.493169 0.494966 0.499725 0.499725 0.493169 0.494966 0.499725 0.494966 0.499725 0.493169 0.494966 0.499725 0.499725 0.499725 0.499725 0.499725 
0.494966 0.499725 0.492171 0.492448 0.493169 0.494966 0.499725 0.499725 0.493169 0.494966 0.499725 0.494966 0.499725 0.493169 0.494966 0.499725 0.499725 0.499725 0.499725 0.499725 
0.494966 0.499725 0.492171 0.492448 0.493169 0.494966 0.499725 0.499725 0.493169 0.494966 0.499725 0.494966 0.499725 0.493169 0.494966 0.499725 0.499725 0.499725 0.499725 0.499725 
0.494966 0.499725 0.492171 0.492448 0.493169 0.494966 0.499725 0.499725 0.493169 0.494966 0.499725 0.494966 0.499725 0.493169 0.494966 0.499725 0.499725 0.499725 0.499725 0.499725 
0.494966 0.499725 0.492171 0.492448 0.493169 0.494966 0.499725 0.499725 0.493169 0.494966 0.499725 0.494966 0.499725 0.493169 0.494966 0.499725 0.499725 0.499725 0.499725 0.499725 
0.494966 0.499725 0.492171 0.492448 0.493169 0.494966 0.499725 0.499725 0.493169 0.494966 0.499725 0.494966 0.499725 0.493169 0.494966 0.499725 0.499725 0.499725 0.499725 0.499725 
0.494966 0.499725 0.492171 0.492448 0.493169 0.494966 0.499725 0.499725 0.493169 0.494966 0.499725 0.494966 0.499725 0.493169 0.494966 0.499725 0.499725 0.499725 0.499725 0.499725 
0.494966 0.499725 0.492171 0.492448 0.493169 0.494966 0.499725 0.499725 0.493169 0.494966 0.499725 0.494966 0.499725 0.493169 0.494966 0.499725 0.499725 0.499725 0.499725 0.499725 
0.494966 0.499725 0.492171 0.492448 0.493169 0.494966 0.499725 0.499725 0.493169 0.494966 0.499725 0.494966 0.499725 0.493169 0.494966 0.499725 0.499725 0.499725 0.499725 0.499725 
0.494966 0.499725 0.492171 0.492448 0.493169 0.494966 0.499725 0.499725 0.493169 0.494966 0.499725 0.494966 0.499725 0.493169 0.494966 0.499725 0.499725 0.499725 0.499725 0.499725 
0.494966 0.499725 0.492171 0.492448 0.493169 0.494966 0.499725 0.499725 0.493169 0.494966 0.499725 0.494966 0.499725 0.493169 0.494966 0.499725 0.499725 0.499725 0.499725 0.499725 
0.494966 0.499725 0.492171 0.492448 0.493169 0.494966 0.499725 0.499725 0.493169 0.494966 0.499725 0.494966 0.499725 0.493169 0.494966 0.499725 0.499725 0.499725 0.499725 0.499725 
0.494966 0.499725 0.492171 0.492448 0.493169 0.494966 0.499725 0.499725 0.493169 0.494966 0.499725 0.494966 0.499725 0.493169 0.494966 0.499725 0.499725 0.499725 0.499725 0.499725 
0.494966 0.499725 0.492171 0.492448 0.493169 0.494966 0.499725 0.499725 0.493169 0.494966 0.499725 0.494966 0.499725 0.493169 0.494966 0.499725 0.499725 0.499725 0.499725 0.499725 
0.494966 0.499725 0.492171 0.492448 0.493169 0.494966 0.499725 0.499725 0.493169 0.494966 0.499725 0.494966 0.499725 0.493169 0.494966 0.499725 0.499725 0.499725 0.499725 0.499725 
0.494966 0.499725 0.492171 0.492448 0.493169 0.494966 0.499725 0.499725 0.493169 0.494966 0.499725 0.494966 0.499725 0.493169 0.494966 0.499725 0.499725 0.499725 0.499725 0.499725 
0.494966 0.499725 0.492171 0.492448 0.493169 0.494966 0.499725 0.499725 0.493169 0.494966 0.499725 0.494966 0.499725 0.493169 0.494966 0.499725 0.499725 0.499725 0.499725 0.499725 
0.494966 0.499725 0.492171 0.492448 0.493169 0.494966 0.499725 0.499725 0.493169 0.494966 0.499725 0.494966 0.499725 0.493169 0.494966 0.499725 0.499725 0.499725 0.499725 0.499725 
0.494966 0.499725 0.492171 0.492448 0.493169 0.494966 0.499725 0.499725 0.493169 0.494966 0.499725 0.494966 0.499725 0.493169 0.494966 0.499725 0.499725 0.499725 0.499725 0.499725 
0.494966 0.499725 0.492171 0.492448 0.493169 0.494966 0.499725 0.499725 0.493169 0.494966 0.499725 0.494966 0.499725 0.493169 0.494966 0.499725 0.499725 0.499725 0.499725 0.499725 
0.494966 0.499725 0.492171 0.492448 0.493169 0.494966 0.499725 0.499725 0.493169 0.494966 0.499725 0.494966 0.499725 0.493169 0.494966 0.499725 0.499725 0.499725 0.499725 0.499725 
0.494966 0.499725 0.492171 0.492448 0.493169 0.494966 0.499725 0.499725 0.493169 0.494966 0.499725 0.494966 0.499725 0.493169 0.494966 0.499725 0.499725 0.499725 0.499725 0.499725 
0.494966 0.499725 0.492171 0.492448 0.493169 0.494966 0.499725 0.499725 0.493169 0.494966 0.499725 0.494966 0.499725 0.493169 0.494966 0.499725 0.499725 0.499725 0.499725 0.499725 
0.494966 0.499725 0.492171 0.492448 0.493169 0.494966 0.499725 0.499725 0.493169 0.494966 0.499725 0.494966 0.499725 0.493169 0.494966 0.499725 0.499725 0.499725 0.499725 0.499725 
0.494966 0.499725 0.492171 0.492448 0.493169 0.494966 0.499725 0.499725 0.493169 0.494966 0.499725 0.494966 0.499725 0.493169 0.494966 0.499725 0.499725 0.499725 0.499725 0.499725 
0.494966 0.499725 0.492171 0.492448 0.493169 0.494966 0.499725 0.499725 0.493169 0.494966 0.499725 0.494966 0.499725 0.493169 0.494966 0.499725 0.499725 0.499725 0.499725 0.499725 
0.494966 0.499725 0.492171 0.492448 0.493169 0.494966 0.499725 0.499725 0.493169 0.494966 0.499725 0.494966 0.499725 0.493169 0.494966 0.499725 0.499725 0.499725 0.499725 0.499725 
0.494966 0.499725 0.492171 0.492448 0.493169 0.494966 0.499725 0.499725 0.493169 0.494966 0.499725 0.494966 0.499725 0.493169 0.494966 0.499725 0.499725 0.499725 0.499725 0.499725 
0.494966 0.499725 0.492171 0.492448 0.493169 0.494966 0.499725 0.499725 0.493169 0.494966 0.499725 0.494966 0.499725 0.493169 0.494966 0.499725 0.499725 0.499725 0.499725 0.499725 
0.494966 0.499725 0.492171 0.492448 0.493169 0.494966 0.499725 0.499725 0.493169 0.494966 0.499725 0.494966 0.499725 0.493169 0.494966 0.499725 0.499725 0.499725 0.499725 0.499725 
0.494966 0.499725 0.492171 0.492448 0.493169 0.494966 0.499725 0.499725 0.493169 0.494966 0.499725 0.494966 0.499725 0.493169 0.494966 0.499725 0.499725 0.499725 0.499725 0.499725 
0.494966 0.499725 0.492171 0.492448 0.493169 0.494966 0.499725 0.499725 0.493169 0.494966 0.499725 0.494966 0.499725 0.493169 0.494966 0.499725 0.499725 0.499725 0.499725 0.499725 
0.494966 0.499725 0.492171 0.492448 0.493169 0.494966 0.499725 0.499725 0.493169 0.494966 0.499725 0.494966 0.499725 0.493169 0.494966 0.499725 0.499725 0.499725 0.499725 0.499725 
0.494966 0.499725 0.492171 0.492448 0.493169 0.494966 0.499725 0.499725 0.493169 0.494966 0.499725 0.494966 0.499725 0.493169 0.494966 0.499725 0.499725 0.499725 0.499725 0.499725 
0.494966 0.499725 0.492171 0.492448 0.493169 0.494966 0.499725 0.499725 0.493169 0.494966 0.499725 0.494966 0.499725 0.493169 0.494966 0.499725 0.499725 0.499725 0.499725 0.499725 
0.494966 0.499725 0.492171 0.492448 0.493169 0.494966 0.499725 0.499725 0.493169 0.494966 0.499725 0.494966 0.499725 0.493169 0.494966 0.499725 0.499725 0.499725 0.499725 0.499725 
0.494966 0.499725 0.492171 0.492448 0.493169 0.494966 0.499725 0.499725 0.493169 0.494966 0.499725 0.494966 0.499725 0.493169 0.494966 0.499725 0.499725 0.499725 0.499725 0.499725 
0.494966 0.499725 0.492171 0.492448 0.493169 0.494966 0.499725 0.499725 0.493169 0.494966 0.499725 0.494966 0.499725 0.493169 0.494966 0.499725 0.499725 0.499725 0.499725 0.499725 
0.494966 0.499725 0.492171 0.492448 0.493169 0.494966 0.499725 0.499725 0.493169 0.494966 0.499725 0.494966 0.499725 0.493169 0.494966 0.499725 0.499725 0.499725 0.499725 0.499725 
0.494966 0.499725 0.492171 0.492448 0.493169 0.494966 0.499725 0.499725 0.493169 0.494966 0.499725 0.494966 0.499725 0.493169 0.494966 0.499725 0.499725 0.499725 0.499725 0.499725 
0.494966 0.499725 0.492171 0.492448 0.493169 0.494966 0.499725 0.499725 0.493169 0.494966 0.499725 0.494966 0.499725 0.493169 0.494966 0.499725 0.499725 0.499725 0.499725 0.499725 
0.494966 0.499725 0.492171 0.492448 0.493169 0.494966 0.499725 0.499725 0.493169 0.494966 0.499725 0.494966 0.499725 0.493169 0.494966 0.499725 0.499725 0.499725 0.499725 0.499725 
0.494966 0.499725 0.492171 0.492448 0.493169 0.494966 0.499725 0.499725 0.493169 0.494966 0.499725 0.494966 0.499725 0.493169 0.494966 0.499725 0.499725 0.499725 0.499725 0.499725 
0.494966 0.499725 0.492171 0.492448 0.493169 0.494966 0.499725 0.499725 0.493169 0.494966 0.499725 0.494966 0.499725 0.493169 0.494966 0.499725 0.499725 0.499725 0.499725 0.499725 
0.494966 0.499725 0.492171 0.492448 0.493169 0.494966 0.499725 0.499725 0.493169 0.494966 0.499725 0.494966 0.499725 0.493169 0.494966 0.499725 0.499725 0.499725 0.499725 0.499725 
0.494966 0.499725 0.492171 0.492448 0.493169 0.494966 0.499725 0.499725 0.493169 0.494966 0.499725 0.494966 0.499725 0.493169 0.494966 0.499725 0.499725 0.499725 0.499725 0.499725 
0.494966 0.499725 0.492171 0.492448 0.493169 0.494966 0.499725 0.499725 0.493169 0.494966 0.499725 0.494966 0.499725 0.493169 0.494966 0.499725 0.499725 0.499725 0.499725 0.499725 
0.494966 0.499725 0.492171 0.492448 0.493169 0.494966 0.499725 0.499725 0.493169 0.494966 0.499725 0.494966 0.499725 0.493169 0.494966 0.499725 0.499725 0.499725 0.499725 0.499725 
0.494966 0.499725 0.492171 0.492448 0.493169 0.494966 0.499725 0.499725 0.493169 0.494966 0.499725 0.494966 0.499725 0.493169 0.494966 0.499725 0.499725 0.499725 0.499725 0.499725 
0.494966 0.499725 0.492171 0.492448 0.493169 0.494966 0.499725 0.499725 0.493169 0.494966 0.499725 0.494966 0.499725 0.493169 0.494966 0.499725 0.499725 0.499725 0.499725 0.499725 
0.494966 0.499725 0.492171 0.492448 0.493169 0.494966 0.499725 0.499725 0.493169 0.494966 0.499725 0.494966 0.499725 0.493169 0.494966 0.499725 0.499725 0.499725 0.499725 0.499725 
0.494966 0.499725 0.492171 0.492448 0.493169 0.494966 0.499725 0.499725 0.493169 0.494966 0.499725 0.494966 0.499725 0.493169 0.494966 0.499725 0.499725 0.499725 0.499725 0.499725 
0.494966 0.499725 0.492171 0.492448 0.493169 0.494966 0.499725 0.499725 0.493169 0.494966 0.499725 0.494966 0.499725 0.493169 0.494966 0.499725 0.499725 0.499725 0.499725 0.499725 
0.494966 0.499725 0.492171 0.492448 0.493169 0.494966 0.499725 0.499725 0.493169 0.494966 0.499725 0.494966 0.499725 0.493169 0.494966 0.499725 0.499725 0.499725 0.499725 0.499725 
0.494966 0.499725 0.492171 0.492448 0.493169 0.494966 0.499725 0.499725 0.493169 0.494966 0.499725 0.494966 0.499725 0.493169 0.494966 0.499725 0.499725 0.499725 0.499725 0.499725 
0.494966 0.499725 0.492171 0.492448 0.493169 0.494966 0.499725 0.499725 0.493169 0.494966 0.499725 0.494966 0.499725 0.493169 0.494966 0.499725 0.499725 0.499725 0.499725 0.499725 
0.494966 0.499725 0.492171 0.492448 0.493169 0.494966 0.499725 0.499725 0.493169 0.494966 0.499725 0.494966 0.499725 0.493169 0.494966 0.499725 0.499725 0.499725 0.499725 0.499725 
