0.0454545 0.0454545 0.0454545 0.0454545 0.0749891 0.0454545 0.0454545 0.0454545 0.0454545 0.0454545 
0.0227273 0.0454545 0.0227273 0.0454545 1.01e+06 0.0454545 0.0227273 0.0227273 0.0454545 0.0454545 
0.0151515 0.0454545 0.0151515 0.0454545 673663 0.0454545 0.0151515 0.0151515 0.0454545 0.0454545 
0.0113636 0.0454545 0.0113636 0.0454545 505496 0.0454545 0.0113636 0.0113636 0.0454545 0.0454545 
0.00909091 0.0454546 0.00909091 0.0454546 404596 0.0454546 0.00909091 0.00909091 0.0454545 0.0454546 
0.00757577 0.0454546 0.00757577 0.0454546 337329 0.0454546 0.00757577 0.00757577 0.0454545 0.0454546 
0.00649353 0.0454546 0.00649353 0.0454546 289281 0.0454546 0.00649353 0.00649353 0.0454545 0.0454547 
0.00568186 0.0454546 0.00568186 0.0454546 253246 0.0454546 0.00568186 0.00568186 0.0454546 0.0454549 
0.00505057 0.0454547 0.00505057 0.0454547 225218 0.0454547 0.00505057 0.00505057 0.0454546 0.0454551 
0.00454555 0.0454547 0.00454555 0.0454547 202796 0.0454547 0.00454555 0.00454555 0.0454547 0.0454555 
0.00413236 0.0454549 0.00413236 0.0454549 184450 0.0454549 0.00413236 0.00413236 0.0454548 0.045456 
0.00378805 0.045455 0.00378805 0.045455 169162 0.045455 0.00378805 0.00378805 0.0454549 0.0454567 
0.00349674 0.0454552 0.00349674 0.0454552 156226 0.0454552 0.00349674 0.00349674 0.0454551 0.0454576 
0.00324705 0.0454555 0.00324705 0.0454555 145139 0.0454555 0.00324705 0.00324705 0.0454553 0.0454587 
0.00303068 0.0454558 0.00303068 0.0454558 135529 0.0454558 0.00303068 0.00303068 0.0454557 0.0454602 
0.00284138 0.0454562 0.00284138 0.0454562 127121 0.0454562 0.00284138 0.00284138 0.0454561 0.0454621 
0.00267437 0.0454566 0.00267437 0.0454566 119702 0.0454566 0.00267437 0.00267437 0.0454565 0.0454643 
0.00252594 0.0454572 0.00252594 0.0454572 113107 0.0454572 0.00252594 0.00252594 0.0454571 0.045467 
0.00239317 0.0454579 0.00239317 0.0454579 107206 0.0454579 0.00239317 0.00239317 0.0454578 0.0454702 
0.0022737 0.0454587 0.0022737 0.0454587 101896 0.0454587 0.0022737 0.0022737 0.0454585 0.0454739 
0.00216563 0.0454596 0.00216563 0.0454596 97091.2 0.0454596 0.00216563 0.00216563 0.0454595 0.0454783 
0.00206742 0.0454607 0.00206742 0.0454607 92723.3 0.0454607 0.00206742 0.00206742 0.0454605 0.0454833 
0.00197779 0.0454619 0.00197779 0.0454619 88735.2 0.0454619 0.00197779 0.00197779 0.0454618 0.0454891 
0.00189565 0.0454634 0.00189565 0.0454634 85079.5 0.0454634 0.00189565 0.00189565 0.0454632 0.0454957 
0.00182013 0.0454649 0.00182013 0.0454649 81716.2 0.0454649 0.00182013 0.00182013 0.0454647 0.0455031 
0.00175044 0.0454667 0.00175044 0.0454667 78611.6 0.0454667 0.00175044 0.00175044 0.0454665 0.0455115 
0.00168596 0.0454687 0.00168596 0.0454687 75737.1 0.0454687 0.00168596 0.00168596 0.0454685 0.0455209 
0.00162612 0.045471 0.00162612 0.045471 73067.8 0.045471 0.00162612 0.00162612 0.0454708 0.0455313 
0.00157045 0.0454735 0.00157045 0.0454735 70582.7 0.0454735 0.00157045 0.00157045 0.0454732 0.0455429 
0.00151852 0.0454762 0.00151852 0.0454762 68263.3 0.0454762 0.00151852 0.00151852 0.045476 0.0455557 
0.00146999 0.0454792 0.00146999 0.0454792 66093.5 0.0454792 0.00146999 0.00146999 0.045479 0.0455698 
0.00142454 0.0454825 0.00142454 0.0454825 64059.3 0.0454825 0.00142454 0.00142454 0.0454823 0.0455852 
0.00138188 0.0454862 0.00138188 0.0454862 62148.4 0.0454862 0.00138188 0.00138188 0.0454859 0.045602 
0.00134178 0.0454901 0.00134178 0.0454901 60350 0.0454901 0.00134178 0.00134178 0.0454899 0.0456204 
0.00130401 0.0454944 0.00130401 0.0454944 58654.3 0.0454944 0.00130401 0.00130401 0.0454941 0.0456403 
0.0433015 0.0522576 0.043299 0.0432978 0.208623 0.0432953 0.043294 -0.105469 0.0432915 0.0432903 
0.0216618 0.047811 0.0216605 0.0433088 465140 0.0433063 0.021658 0.0232197 0.0433025 0.0433124 
0.0144491 0.0463274 0.0144483 0.0433204 320500 0.0433179 0.0144466 0.0151246 0.0433142 0.0433361 
0.0108432 0.0455902 0.0108426 0.0433326 244588 0.0433301 0.0108414 0.0112185 0.0433263 0.0433617 
0.00868007 0.0451528 0.00867957 0.0433454 197824 0.0433429 0.00867857 0.00891835 0.0433391 0.0433891 
0.00723829 0.0448659 0.00723787 0.0433588 166123 0.0433563 0.00723704 0.00740286 0.0433526 0.0434185 
0.00620873 0.0446653 0.00620837 0.0433729 143217 0.0433704 0.00620765 0.00632915 0.0433666 0.0434498 
0.00543682 0.0445189 0.0054365 0.0433876 125892 0.0433851 0.00543588 0.00552872 0.0433813 0.0434832 
0.00483668 0.0444091 0.0048364 0.0434031 112330 0.0434006 0.00483584 0.0049091 0.0433967 0.0435188 
0.00435679 0.0443249 0.00435654 0.0434192 101424 0.0434167 0.00435604 0.00441533 0.0434129 0.0435566 
0.00396437 0.0442597 0.00396414 0.043436 92464.9 0.0434335 0.00396368 0.00401266 0.0434297 0.0435967 
0.00363754 0.0442088 0.00363733 0.0434536 84973.2 0.043451 0.00363691 0.00367806 0.0434472 0.0436392 
0.00336119 0.0441693 0.003361 0.0434719 78615.8 0.0434694 0.00336061 0.00339566 0.0434655 0.0436841 
0.00312449 0.0441388 0.00312431 0.043491 73153.3 0.0434885 0.00312395 0.00315418 0.0434846 0.0437316 
0.00291953 0.0441156 0.00291936 0.0435108 68409.2 0.0435083 0.00291903 0.00294537 0.0435045 0.0437816 
0.00274036 0.0440987 0.0027402 0.0435315 64250.5 0.043529 0.00273989 0.00276305 0.0435252 0.0438344 
0.00258243 0.044087 0.00258228 0.0435531 60575.2 0.0435506 0.00258198 0.00260251 0.0435467 0.0438899 
0.0024422 0.0440799 0.00244206 0.0435754 57303.6 0.0435729 0.00244178 0.0024601 0.043569 0.0439482 
0.00231688 0.0440767 0.00231675 0.0435987 54372.7 0.0435962 0.00231648 0.00233294 0.0435923 0.0440094 
0.00220425 0.044077 0.00220412 0.0436228 51731.9 0.0436203 0.00220387 0.00221873 0.0436164 0.0440736 
0.0411115 0.0545152 0.0411054 0.0411038 0.16043 0.0411004 0.0410987 -0.0944739 0.0410953 0.0410936 
0.0205885 0.0478909 0.0205855 0.0411365 244490 0.0411331 0.0205821 0.0219401 0.0411281 0.0411591 
0.0137485 0.0456847 0.0137465 0.0411702 166998 0.0411669 0.0137442 0.0143356 0.0411618 0.0412276 
0.0103293 0.0445956 0.0103277 0.041205 126920 0.0412016 0.010326 0.0106556 0.0411965 0.0412991 
0.00827833 0.0439557 0.00827711 0.0412408 102431 0.0412374 0.00827575 0.00848564 0.0412323 0.0413737 
0.00691158 0.0435416 0.00691056 0.0412776 85915.4 0.0412742 0.00690943 0.00705479 0.0412691 0.0414515 
0.00593579 0.0432571 0.00593491 0.0413155 74025.1 0.0413121 0.00593394 0.00604059 0.0413069 0.0415325 
0.00520436 0.0430541 0.00520359 0.0413544 65055.5 0.041351 0.00520274 0.00528435 0.0413459 0.0416168 
0.00463584 0.0429059 0.00463516 0.0413944 58048.3 0.041391 0.0046344 0.00469888 0.0413859 0.0417045 
0.00418137 0.0427964 0.00418076 0.0414356 52422.9 0.0414322 0.00418007 0.00423233 0.041427 0.0417956 
0.00380986 0.0427154 0.00380929 0.0414778 47807.4 0.0414744 0.00380867 0.00385189 0.0414693 0.0418902 
0.00350055 0.042656 0.00350004 0.0415213 43952.2 0.0415179 0.00349946 0.00353582 0.0415127 0.0419884 
0.00323911 0.0426136 0.00323864 0.0415658 40683.8 0.0415624 0.00323811 0.00326912 0.0415572 0.0420902 
0.00301529 0.0425848 0.00301485 0.0416116 37877.8 0.0416081 0.00301435 0.00304114 0.0416029 0.0421957 
0.00282156 0.0425671 0.00282114 0.0416585 35442.4 0.0416551 0.00282068 0.00284405 0.0416498 0.042305 
0.0422526 0.0815759 0.0420791 0.0420932 0.181194 0.0420506 0.0420729 -0.132961 0.0420844 0.0420308 
0.0388242 0.0888231 0.0388408 0.0388407 0.190055 0.0388297 0.038835 -0.139195 0.038814 0.0388264 
0.0194673 0.0645514 0.0194756 0.0388959 259854 0.0388849 0.0194727 0.021115 0.0388692 0.0389368 
0.0130162 0.0562076 0.0130218 0.0389523 178603 0.0389413 0.0130198 0.01373 0.0389255 0.0390508 
0.00979156 0.0520083 0.00979576 0.03901 136192 0.0389989 0.00979429 0.0101886 0.0389831 0.0391685 
0.00785754 0.0494945 0.00786092 0.0390689 110136 0.0390578 0.00785973 0.00811019 0.039042 0.03929 
0.00656883 0.0478317 0.00657165 0.039129 92502.8 0.039118 0.00657067 0.00674378 0.0391021 0.0394153 
0.00564888 0.0466587 0.0056513 0.0391904 79777.1 0.0391794 0.00565046 0.00577726 0.0391635 0.0395445 
0.00495941 0.0457934 0.00496153 0.0392531 70160.4 0.0392421 0.00496079 0.00505768 0.0392261 0.0396776 
0.00442359 0.0451344 0.00442549 0.0393172 62637.6 0.0393061 0.00442482 0.00450128 0.0392901 0.0398147 
0.00399534 0.0446206 0.00399705 0.0393825 56591.8 0.0393714 0.00399645 0.00405834 0.0393554 0.0399558 
0.00364532 0.0442128 0.00364689 0.0394491 51627.2 0.039438 0.00364634 0.00369747 0.039422 0.0401009 
0.00335399 0.0438851 0.00335543 0.0395171 47477.5 0.039506 0.00335493 0.00339789 0.0394899 0.0402503 
0.0404013 0.12054 0.0395339 0.0398992 0.211541 0.0400545 0.0398259 -0.178763 0.0393713 0.039981 
0.0366135 0.143349 0.0366607 0.0366457 0.20287 0.0366233 0.0366162 -0.180544 0.0366178 0.0366026 
0.0183798 0.0931956 0.0184036 0.0367189 263479 0.0366964 0.0183812 0.0202526 0.0366909 0.0367488 
0.0123033 0.0751931 0.0123192 0.0367934 181650 0.0367709 0.0123042 0.0131141 0.0367654 0.0368989 
0.00926598 0.0659574 0.00927795 0.0368692 138736 0.0368466 0.00926668 0.00971791 0.0368411 0.0370529 
0.00744441 0.0603571 0.00745402 0.0369463 112301 0.0369237 0.00744497 0.00773294 0.0369182 0.037211 
0.0062307 0.0566121 0.00623875 0.0370248 94381.4 0.0370021 0.00623117 0.00643125 0.0369966 0.0373731 
0.00536435 0.0539418 0.00537128 0.0371046 81433.9 0.0370819 0.00536476 0.00551211 0.0370764 0.0375393 
0.0047151 0.0519498 0.0047212 0.0371858 71641.3 0.0371631 0.00471546 0.00482869 0.0371575 0.0377097 
0.0042106 0.0504136 0.00421604 0.0372683 63975.8 0.0372456 0.00421092 0.00430078 0.03724 0.0378842 
0.00380741 0.0491985 0.00381234 0.0373523 57812.4 0.0373295 0.00380771 0.00388087 0.0373239 0.0380629 
0.00347792 0.0482183 0.00348242 0.0374376 52749 0.0374147 0.0034782 0.003539 0.0374092 0.0382459 
0.0352414 0.183605 0.0350794 0.0353573 0.176937 0.0353623 0.0345786 -0.468141 0.0347806 0.0347917 
0.0346871 0.197557 0.0347098 0.0346818 0.193637 0.0346633 0.0347486 -0.57722 0.0347189 0.0347317 
0.0174316 0.123717 0.017443 0.0347698 223512 0.0347513 0.0174625 0.0216196 0.034807 0.034908 
0.011681 0.0960412 0.0116887 0.0348591 153866 0.0348406 0.0117018 0.0134116 0.0348964 0.0350882 
0.00880678 0.081579 0.00881256 0.0349498 117411 0.0349312 0.00882242 0.00974951 0.0349872 0.0352725 
0.00708303 0.0727121 0.00708769 0.0350418 94986.1 0.0350231 0.00709563 0.00767635 0.0350793 0.0354608 
0.00593455 0.0667353 0.00593846 0.0351351 79798.4 0.0351164 0.00594511 0.00634275 0.0351728 0.0356533 
0.0051148 0.0624452 0.00511817 0.0352298 68831.5 0.0352111 0.00512391 0.00541316 0.0352676 0.0358498 
0.0045005 0.0592256 0.00450347 0.0353259 60540.7 0.0353072 0.00450852 0.00472836 0.0353638 0.0360505 
0.00402318 0.056728 0.00402584 0.0354234 54053.2 0.0354046 0.00403036 0.00420307 0.0354614 0.0362554 
0.00364175 0.0547404 0.00364416 0.0355222 48838.4 0.0355034 0.00364825 0.00378753 0.0355604 0.0364646 
0.0325927 0.1811 0.0326061 0.0326119 0.28901 0.0326289 0.0325828 -0.67533 0.0325691 0.0325754 
0.0163931 0.113108 0.0163998 0.0327087 374679 0.0327257 0.0163881 0.0207757 0.0326658 0.0327688 
0.0109945 0.0879219 0.010999 0.0328068 263573 0.0328238 0.0109912 0.0127917 0.0327637 0.0329661 
0.00829616 0.0748308 0.0082996 0.0329061 203479 0.0329232 0.00829367 0.00927226 0.032863 0.0331672 
0.00667796 0.0668326 0.00668073 0.0330068 165807 0.033024 0.00667596 0.00729143 0.0329635 0.0333723 
0.00559982 0.061456 0.00560214 0.0331088 139980 0.033126 0.00559814 0.00602161 0.0330654 0.0335813 
0.00483029 0.0576064 0.00483229 0.0332121 121172 0.0332294 0.00482885 0.00513851 0.0331686 0.0337943 
0.00425364 0.0547245 0.00425541 0.0333167 106863 0.033334 0.00425238 0.00448903 0.0332731 0.0340114 
0.00380559 0.0524945 0.00380718 0.0334227 95612.3 0.0334401 0.00380446 0.00399146 0.033379 0.0342325 
0.00344756 0.0507246 0.003449 0.03353 86534 0.0335474 0.00344654 0.00359822 0.0334862 0.0344577 
0.030699 0.215083 0.0312325 0.0310467 0.289771 0.0309808 0.0307134 -0.50159 0.0307014 0.030886 
0.0309023 0.233699 0.0308677 0.0308971 0.342794 0.0309181 0.0309201 -0.60723 0.0309062 0.0308747 
0.0155563 0.144244 0.0155389 0.0310022 394565 0.0310233 0.0155652 0.0194162 0.0310113 0.0310848 
0.0104422 0.109657 0.0104305 0.0311085 281479 0.0311297 0.0104482 0.0120392 0.0311177 0.0312986 
0.00788609 0.0913408 0.00787724 0.0312161 218943 0.0312373 0.00789063 0.00875816 0.0312254 0.0315162 
0.00635319 0.0800251 0.00634605 0.031325 179254 0.0313463 0.00635684 0.00690359 0.0313343 0.0317376 
0.00533189 0.072358 0.0053259 0.0314351 151825 0.0314565 0.00533495 0.0057117 0.0314445 0.0319628 
0.00460294 0.0668333 0.00459776 0.0315465 131737 0.0315679 0.00460558 0.00488141 0.0315559 0.0321918 
0.00405671 0.0626737 0.00405215 0.0316592 116391 0.0316807 0.00405904 0.00427005 0.0316687 0.0324247 
0.0036323 0.0594376 0.00362821 0.0317731 104285 0.0317947 0.00363439 0.00380127 0.0317827 0.0326616 
0.0288028 0.262835 0.0288714 0.0288706 0.271371 0.0288684 0.028859 -0.994135 0.0288259 0.0288256 
0.0145085 0.161962 0.014543 0.0289779 283445 0.0289757 0.0145368 0.0195495 0.0289331 0.02904 
0.0097449 0.121969 0.00976807 0.0290864 198664 0.0290841 0.00976388 0.0117765 0.0290415 0.0292579 
0.00736399 0.100554 0.00738148 0.0291961 153068 0.0291938 0.00737832 0.00846281 0.029151 0.0294794 
0.00593615 0.0872364 0.00595023 0.0293069 124573 0.0293046 0.0059477 0.00662693 0.0292618 0.0297044 
0.00498486 0.0781709 0.00499667 0.029419 105077 0.0294166 0.00499455 0.00546087 0.0293737 0.0299329 
0.00430588 0.0716149 0.00431607 0.0295322 90899.7 0.0295299 0.00431425 0.00465488 0.0294868 0.0301652 
0.0037971 0.0666638 0.00380608 0.0296467 80125.7 0.0296443 0.00380448 0.00406468 0.0296012 0.030401 
0.00340179 0.0628012 0.00340982 0.0297624 71661.4 0.0297599 0.0034084 0.003614 0.0297167 0.0306406 
0.0270644 0.341829 0.0271307 0.0271285 0.29471 0.0271301 0.0271493 -0.865383 0.0270933 0.0270884 
0.0136404 0.214928 0.0136737 0.0272369 298756 0.0272385 0.0136831 0.017956 0.0272015 0.027305 
0.00916679 0.161061 0.00918917 0.0273464 210620 0.027348 0.00919554 0.0109222 0.027311 0.0275248 
0.00693084 0.131302 0.00694774 0.027457 162794 0.0274586 0.00695257 0.0078841 0.0274215 0.027748 
0.00558994 0.112449 0.00560354 0.0275687 132749 0.0275703 0.00560746 0.00619056 0.0275331 0.0279746 
0.00469657 0.099452 0.00470798 0.0276816 112125 0.0276831 0.00471129 0.00511106 0.0276458 0.0282045 
0.00405894 0.0899623 0.00406879 0.0277956 97091.2 0.0277971 0.00407166 0.00436315 0.0277597 0.0284379 
0.00358115 0.0827391 0.00358982 0.0279107 85646.7 0.0279122 0.00359237 0.00381456 0.0278748 0.0286747 
0.00320992 0.0770656 0.00321767 0.0280269 76643.6 0.0280284 0.00321997 0.00339514 0.0279909 0.028915 
0.0253091 0.404765 0.0253742 0.0253614 0.273234 0.0253728 0.0253821 -1.28931 0.0253464 0.0253365 
0.0127618 0.260995 0.0127946 0.0254689 249547 0.0254802 0.0127986 0.017932 0.0254539 0.0255513 
0.00858045 0.196337 0.00860244 0.0255774 175067 0.0255888 0.00860517 0.0106295 0.0255624 0.0257692 
0.00649054 0.159612 0.00650713 0.0256869 134956 0.0256983 0.00650922 0.0075912 0.0256719 0.0259902 
0.00523722 0.135956 0.00525058 0.0257975 109866 0.0258089 0.00525229 0.00592664 0.0257825 0.0262144 
0.00440221 0.119463 0.00441341 0.0259092 92691 0.0259206 0.00441486 0.00487625 0.0258941 0.0264417 
0.00380623 0.107319 0.0038159 0.0260219 80195.7 0.0260333 0.00381716 0.00415329 0.0260068 0.0266723 
0.00335965 0.0980135 0.00336816 0.0261357 70697.6 0.0261471 0.00336929 0.00362549 0.0261205 0.0269061 
0.0253874 0.501917 0.0265834 0.0271726 0.222535 0.0271808 0.0271918 -1.37203 0.026386 0.0260417 
0.0236343 0.467132 0.0236365 0.0235858 0.293645 0.0235979 0.0236242 -3.07436 0.0236319 0.0236268 
0.0119223 0.310621 0.0119233 0.0236906 227266 0.0237027 0.0119172 0.0192539 0.023737 0.023837 
0.00801925 0.235846 0.00801988 0.0237965 160268 0.0238086 0.00801581 0.0107522 0.0238431 0.0240501 
0.00606847 0.192064 0.00606891 0.0239033 123891 0.0239154 0.00606586 0.00750003 0.0239502 0.0242661 
0.00489859 0.163334 0.00489891 0.0240111 101033 0.0240232 0.00489649 0.00578271 0.0240583 0.0244851 
0.00411917 0.143046 0.00411941 0.0241198 85340 0.0241319 0.0041174 0.00472147 0.0241673 0.0247071 
0.00356287 0.127967 0.00356306 0.0242296 73899.5 0.0242417 0.00356135 0.00400088 0.0242774 0.0249321 
0.00314603 0.116329 0.00314618 0.0243404 65190.1 0.0243525 0.00314468 0.00347978 0.0243884 0.0251602 
0.0219249 0.48498 0.0219573 0.0219579 0.30648 0.0219606 0.0219954 -7.05274 0.0219593 0.0219296 
0.0110636 0.325336 0.0110798 0.0220591 227625 0.0220618 0.0110991 0.0197798 0.0220606 0.0221318 
0.007444 0.247634 0.0074549 0.0221612 161040 0.0221638 0.00746792 0.0105529 0.0221627 0.0223367 
0.00563491 0.201695 0.00564313 0.0222642 124720 0.0222668 0.00565301 0.00723876 0.0222658 0.0225444 
0.00455002 0.171368 0.00455663 0.0223681 101828 0.0223707 0.00456462 0.00553356 0.0223698 0.0227549 
0.00382723 0.149863 0.00383276 0.022473 86079.6 0.0224755 0.0038395 0.00449481 0.0224748 0.0229681 
0.00331135 0.133831 0.00331612 0.0225788 74583.2 0.0225813 0.00332197 0.00379591 0.0225806 0.0231843 
0.00292481 0.121426 0.002929 0.0226855 65822.3 0.022688 0.00293418 0.0032937 0.0226875 0.0234033 
0.0202952 0.610349 0.020318 0.0203222 0.371894 0.0203297 -nan -15.5 0.0203257 0.0203023 
0.0102441 0.442511 0.0102555 0.0204188 262881 0.0204263 inf 0.0193796 0.0204223 0.0204953 
0.0068946 0.349075 0.00690226 0.0205162 189204 0.0205237 inf 0.0100643 0.0205198 0.020691 
0.00522049 0.289565 0.00522626 0.0206145 147937 0.020622 inf 0.00683949 0.0206182 0.0208892 
0.00421655 0.248356 0.00422119 0.0207137 121518 0.0207211 inf 0.00520417 0.0207174 0.02109 
0.00354771 0.218143 0.00355158 0.0208137 103156 0.0208211 inf 0.00421583 0.0208176 0.0212935 
0.00307034 0.195051 0.00307368 0.0209146 89653.4 0.0209221 inf 0.00355415 0.0209186 0.0214997 
0.0206546 0.664083 0.020674 0.0217297 0.374321 0.0217368 -nan 7.16922 0.0206925 0.0207529 
0.0187976 0.612273 0.0187628 0.0187016 0.445657 0.0186956 -nan 2.4128 0.0187843 0.0187404 
0.00949067 0.444219 0.00947301 0.018793 292208 0.0187868 inf 0.0619478 0.0188761 0.0189236 
0.00638919 0.350387 0.00637724 0.0188851 214903 0.0188789 inf 0.0146366 0.0189687 0.0191091 
0.00483906 0.29052 0.00482996 0.0189781 170110 0.0189718 inf 0.00836942 0.0190622 0.0192972 
0.00390949 0.249015 0.0039021 0.0190719 140846 0.0190655 inf 0.00589502 0.0191564 0.0194877 
0.0032902 0.218558 0.00328394 0.0191665 120231 0.01916 inf 0.00457064 0.0192515 0.0196808 
0.00284821 0.195265 0.00284277 0.019262 104925 0.0192553 inf 0.00374599 0.0193475 0.0198764 
0.0172323 0.628259 0.0172582 0.0172565 0.387039 0.017246 -nan 2.31745 0.0172596 0.0172474 
0.00870224 0.460618 0.00871528 0.0173427 239641 0.0173321 inf 0.0686116 0.0173458 0.0174197 
0.00585966 0.365217 0.00586839 0.0174296 173254 0.0174189 inf 0.0140392 0.0174328 0.0175943 
0.00443896 0.303656 0.00444553 0.0175174 135821 0.0175065 inf 0.0078893 0.0175206 0.0177713 
0.00358701 0.260655 0.00359229 0.0176059 111752 0.0175949 inf 0.00551996 0.0176091 0.0179506 
0.00301944 0.228929 0.00302386 0.0176952 94975.7 0.017684 inf 0.0042651 0.0176985 0.0181323 
0.0159954 0.574507 0.0160253 0.0160137 0.397186 0.0160057 -nan 2.07341 0.0160397 0.0160026 
0.00807911 0.405961 0.00809409 0.0160951 279110 0.016087 inf 0.194136 0.0161213 0.0161654 
0.00544107 0.315619 0.0054511 0.0161773 202415 0.0161691 inf 0.0150817 0.0162036 0.0163304 
0.00412262 0.259319 0.00413017 0.0162602 158955 0.0162519 inf 0.00792266 0.0162867 0.0164977 
0.003332 0.220883 0.00333806 0.0163439 130931 0.0163354 inf 0.00540811 0.0163705 0.0166672 
0.00280531 0.192984 0.00281038 0.0164283 111361 0.0164198 inf 0.00412575 0.0164551 0.016839 
0.0157246 0.584219 0.0163971 0.016079 0.361894 0.0158297 -nan 2.53378 0.0155636 0.0151454 
0.0147332 0.626218 0.0146901 0.0147187 0.405488 0.0147546 -nan 4.78841 0.0147886 0.0148326 
0.0074432 0.458085 0.00742134 0.0147951 264737 0.0148312 inf 0.0200742 0.0148654 0.0149868 
0.0050139 0.362521 0.00499911 0.0148723 192556 0.0149085 inf 0.00862574 0.014943 0.0151431 
0.00379979 0.300898 0.00378853 0.0149502 151435 0.0149865 inf 0.00553486 0.0150213 0.0153016 
0.00307176 0.257871 0.00306262 0.0150288 124854 0.0150652 inf 0.00409747 0.0151003 0.0154623 
0.014722 0.585595 0.0150058 0.014853 0.367199 0.0151129 -nan -16.5823 0.0155428 0.0156587 
0.0135521 0.610854 0.0135377 0.0135729 0.38993 0.0134941 -nan 3.07837 0.0135136 0.013475 
0.0068478 0.441916 0.00684047 0.0136447 271376 0.0135655 inf 0.0259649 0.0135852 0.0136177 
0.00461372 0.347515 0.00460873 0.0137173 196522 0.0136375 inf 0.0090376 0.0136574 0.0137624 
0.0034972 0.287251 0.00349338 0.0137905 154183 0.0137103 inf 0.00551704 0.0137302 0.0139092 
0.00282771 0.245453 0.00282459 0.0138644 126923 0.0137837 inf 0.00399436 0.0138038 0.0140581 
0.0141098 0.587269 0.0142702 0.0138803 0.328358 0.0138104 -nan 5.23673 0.013518 0.0131677 
0.0123592 0.556478 0.012363 0.0124213 0.45423 0.0123819 -nan 4.18569 0.0125915 0.0125219 
0.00624633 0.387898 0.0062482 0.0124884 346289 0.0124486 inf 0.0181021 0.0126595 0.0126572 
0.00420935 0.299117 0.00421057 0.012556 255593 0.0125161 inf 0.0074707 0.0127281 0.0127944 
0.00319135 0.244334 0.00319225 0.0126244 202743 0.0125842 inf 0.0047445 0.0127975 0.0129336 
0.00258097 0.20717 0.00258167 0.0126934 168093 0.0126529 inf 0.00349648 0.0128675 0.0130749 
0.0121697 0.518885 0.0126609 0.0118406 0.498941 0.0125322 -nan -29.677 0.012395 0.0125584 
0.0112918 0.546759 0.0112981 0.0113115 0.485282 0.0112771 -nan 31.4532 0.0112997 0.0113181 
0.0114039 0.589865 0.0114225 0.0114213 0.537153 0.0114013 -nan 4.61204 0.0114243 0.0114211 
0.00576505 0.420284 0.00577436 0.0114845 365568 0.0114643 inf 0.0159075 0.0114875 0.0115475 
0.00388606 0.327632 0.00389229 0.0115483 277570 0.0115279 inf 0.0067671 0.0115514 0.0116758 
0.00294706 0.269253 0.00295175 0.0116127 223849 0.0115922 inf 0.00433275 0.011616 0.0118061 
0.0104046 0.48376 0.0106331 0.0104202 0.445229 0.0103966 -nan -818.575 0.0104239 0.0104239 
0.0105195 0.650742 0.010431 0.0105292 0.615298 0.010506 -nan 1 0.0105379 0.0105422 
0.00323855 0.542633 0.00411572 0.0105789 729619 0.0105264 inf -2.96439e-323 0.0105379 0.00146491 
0.0107534 0.881264 0.0106741 0.0107716 1 0.0107353 -nan 1 -nan -nan 
0.0108758 0.78585 0.0107954 0.0108941 1 0.0108574 -nan 1 -nan -nan 
0.00550007 0.664569 0.00545934 0.0109562 1.54316e+06 0.0109195 inf -3.95253e-323 inf 0.00146491 
0.00946683 0.785285 0.00949485 0.00948226 1 0.00945173 -nan 1 -nan -nan 
1 0.894154 0.00961114 0.00959117 1 0.0095617 -nan 1 -nan -nan 
1.40732e+14 0.860076 0.00242661 0.00962808 1.19548e+06 0.00961693 inf -2.96439e-323 inf 0.00146491 
1.40732e+14 0.838782 0.001091 0.00962808 1.1956e+06 0.00965043 inf -2.96439e-323 inf 0.00146491 
1.40732e+14 0.818532 7.72562e-311 0.00962808 1.19566e+06 0.00965043 inf -2.96439e-323 inf 0.00146491 
1.40732e+14 0.79925 7.72562e-311 0.00962808 1.1957e+06 0.00965043 inf -2.96439e-323 inf 0.00146491 
1 0.950923 -nan -nan 1 -nan -nan 1 -nan -nan 
1.40732e+14 0.935628 inf -nan 1.43219e+06 -nan inf -3.45846e-323 inf 0.00146491 
1.40732e+14 0.935628 inf -nan 1.43223e+06 -nan inf -3.45846e-323 inf 0.00146491 
1.40732e+14 0.935628 inf -nan 1.43224e+06 -nan inf -3.45846e-323 inf 0.00146491 
1.40732e+14 0.935628 inf -nan 1.43223e+06 -nan inf -3.45846e-323 inf 0.00146491 
1.40732e+14 0.935628 inf -nan 1.43223e+06 -nan inf -3.45846e-323 inf 0.00146491 
1.40732e+14 0.935628 inf -nan 1.43223e+06 -nan inf -3.45846e-323 inf 0.00146491 
1.40732e+14 0.935628 inf -nan 1.43223e+06 -nan inf -3.45846e-323 inf 0.00146491 
1.40732e+14 0.935628 inf -nan 1.43223e+06 -nan inf -3.45846e-323 inf 0.00146491 
1.40732e+14 0.935628 inf -nan 1.43223e+06 -nan inf -3.45846e-323 inf 0.00146491 
1.40732e+14 0.935628 inf -nan 1.43223e+06 -nan inf -3.45846e-323 inf 0.00146491 
1.40732e+14 0.935628 inf -nan 1.43223e+06 -nan inf -3.45846e-323 inf 0.00146491 
1.40732e+14 0.935628 inf -nan 1.43223e+06 -nan inf -3.45846e-323 inf 0.00146491 
1.40732e+14 0.935628 inf -nan 1.43223e+06 -nan inf -3.45846e-323 inf 0.00146491 
1.40732e+14 0.935628 inf -nan 1.43223e+06 -nan inf -3.45846e-323 inf 0.00146491 
1.40732e+14 0.935628 inf -nan 1.43223e+06 -nan inf -3.45846e-323 inf 0.00146491 
1.40732e+14 0.935628 inf -nan 1.43223e+06 -nan inf -3.45846e-323 inf 0.00146491 
1.40732e+14 0.935628 inf -nan 1.43223e+06 -nan inf -3.45846e-323 inf 0.00146491 
1.40732e+14 0.935628 inf -nan 1.43223e+06 -nan inf -3.45846e-323 inf 0.00146491 
1.40732e+14 0.935628 inf -nan 1.43223e+06 -nan inf -3.45846e-323 inf 0.00146491 
1.40732e+14 0.935628 inf -nan 1.43223e+06 -nan inf -3.45846e-323 inf 0.00146491 
1.40732e+14 0.935628 inf -nan 1.43223e+06 -nan inf -3.45846e-323 inf 0.00146491 
1.40732e+14 0.935628 inf -nan 1.43223e+06 -nan inf -3.45846e-323 inf 0.00146491 
1.40732e+14 0.935628 inf -nan 1.43223e+06 -nan inf -3.45846e-323 inf 0.00146491 
1.40732e+14 0.935628 inf -nan 1.43223e+06 -nan inf -3.45846e-323 inf 0.00146491 
1.40732e+14 0.935628 inf -nan 1.43223e+06 -nan inf -3.45846e-323 inf 0.00146491 
1.40732e+14 0.935628 inf -nan 1.43223e+06 -nan inf -3.45846e-323 inf 0.00146491 
1.40732e+14 0.935628 inf -nan 1.43223e+06 -nan inf -3.45846e-323 inf 0.00146491 
1.40732e+14 0.935628 inf -nan 1.43223e+06 -nan inf -3.45846e-323 inf 0.00146491 
1.40732e+14 0.935628 inf -nan 1.43223e+06 -nan inf -3.45846e-323 inf 0.00146491 
1.40732e+14 0.935628 inf -nan 1.43223e+06 -nan inf -3.45846e-323 inf 0.00146491 
1.40732e+14 0.935628 inf -nan 1.43223e+06 -nan inf -3.45846e-323 inf 0.00146491 
1.40732e+14 0.935628 inf -nan 1.43223e+06 -nan inf -3.45846e-323 inf 0.00146491 
1.40732e+14 0.935628 inf -nan 1.43223e+06 -nan inf -3.45846e-323 inf 0.00146491 
1.40732e+14 0.935628 inf -nan 1.43223e+06 -nan inf -3.45846e-323 inf 0.00146491 
1.40732e+14 0.935628 inf -nan 1.43223e+06 -nan inf -3.45846e-323 inf 0.00146491 
1.40732e+14 0.935628 inf -nan 1.43223e+06 -nan inf -3.45846e-323 inf 0.00146491 
1.40732e+14 0.935628 inf -nan 1.43223e+06 -nan inf -3.45846e-323 inf 0.00146491 
1.40732e+14 0.935628 inf -nan 1.43223e+06 -nan inf -3.45846e-323 inf 0.00146491 
1.40732e+14 0.935628 inf -nan 1.43223e+06 -nan inf -3.45846e-323 inf 0.00146491 
1.40732e+14 0.935628 inf -nan 1.43223e+06 -nan inf -3.45846e-323 inf 0.00146491 
1.40732e+14 0.935628 inf -nan 1.43223e+06 -nan inf -3.45846e-323 inf 0.00146491 
1.40732e+14 0.935628 inf -nan 1.43223e+06 -nan inf -3.45846e-323 inf 0.00146491 
1.40732e+14 0.935628 inf -nan 1.43223e+06 -nan inf -3.45846e-323 inf 0.00146491 
1.40732e+14 0.935628 inf -nan 1.43223e+06 -nan inf -3.45846e-323 inf 0.00146491 
1.40732e+14 0.935628 inf -nan 1.43223e+06 -nan inf -3.45846e-323 inf 0.00146491 
1.40732e+14 0.935628 inf -nan 1.43223e+06 -nan inf -3.45846e-323 inf 0.00146491 
1.40732e+14 0.935628 inf -nan 1.43223e+06 -nan inf -3.45846e-323 inf 0.00146491 
1.40732e+14 0.935628 inf -nan 1.43223e+06 -nan inf -3.45846e-323 inf 0.00146491 
1.40732e+14 0.935628 inf -nan 1.43223e+06 -nan inf -3.45846e-323 inf 0.00146491 
1.40732e+14 0.935628 inf -nan 1.43223e+06 -nan inf -3.45846e-323 inf 0.00146491 
1.40732e+14 0.935628 inf -nan 1.43223e+06 -nan inf -3.45846e-323 inf 0.00146491 
1.40732e+14 0.935628 inf -nan 1.43223e+06 -nan inf -3.45846e-323 inf 0.00146491 
1.40732e+14 0.935628 inf -nan 1.43223e+06 -nan inf -3.45846e-323 inf 0.00146491 
1.40732e+14 0.935628 inf -nan 1.43223e+06 -nan inf -3.45846e-323 inf 0.00146491 
1.40732e+14 0.935628 inf -nan 1.43223e+06 -nan inf -3.45846e-323 inf 0.00146491 
1.40732e+14 0.935628 inf -nan 1.43223e+06 -nan inf -3.45846e-323 inf 0.00146491 
1.40732e+14 0.935628 inf -nan 1.43223e+06 -nan inf -3.45846e-323 inf 0.00146491 
1.40732e+14 0.935628 inf -nan 1.43223e+06 -nan inf -3.45846e-323 inf 0.00146491 
1.40732e+14 0.935628 inf -nan 1.43223e+06 -nan inf -3.45846e-323 inf 0.00146491 
1.40732e+14 0.935628 inf -nan 1.43223e+06 -nan inf -3.45846e-323 inf 0.00146491 
1.40732e+14 0.935628 inf -nan 1.43223e+06 -nan inf -3.45846e-323 inf 0.00146491 
1.40732e+14 0.935628 inf -nan 1.43223e+06 -nan inf -3.45846e-323 inf 0.00146491 
1.40732e+14 0.935628 inf -nan 1.43223e+06 -nan inf -3.45846e-323 inf 0.00146491 
1.40732e+14 0.935628 inf -nan 1.43223e+06 -nan inf -3.45846e-323 inf 0.00146491 
1.40732e+14 0.935628 inf -nan 1.43223e+06 -nan inf -3.45846e-323 inf 0.00146491 
1.40732e+14 0.935628 inf -nan 1.43223e+06 -nan inf -3.45846e-323 inf 0.00146491 
1.40732e+14 0.935628 inf -nan 1.43223e+06 -nan inf -3.45846e-323 inf 0.00146491 
1.40732e+14 0.935628 inf -nan 1.43223e+06 -nan inf -3.45846e-323 inf 0.00146491 
1.40732e+14 0.935628 inf -nan 1.43223e+06 -nan inf -3.45846e-323 inf 0.00146491 
1.40732e+14 0.935628 inf -nan 1.43223e+06 -nan inf -3.45846e-323 inf 0.00146491 
1.40732e+14 0.935628 inf -nan 1.43223e+06 -nan inf -3.45846e-323 inf 0.00146491 
1.40732e+14 0.935628 inf -nan 1.43223e+06 -nan inf -3.45846e-323 inf 0.00146491 
1.40732e+14 0.935628 inf -nan 1.43223e+06 -nan inf -3.45846e-323 inf 0.00146491 
1.40732e+14 0.935628 inf -nan 1.43223e+06 -nan inf -3.45846e-323 inf 0.00146491 
1.40732e+14 0.935628 inf -nan 1.43223e+06 -nan inf -3.45846e-323 inf 0.00146491 
1.40732e+14 0.935628 inf -nan 1.43223e+06 -nan inf -3.45846e-323 inf 0.00146491 
1.40732e+14 0.935628 inf -nan 1.43223e+06 -nan inf -3.45846e-323 inf 0.00146491 
1.40732e+14 0.935628 inf -nan 1.43223e+06 -nan inf -3.45846e-323 inf 0.00146491 
1.40732e+14 0.935628 inf -nan 1.43223e+06 -nan inf -3.45846e-323 inf 0.00146491 
1.40732e+14 0.935628 inf -nan 1.43223e+06 -nan inf -3.45846e-323 inf 0.00146491 
1.40732e+14 0.935628 inf -nan 1.43223e+06 -nan inf -3.45846e-323 inf 0.00146491 
1.40732e+14 0.935628 inf -nan 1.43223e+06 -nan inf -3.45846e-323 inf 0.00146491 
1.40732e+14 0.935628 inf -nan 1.43223e+06 -nan inf -3.45846e-323 inf 0.00146491 
1.40732e+14 0.935628 inf -nan 1.43223e+06 -nan inf -3.45846e-323 inf 0.00146491 
1.40732e+14 0.935628 inf -nan 1.43223e+06 -nan inf -3.45846e-323 inf 0.00146491 
1.40732e+14 0.935628 inf -nan 1.43223e+06 -nan inf -3.45846e-323 inf 0.00146491 
1.40732e+14 0.935628 inf -nan 1.43223e+06 -nan inf -3.45846e-323 inf 0.00146491 
1.40732e+14 0.935628 inf -nan 1.43223e+06 -nan inf -3.45846e-323 inf 0.00146491 
1.40732e+14 0.935628 inf -nan 1.43223e+06 -nan inf -3.45846e-323 inf 0.00146491 
1.40732e+14 0.935628 inf -nan 1.43223e+06 -nan inf -3.45846e-323 inf 0.00146491 
1.40732e+14 0.935628 inf -nan 1.43223e+06 -nan inf -3.45846e-323 inf 0.00146491 
1.40732e+14 0.935628 inf -nan 1.43223e+06 -nan inf -3.45846e-323 inf 0.00146491 
1.40732e+14 0.935628 inf -nan 1.43223e+06 -nan inf -3.45846e-323 inf 0.00146491 
1.40732e+14 0.935628 inf -nan 1.43223e+06 -nan inf -3.45846e-323 inf 0.00146491 
1.40732e+14 0.935628 inf -nan 1.43223e+06 -nan inf -3.45846e-323 inf 0.00146491 
1.40732e+14 0.935628 inf -nan 1.43223e+06 -nan inf -3.45846e-323 inf 0.00146491 
1.40732e+14 0.935628 inf -nan 1.43223e+06 -nan inf -3.45846e-323 inf 0.00146491 
1.40732e+14 0.935628 inf -nan 1.43223e+06 -nan inf -3.45846e-323 inf 0.00146491 
1.40732e+14 0.935628 inf -nan 1.43223e+06 -nan inf -3.45846e-323 inf 0.00146491 
1.40732e+14 0.935628 inf -nan 1.43223e+06 -nan inf -3.45846e-323 inf 0.00146491 
1.40732e+14 0.935628 inf -nan 1.43223e+06 -nan inf -3.45846e-323 inf 0.00146491 
1.40732e+14 0.935628 inf -nan 1.43223e+06 -nan inf -3.45846e-323 inf 0.00146491 
1.40732e+14 0.935628 inf -nan 1.43223e+06 -nan inf -3.45846e-323 inf 0.00146491 
1.40732e+14 0.935628 inf -nan 1.43223e+06 -nan inf -3.45846e-323 inf 0.00146491 
1.40732e+14 0.935628 inf -nan 1.43223e+06 -nan inf -3.45846e-323 inf 0.00146491 
1.40732e+14 0.935628 inf -nan 1.43223e+06 -nan inf -3.45846e-323 inf 0.00146491 
1.40732e+14 0.935628 inf -nan 1.43223e+06 -nan inf -3.45846e-323 inf 0.00146491 
1.40732e+14 0.935628 inf -nan 1.43223e+06 -nan inf -3.45846e-323 inf 0.00146491 
1.40732e+14 0.935628 inf -nan 1.43223e+06 -nan inf -3.45846e-323 inf 0.00146491 
1.40732e+14 0.935628 inf -nan 1.43223e+06 -nan inf -3.45846e-323 inf 0.00146491 
1.40732e+14 0.935628 inf -nan 1.43223e+06 -nan inf -3.45846e-323 inf 0.00146491 
1.40732e+14 0.935628 inf -nan 1.43223e+06 -nan inf -3.45846e-323 inf 0.00146491 
1.40732e+14 0.935628 inf -nan 1.43223e+06 -nan inf -3.45846e-323 inf 0.00146491 
1.40732e+14 0.935628 inf -nan 1.43223e+06 -nan inf -3.45846e-323 inf 0.00146491 
1.40732e+14 0.935628 inf -nan 1.43223e+06 -nan inf -3.45846e-323 inf 0.00146491 
1.40732e+14 0.935628 inf -nan 1.43223e+06 -nan inf -3.45846e-323 inf 0.00146491 
1.40732e+14 0.935628 inf -nan 1.43223e+06 -nan inf -3.45846e-323 inf 0.00146491 
1.40732e+14 0.935628 inf -nan 1.43223e+06 -nan inf -3.45846e-323 inf 0.00146491 
1.40732e+14 0.935628 inf -nan 1.43223e+06 -nan inf -3.45846e-323 inf 0.00146491 
1.40732e+14 0.935628 inf -nan 1.43223e+06 -nan inf -3.45846e-323 inf 0.00146491 
1.40732e+14 0.935628 inf -nan 1.43223e+06 -nan inf -3.45846e-323 inf 0.00146491 
1.40732e+14 0.935628 inf -nan 1.43223e+06 -nan inf -3.45846e-323 inf 0.00146491 
1.40732e+14 0.935628 inf -nan 1.43223e+06 -nan inf -3.45846e-323 inf 0.00146491 
1.40732e+14 0.935628 inf -nan 1.43223e+06 -nan inf -3.45846e-323 inf 0.00146491 
1.40732e+14 0.935628 inf -nan 1.43223e+06 -nan inf -3.45846e-323 inf 0.00146491 
1.40732e+14 0.935628 inf -nan 1.43223e+06 -nan inf -3.45846e-323 inf 0.00146491 
1.40732e+14 0.935628 inf -nan 1.43223e+06 -nan inf -3.45846e-323 inf 0.00146491 
1.40732e+14 0.935628 inf -nan 1.43223e+06 -nan inf -3.45846e-323 inf 0.00146491 
1.40732e+14 0.935628 inf -nan 1.43223e+06 -nan inf -3.45846e-323 inf 0.00146491 
1.40732e+14 0.935628 inf -nan 1.43223e+06 -nan inf -3.45846e-323 inf 0.00146491 
1.40732e+14 0.935628 inf -nan 1.43223e+06 -nan inf -3.45846e-323 inf 0.00146491 
1.40732e+14 0.935628 inf -nan 1.43223e+06 -nan inf -3.45846e-323 inf 0.00146491 
1.40732e+14 0.935628 inf -nan 1.43223e+06 -nan inf -3.45846e-323 inf 0.00146491 
1.40732e+14 0.935628 inf -nan 1.43223e+06 -nan inf -3.45846e-323 inf 0.00146491 
1.40732e+14 0.935628 inf -nan 1.43223e+06 -nan inf -3.45846e-323 inf 0.00146491 
1.40732e+14 0.935628 inf -nan 1.43223e+06 -nan inf -3.45846e-323 inf 0.00146491 
1.40732e+14 0.935628 inf -nan 1.43223e+06 -nan inf -3.45846e-323 inf 0.00146491 
1.40732e+14 0.935628 inf -nan 1.43223e+06 -nan inf -3.45846e-323 inf 0.00146491 
1.40732e+14 0.935628 inf -nan 1.43223e+06 -nan inf -3.45846e-323 inf 0.00146491 
1.40732e+14 0.935628 inf -nan 1.43223e+06 -nan inf -3.45846e-323 inf 0.00146491 
1.40732e+14 0.935628 inf -nan 1.43223e+06 -nan inf -3.45846e-323 inf 0.00146491 
1.40732e+14 0.935628 inf -nan 1.43223e+06 -nan inf -3.45846e-323 inf 0.00146491 
1.40732e+14 0.935628 inf -nan 1.43223e+06 -nan inf -3.45846e-323 inf 0.00146491 
1.40732e+14 0.935628 inf -nan 1.43223e+06 -nan inf -3.45846e-323 inf 0.00146491 
1.40732e+14 0.935628 inf -nan 1.43223e+06 -nan inf -3.45846e-323 inf 0.00146491 
1.40732e+14 0.935628 inf -nan 1.43223e+06 -nan inf -3.45846e-323 inf 0.00146491 
1.40732e+14 0.935628 inf -nan 1.43223e+06 -nan inf -3.45846e-323 inf 0.00146491 
1.40732e+14 0.935628 inf -nan 1.43223e+06 -nan inf -3.45846e-323 inf 0.00146491 
1.40732e+14 0.935628 inf -nan 1.43223e+06 -nan inf -3.45846e-323 inf 0.00146491 
1.40732e+14 0.935628 inf -nan 1.43223e+06 -nan inf -3.45846e-323 inf 0.00146491 
1.40732e+14 0.935628 inf -nan 1.43223e+06 -nan inf -3.45846e-323 inf 0.00146491 
1.40732e+14 0.935628 inf -nan 1.43223e+06 -nan inf -3.45846e-323 inf 0.00146491 
1.40732e+14 0.935628 inf -nan 1.43223e+06 -nan inf -3.45846e-323 inf 0.00146491 
1.40732e+14 0.935628 inf -nan 1.43223e+06 -nan inf -3.45846e-323 inf 0.00146491 
1.40732e+14 0.935628 inf -nan 1.43223e+06 -nan inf -3.45846e-323 inf 0.00146491 
1.40732e+14 0.935628 inf -nan 1.43223e+06 -nan inf -3.45846e-323 inf 0.00146491 
1.40732e+14 0.935628 inf -nan 1.43223e+06 -nan inf -3.45846e-323 inf 0.00146491 
1.40732e+14 0.935628 inf -nan 1.43223e+06 -nan inf -3.45846e-323 inf 0.00146491 
1.40732e+14 0.935628 inf -nan 1.43223e+06 -nan inf -3.45846e-323 inf 0.00146491 
1.40732e+14 0.935628 inf -nan 1.43223e+06 -nan inf -3.45846e-323 inf 0.00146491 
1.40732e+14 0.935628 inf -nan 1.43223e+06 -nan inf -3.45846e-323 inf 0.00146491 
1.40732e+14 0.935628 inf -nan 1.43223e+06 -nan inf -3.45846e-323 inf 0.00146491 
1.40732e+14 0.935628 inf -nan 1.43223e+06 -nan inf -3.45846e-323 inf 0.00146491 
1.40732e+14 0.935628 inf -nan 1.43223e+06 -nan inf -3.45846e-323 inf 0.00146491 
1.40732e+14 0.935628 inf -nan 1.43223e+06 -nan inf -3.45846e-323 inf 0.00146491 
1.40732e+14 0.935628 inf -nan 1.43223e+06 -nan inf -3.45846e-323 inf 0.00146491 
