0.0454545 0.0454545 0.0454545 0.0454545 0.0749891 0.0454545 0.0454545 0.0454545 0.0454545 0.0454545 
0.0227273 0.0454545 0.0227273 0.0454545 1.01e+06 0.0454545 0.0227273 0.0227273 0.0454545 0.0454545 
0.0151517 0.0454547 0.0151517 0.0454547 673663 0.0454547 0.0151517 0.0151517 0.0454547 0.045455 
0.0113641 0.0454551 0.0113641 0.0454551 505496 0.0454551 0.0113641 0.0113641 0.0454551 0.0454563 
0.0090918 0.0454559 0.0090918 0.0454559 404596 0.0454559 0.0090918 0.0090918 0.0454559 0.045459 
0.00757724 0.0454571 0.00757724 0.0454571 337329 0.0454571 0.00757724 0.00757724 0.0454571 0.0454634 
0.00649571 0.045459 0.00649571 0.045459 289281 0.045459 0.00649571 0.00649571 0.0454589 0.04547 
0.00568488 0.0454615 0.00568488 0.0454615 253246 0.0454615 0.00568488 0.00568488 0.0454614 0.0454791 
0.00505456 0.0454648 0.00505456 0.0454648 225218 0.0454648 0.00505456 0.00505456 0.0454647 0.045491 
0.00455063 0.0454689 0.00455063 0.0454689 202796 0.0454689 0.00455063 0.00455063 0.0454689 0.0455063 
0.00413865 0.045474 0.00413865 0.045474 184450 0.045474 0.00413865 0.00413865 0.045474 0.0455252 
0.00379567 0.0454802 0.00379567 0.0454802 169162 0.0454802 0.00379567 0.00379567 0.0454801 0.045548 
0.00350578 0.0454875 0.00350578 0.0454875 156226 0.0454875 0.00350578 0.00350578 0.0454874 0.0455751 
0.00325763 0.045496 0.00325763 0.045496 145139 0.045496 0.00325763 0.00325763 0.045496 0.0456069 
0.0030429 0.0455059 0.0030429 0.0455059 135529 0.0455059 0.0030429 0.0030429 0.0455058 0.0456435 
0.00285534 0.0455171 0.00285534 0.0455171 127121 0.0455171 0.00285534 0.00285534 0.045517 0.0456854 
0.00269016 0.0455298 0.00269016 0.0455298 119702 0.0455298 0.00269016 0.00269016 0.0455297 0.0457328 
0.00254366 0.045544 0.00254366 0.045544 113107 0.045544 0.00254366 0.00254366 0.0455439 0.045786 
0.0024129 0.0455599 0.0024129 0.0455599 107206 0.0455599 0.0024129 0.0024129 0.0455597 0.0458452 
0.00229553 0.0455774 0.00229553 0.0455774 101896 0.0455774 0.00229553 0.00229553 0.0455773 0.0459107 
0.00218965 0.0455967 0.00218965 0.0455967 97091.2 0.0455967 0.00218965 0.00218965 0.0455966 0.0459827 
0.00209371 0.0456178 0.00209371 0.0456178 92723.3 0.0456178 0.00209371 0.00209371 0.0456177 0.0460616 
0.00200641 0.0456409 0.00200641 0.0456409 88735.2 0.0456409 0.00200641 0.00200641 0.0456407 0.0461475 
0.00192669 0.0456659 0.00192669 0.0456659 85079.5 0.0456659 0.00192669 0.00192669 0.0456657 0.0462406 
0.00185365 0.0456929 0.00185365 0.0456929 81716.2 0.0456929 0.00185365 0.00185365 0.0456927 0.0463411 
0.00178651 0.045722 0.00178651 0.045722 78611.6 0.045722 0.00178651 0.00178651 0.0457218 0.0464493 
0.00172464 0.0457532 0.00172464 0.0457532 75737.1 0.0457532 0.00172464 0.00172464 0.045753 0.0465654 
0.00166748 0.0457866 0.00166748 0.0457866 73067.8 0.0457866 0.00166748 0.00166748 0.0457865 0.0466895 
0.00161454 0.0458223 0.00161454 0.0458223 70582.7 0.0458223 0.00161454 0.00161454 0.0458221 0.0468218 
0.00156541 0.0458603 0.00156541 0.0458603 68263.3 0.0458603 0.00156541 0.00156541 0.0458602 0.0469624 
0.00151973 0.0459007 0.00151973 0.0459007 66093.5 0.0459007 0.00151973 0.00151973 0.0459005 0.0471116 
0.00147717 0.0459435 0.00147717 0.0459435 64059.3 0.0459435 0.00147717 0.00147717 0.0459433 0.0472695 
0.00143746 0.0459887 0.00143746 0.0459887 62148.4 0.0459887 0.00143746 0.00143746 0.0459885 0.0474363 
0.00140035 0.0460365 0.00140035 0.0460365 60350 0.0460365 0.00140035 0.00140035 0.0460363 0.047612 
0.00136562 0.0460867 0.00136562 0.0460867 58654.3 0.0460867 0.00136562 0.00136562 0.0460865 0.0477968 
0.0455102 0.0544455 0.0455075 0.0455062 0.21045 0.0455036 0.0455023 -0.102917 0.0454997 0.0454984 
0.0228515 0.0500942 0.0228502 0.0456027 465140 0.0456 0.0228476 0.0244951 0.0455961 0.0456912 
0.0153017 0.0487017 0.0153008 0.0457021 320500 0.0456995 0.015299 0.016017 0.0456955 0.0458931 
0.011529 0.0480565 0.0115283 0.0458046 244588 0.045802 0.011527 0.011928 0.045798 0.046104 
0.00926725 0.0477128 0.00926672 0.0459101 197824 0.0459075 0.00926565 0.00952164 0.0459035 0.0463242 
0.00776097 0.0475217 0.00776053 0.0460187 166123 0.0460161 0.00775963 0.00793743 0.0460121 0.0465538 
0.00668641 0.0474193 0.00668603 0.0461305 143217 0.0461278 0.00668526 0.0068161 0.0461238 0.0467927 
0.00588169 0.0473734 0.00588135 0.0462453 125892 0.0462427 0.00588067 0.00598111 0.0462386 0.0470413 
0.00525686 0.0473664 0.00525656 0.0463634 112330 0.0463607 0.00525595 0.00533558 0.0463566 0.0472995 
0.00475797 0.0473876 0.0047577 0.0464846 101424 0.0464819 0.00475715 0.0048219 0.0464778 0.0475674 
0.00435068 0.0474302 0.00435043 0.046609 92464.9 0.0466063 0.00434993 0.00440368 0.0466022 0.0478451 
0.0040121 0.0474896 0.00401187 0.0467367 84973.2 0.046734 0.00401141 0.00405679 0.0467298 0.0481327 
0.00372637 0.0475628 0.00372616 0.0468676 78615.8 0.0468649 0.00372573 0.00376459 0.0468607 0.0484303 
0.00348218 0.0476474 0.00348198 0.0470018 73153.3 0.0469991 0.00348158 0.00351527 0.0469949 0.048738 
0.00327123 0.047742 0.00327104 0.0471393 68409.2 0.0471366 0.00327066 0.00330017 0.0471324 0.0490557 
0.00308727 0.0478453 0.00308709 0.0472801 64250.5 0.0472774 0.00308674 0.00311283 0.0472732 0.0493836 
0.00292556 0.0479563 0.00292539 0.0474242 60575.2 0.0474215 0.00292505 0.00294831 0.0474172 0.0497216 
0.00278238 0.0480743 0.00278222 0.0475717 57303.6 0.047569 0.0027819 0.00280278 0.0475647 0.05007 
0.00265482 0.0481987 0.00265467 0.0477225 54372.7 0.0477198 0.00265436 0.00267322 0.0477155 0.0504286 
0.00254053 0.0483292 0.00254039 0.0478767 51731.9 0.0478739 0.00254009 0.00255723 0.0478696 0.0507975 
0.0476646 0.060976 0.0476576 0.0476556 0.166166 0.0476518 0.0476498 -0.0869968 0.0476459 0.047644 
0.0240137 0.0545448 0.0240102 0.0478371 244490 0.0478332 0.0240063 0.0255903 0.0478273 0.0480068 
0.0161334 0.0525045 0.016131 0.0480217 166998 0.0480178 0.0161284 0.0168223 0.0480119 0.0483792 
0.0121956 0.051576 0.0121938 0.0482096 126920 0.0482057 0.0121918 0.0125809 0.0481998 0.0487614 
0.00983492 0.051096 0.00983348 0.0484008 102431 0.0483969 0.00983189 0.0100812 0.0483909 0.0491534 
0.00826276 0.0508425 0.00826156 0.0485952 85915.4 0.0485913 0.00826022 0.008434 0.0485853 0.0495553 
0.0071412 0.05072 0.00714016 0.0487929 74025.1 0.0487889 0.00713901 0.00726732 0.048783 0.049967 
0.00630127 0.0506807 0.00630036 0.0489939 65055.5 0.0489899 0.00629934 0.00639815 0.0489839 0.0503886 
0.0056491 0.050698 0.00564828 0.0491982 58048.3 0.0491942 0.00564737 0.00572594 0.0491882 0.0508201 
0.00512835 0.0507559 0.00512761 0.0494058 52422.9 0.0494018 0.00512678 0.00519088 0.0493957 0.0512616 
0.0047032 0.0508443 0.00470252 0.0496167 47807.4 0.0496126 0.00470176 0.00475512 0.0496065 0.0517131 
0.00434973 0.0509564 0.0043491 0.0498309 43952.2 0.0498268 0.00434841 0.00439358 0.0498207 0.0521746 
0.00405142 0.0510876 0.00405083 0.0500484 40683.8 0.0500443 0.00405019 0.00408898 0.0500382 0.0526461 
0.00379644 0.0512344 0.00379589 0.0502692 37877.8 0.0502652 0.00379528 0.00382901 0.050259 0.0531276 
0.00357612 0.0513943 0.00357561 0.0504934 35442.4 0.0504894 0.00357504 0.00360466 0.0504832 0.0536191 
0.0539089 0.0927107 0.0536877 0.0537058 0.191112 0.0536517 0.0536801 -0.119229 0.0536949 0.0536265 
0.0498653 0.099294 0.0498869 0.0498867 0.199361 0.049873 0.0498796 -0.12611 0.0498529 0.0498688 
0.0251707 0.0754799 0.0251815 0.0501248 259854 0.050111 0.0251779 0.0273014 0.0500908 0.0503449 
0.0169421 0.0674156 0.0169495 0.050366 178603 0.0503521 0.016947 0.0178715 0.0503319 0.0508301 
0.0128302 0.0634509 0.0128357 0.0506102 136192 0.0505963 0.0128339 0.0133506 0.0505759 0.0513245 
0.0103648 0.0611545 0.0103693 0.0508575 110136 0.0508435 0.0103678 0.0106983 0.050823 0.0518281 
0.00872283 0.0597013 0.00872661 0.0511078 92502.8 0.0510938 0.00872535 0.00895528 0.0510732 0.0523409 
0.00755127 0.0587342 0.00755455 0.0513612 79777.1 0.0513472 0.00755347 0.00772301 0.0513265 0.052863 
0.00667377 0.0580731 0.00667666 0.0516177 70160.4 0.0516036 0.00667571 0.00680613 0.0515828 0.0533943 
0.00599229 0.0576178 0.0059949 0.0518773 62637.6 0.0518631 0.00599405 0.00609765 0.0518423 0.0539349 
0.00544804 0.0573078 0.00545041 0.05214 56591.8 0.0521257 0.00544964 0.00553406 0.0521048 0.0544848 
0.00500359 0.0571044 0.00500576 0.0524057 51627.2 0.0523915 0.00500506 0.00507527 0.0523704 0.055044 
0.00463398 0.056982 0.004636 0.0526746 47477.5 0.0526602 0.00463536 0.00469474 0.0526391 0.0556125 
0.0561854 0.134741 0.0549797 0.0554878 0.224509 0.0557047 0.0553868 -0.159548 0.0547547 0.0556026 
0.0512495 0.156378 0.0513167 0.0512953 0.214973 0.0512645 0.0512545 -0.162597 0.0512577 0.0512354 
0.0258938 0.107173 0.0259278 0.0515646 263479 0.0515337 0.0258964 0.028533 0.0515268 0.0517734 
0.0174447 0.0896393 0.0174676 0.0518367 181650 0.0518057 0.0174465 0.0185948 0.0517988 0.0523198 
0.0132223 0.0807422 0.0132396 0.0521116 138736 0.0520804 0.0132236 0.0138675 0.0520736 0.0528746 
0.0106905 0.0754275 0.0107045 0.0523893 112301 0.052358 0.0106916 0.0111051 0.0523511 0.0534378 
0.00900402 0.0719418 0.00901587 0.0526698 94381.4 0.0526384 0.00900497 0.00929412 0.0526315 0.0540095 
0.00780062 0.0695161 0.00781091 0.0529532 81433.9 0.0529216 0.00780146 0.00801575 0.0529147 0.0545897 
0.00689914 0.0677602 0.00690825 0.0532394 71641.3 0.0532076 0.0068999 0.00706558 0.0532008 0.0551783 
0.00619893 0.0664546 0.00620712 0.0535284 63975.8 0.0534965 0.00619963 0.00633193 0.0534897 0.0557755 
0.00563962 0.0654669 0.00564708 0.0538202 57812.4 0.0537881 0.00564026 0.00574863 0.0537814 0.0563812 
0.00518277 0.064712 0.00518964 0.0541149 52749 0.0540827 0.00518337 0.00527398 0.0540759 0.0569954 
0.0528319 0.198389 0.0525912 0.0530064 0.191783 0.0530145 0.0518412 -0.44148 0.0521444 0.0521596 
0.0523094 0.212221 0.0523457 0.0523021 0.208371 0.0522755 0.0524063 -0.548431 0.0523612 0.052379 
0.0264419 0.139913 0.0264603 0.0525893 223512 0.0525626 0.026491 0.032797 0.0526488 0.0529543 
0.017822 0.112939 0.0178344 0.052879 153866 0.0528522 0.0178552 0.0204638 0.0529391 0.0535374 
0.013514 0.0989404 0.0135234 0.0531714 117411 0.0531444 0.0135392 0.0149617 0.0532318 0.0541282 
0.0109307 0.0904382 0.0109384 0.0534663 94986.1 0.0534392 0.0109512 0.0118473 0.0535272 0.0547268 
0.00920986 0.084775 0.00921634 0.0537639 79798.4 0.0537366 0.00922713 0.00984411 0.0538252 0.0553333 
0.00798179 0.0807696 0.00798742 0.054064 68831.5 0.0540366 0.0079968 0.00844807 0.0541258 0.0559477 
0.00706172 0.0778165 0.00706671 0.0543667 60540.7 0.0543392 0.00707504 0.00741986 0.054429 0.0565699 
0.00634699 0.0755737 0.00635149 0.0546721 54053.2 0.0546445 0.006359 0.00663135 0.0547348 0.0572001 
0.005776 0.073833 0.0057801 0.0549801 48838.4 0.0549523 0.00578695 0.00600773 0.0550433 0.0578382 
0.0519676 0.197503 0.051991 0.0519965 0.303235 0.0520249 0.0519543 -0.641784 0.0519343 0.0519432 
0.0262743 0.131052 0.0262861 0.0522871 374679 0.0523155 0.0262676 0.0333012 0.0522247 0.0525239 
0.0177122 0.106561 0.0177201 0.05258 263573 0.0526086 0.0177077 0.0206091 0.0525174 0.0531118 
0.0134329 0.0939273 0.013439 0.0528752 203479 0.052904 0.0134295 0.0150146 0.0528125 0.0537068 
0.0108668 0.0862863 0.0108717 0.0531729 165807 0.0532019 0.0108641 0.0118661 0.05311 0.054309 
0.00915728 0.0812161 0.00916139 0.053473 139980 0.0535021 0.00915499 0.00984784 0.0534099 0.0549185 
0.00793723 0.0776439 0.00794078 0.0537755 121172 0.0538047 0.00793525 0.0084444 0.0537121 0.0555352 
0.0070231 0.0750213 0.00702625 0.0540804 106863 0.0541098 0.00702137 0.00741236 0.0540169 0.0561593 
0.00631294 0.0730388 0.00631576 0.0543877 95612.3 0.0544173 0.00631139 0.00662182 0.054324 0.0567907 
0.00574555 0.0715084 0.00574811 0.0546975 86534 0.0547273 0.00574414 0.00599714 0.0546337 0.0574296 
0.0513974 0.23193 0.0522906 0.0519763 0.304931 0.0518646 0.0514214 -0.469513 0.0514034 0.0517121 
0.0519704 0.250361 0.0519103 0.0519576 0.357079 0.051992 0.052 -0.572273 0.0519792 0.0519249 
0.0262777 0.163018 0.0262472 0.0522499 394565 0.0522845 0.0262927 0.0327993 0.0522718 0.0525094 
0.0177157 0.129364 0.0176951 0.0525444 281479 0.0525792 0.0177258 0.0204259 0.0525666 0.0531005 
0.0134364 0.111634 0.0134207 0.0528412 218943 0.0528761 0.013444 0.0149229 0.0528637 0.0536985 
0.0108702 0.100754 0.0108574 0.0531403 179254 0.0531753 0.0108763 0.0118124 0.053163 0.0543033 
0.00916052 0.0934453 0.00914973 0.0534416 151825 0.0534768 0.00916569 0.00981348 0.0534646 0.0549149 
0.00794033 0.088234 0.00793094 0.0537452 131737 0.0537806 0.00794479 0.00842107 0.0537686 0.0555335 
0.00702606 0.0843595 0.00701772 0.0540511 116391 0.0540867 0.00703 0.00739585 0.0540748 0.0561592 
0.00631575 0.0813898 0.00630821 0.0543594 104285 0.0543951 0.00631928 0.0066098 0.0543833 0.0567918 
0.050276 0.279164 0.0503889 0.0503889 0.287479 0.0503821 0.0503708 -0.949966 0.0503204 0.0503175 
0.025421 0.18068 0.0254779 0.0506724 283445 0.0506656 0.0254689 0.0342522 0.0506038 0.0508841 
0.0171382 0.141743 0.0171764 0.050958 198664 0.0509511 0.0171704 0.0207102 0.0508892 0.0514569 
0.0129983 0.120977 0.0130272 0.0512458 153068 0.0512387 0.0130227 0.0149372 0.0511768 0.0520362 
0.0105157 0.108132 0.010539 0.0515356 124573 0.0515285 0.0105354 0.0117388 0.0514665 0.0526219 
0.00886171 0.0994478 0.00888123 0.0518277 105077 0.0518205 0.00887827 0.00970741 0.0517584 0.0532141 
0.00768123 0.0932188 0.00769808 0.0521219 90899.7 0.0521146 0.00769556 0.00830334 0.0520524 0.053813 
0.00679671 0.0885604 0.00681155 0.0524183 80125.7 0.0524109 0.00680936 0.00727523 0.0523486 0.0544185 
0.00610949 0.0849678 0.00612278 0.0527169 71661.4 0.0527094 0.00612084 0.00649019 0.0526471 0.0550308 
0.0487664 0.356547 0.0488754 0.0488756 0.310437 0.0488728 0.0489173 -0.823713 0.0488211 0.0488106 
0.0246574 0.23262 0.0247122 0.0491502 298756 0.0491472 0.0247335 0.0324577 0.0490956 0.0493593 
0.016623 0.180114 0.0166598 0.0494268 210620 0.0494237 0.0166743 0.0198057 0.049372 0.0499141 
0.0126074 0.151183 0.0126352 0.0497054 162794 0.0497022 0.0126462 0.0143409 0.0496505 0.050475 
0.0101993 0.132918 0.0102216 0.0499861 132749 0.0499828 0.0102306 0.0112947 0.0499311 0.0510422 
0.0085949 0.12038 0.00861366 0.0502689 112125 0.0502655 0.00862129 0.00935304 0.0502138 0.0516158 
0.00744985 0.111274 0.00746603 0.0505538 97091.2 0.0505503 0.00747269 0.00800783 0.0504986 0.0521958 
0.00659188 0.104385 0.00660612 0.0508409 85646.7 0.0508372 0.00661205 0.00702118 0.0507855 0.0527823 
0.0059253 0.0990117 0.00593803 0.0511301 76643.6 0.0511263 0.00594339 0.00626687 0.0510746 0.0533754 
0.046849 0.417953 0.0469558 0.0469373 0.28929 0.0469511 0.0469791 -1.23863 0.046919 0.0468976 
0.0236876 0.277489 0.0237413 0.0472006 249547 0.0472144 0.0237532 0.0332819 0.0471824 0.0474241 
0.0159691 0.214405 0.0160051 0.047466 175067 0.0474797 0.0160132 0.0197812 0.0474478 0.0479566 
0.0121113 0.178644 0.0121385 0.0477334 134956 0.047747 0.0121447 0.0141642 0.0477152 0.0484951 
0.00979793 0.155667 0.00981979 0.0480027 109866 0.0480163 0.00982488 0.0110869 0.0479846 0.0490397 
0.00825669 0.139696 0.00827501 0.0482742 92691 0.0482877 0.00827934 0.00914509 0.0482561 0.0495906 
0.00715671 0.127981 0.0071725 0.0485477 80195.7 0.0485611 0.00717629 0.00780865 0.0485297 0.0501477 
0.00633253 0.119044 0.00634641 0.0488233 70697.6 0.0488367 0.0063498 0.00683302 0.0488054 0.0507114 
0.0479707 0.513986 0.0502111 0.051328 0.239971 0.0513356 0.0513693 -1.31476 0.0498543 0.0492025 
0.04476 0.478663 0.04475 0.0446587 0.308973 0.0446729 0.0447419 -2.98614 0.0447576 0.0447455 
0.0226316 0.325644 0.0226263 0.0449095 227266 0.0449237 0.0226223 0.0365445 0.0450092 0.0452486 
0.0152575 0.252616 0.0152537 0.0451623 160268 0.0451765 0.0152511 0.0204547 0.0452628 0.0457575 
0.0115719 0.20992 0.0115689 0.0454171 123891 0.0454312 0.0115669 0.0142998 0.0455183 0.0462723 
0.00936175 0.181954 0.00935919 0.0456738 101033 0.0456879 0.00935764 0.0110499 0.0457759 0.0467933 
0.00788937 0.162252 0.0078871 0.0459326 85340 0.0459466 0.00788582 0.00904165 0.0460354 0.0473204 
0.00683856 0.147649 0.00683651 0.0461934 73899.5 0.0462074 0.00683541 0.00767813 0.0462971 0.0478539 
0.00605126 0.136414 0.00604936 0.0464564 65190.1 0.0464702 0.00604841 0.00669218 0.0465608 0.0483937 
0.0422607 0.495705 0.0423107 0.0423122 0.320897 0.0423091 0.0423932 -6.88497 0.0423295 0.0422678 
0.0213689 0.339482 0.021394 0.0425508 227625 0.0425476 0.0214357 0.0381947 0.0425684 0.0427449 
0.0144069 0.263517 0.0144237 0.0427914 161040 0.042788 0.0144517 0.0204186 0.0428092 0.0432277 
0.0109274 0.218665 0.01094 0.0430338 124720 0.0430304 0.0109613 0.014034 0.043052 0.0437165 
0.0088409 0.189103 0.00885098 0.0432783 101828 0.0432747 0.00886818 0.0107491 0.0432968 0.0442113 
0.00745093 0.168183 0.00745934 0.0435248 86079.6 0.0435211 0.00747382 0.00874821 0.0435436 0.0447124 
0.00645899 0.152625 0.00646622 0.0437734 74583.2 0.0437695 0.00647875 0.00740207 0.0437924 0.0452196 
0.00571583 0.140621 0.00572217 0.044024 65822.3 0.04402 0.00573324 0.00643488 0.0440434 0.0457333 
0.0397359 0.618093 0.039768 0.039777 0.384362 0.0397825 -nan -15.1721 0.0397974 0.039747 
0.020094 0.453664 0.02011 0.0400031 262881 0.0400085 inf 0.0380032 0.0400238 0.0401992 
0.0135487 0.362186 0.0135593 0.0402311 189204 0.0402364 inf 0.019772 0.0402521 0.0406571 
0.0102774 0.303971 0.0102854 0.0404611 147937 0.0404663 inf 0.0134609 0.0404823 0.0411209 
0.00831593 0.263702 0.00832233 0.040693 121518 0.0406982 inf 0.0102608 0.0407145 0.0415908 
0.00700929 0.234214 0.00701462 0.040927 103156 0.0409321 inf 0.00832686 0.0409488 0.0420668 
0.00607688 0.211709 0.00608144 0.0411631 89653.4 0.041168 inf 0.00703231 0.0411851 0.0425492 
0.0409547 0.671416 0.0409807 0.0430694 0.387379 0.0430726 -nan 7.03715 0.0410277 0.0411457 
0.0373387 0.619558 0.0372508 0.037135 0.456086 0.0371087 -nan 2.38621 0.0373096 0.0372183 
0.0188845 0.454732 0.0188397 0.0373486 292208 0.0373221 inf 0.123212 0.0375245 0.0376468 
0.012735 0.362758 0.0127046 0.0375642 214903 0.0375374 inf 0.0291615 0.0377413 0.0380812 
0.00966177 0.304122 0.00963859 0.0377818 170110 0.0377547 inf 0.0167034 0.03796 0.0385215 
0.00781905 0.26351 0.00780018 0.0380013 140846 0.0379739 inf 0.011785 0.0381808 0.0389679 
0.00659162 0.233744 0.00657562 0.0382229 120231 0.0381952 inf 0.00915281 0.0384036 0.0394205 
0.0057158 0.21101 0.00570184 0.0384466 104925 0.0384186 inf 0.00751407 0.0386285 0.0398795 
0.0346375 0.63485 0.0346747 0.0346769 0.397893 0.0346416 -nan 2.2941 0.0346922 0.0346631 
0.0175212 0.470246 0.0175398 0.0348793 239641 0.0348438 inf 0.138088 0.0348949 0.0350681 
0.0118177 0.376625 0.0118301 0.0350838 173254 0.0350479 inf 0.0283026 0.0350995 0.0354789 
0.00896745 0.316255 0.00897677 0.0352901 135821 0.035254 inf 0.0159312 0.0353061 0.0358956 
0.00725852 0.274123 0.00726599 0.0354986 111752 0.0354621 inf 0.0111653 0.0355147 0.0363185 
0.00612029 0.243072 0.00612651 0.035709 94975.7 0.0356723 inf 0.00864153 0.0357254 0.0367476 
0.0324782 0.581641 0.0325195 0.032503 0.407279 0.0324754 -nan 2.05543 0.0325626 0.0324857 
0.016432 0.415989 0.0164527 0.0326958 279110 0.032668 inf 0.394665 0.0327558 0.0328713 
0.0110852 0.327251 0.011099 0.0328906 202415 0.0328626 inf 0.0307116 0.032951 0.0332628 
0.00841335 0.271995 0.00842366 0.0330874 158955 0.0330591 inf 0.0161606 0.0331482 0.0336603 
0.00681147 0.23431 0.0068197 0.0332863 130931 0.0332578 inf 0.0110502 0.0333474 0.034064 
0.00574461 0.206988 0.00575146 0.0334872 111361 0.0334585 inf 0.00844443 0.0335488 0.0344741 
0.0322576 0.591355 0.0336176 0.0329694 0.372724 0.0324468 -nan 2.50737 0.0319208 0.031061 
0.0302714 0.632116 0.0301658 0.0302321 0.414876 0.0302955 -nan 4.72884 0.0303792 0.030471 
0.0153197 0.466696 0.015266 0.0304157 264737 0.0304795 inf 0.041301 0.0305637 0.0308412 
0.0103378 0.372721 0.0103013 0.0306013 192556 0.0306654 inf 0.0177778 0.0307501 0.0312175 
0.00784838 0.312163 0.00782056 0.0307889 151435 0.0308534 inf 0.0114276 0.0309386 0.0316 
0.00635599 0.269915 0.00633333 0.0309786 124854 0.0310435 inf 0.00847497 0.0311291 0.0319888 
0.0305167 0.592414 0.0310905 0.0307785 0.377745 0.0313084 -nan -16.3011 0.0322081 0.0324548 
0.0281407 0.61659 0.028097 0.0281774 0.398911 0.0280052 -nan 3.04777 0.0280559 0.0279796 
0.0142454 0.450201 0.0142231 0.0283525 271376 0.0281793 inf 0.0539993 0.0282302 0.0283276 
0.00961565 0.357271 0.0096004 0.0285297 196522 0.0283554 inf 0.0188303 0.0284064 0.0286816 
0.0073023 0.297984 0.0072906 0.0287089 154183 0.0285335 inf 0.0115165 0.0285847 0.0290416 
0.00591557 0.256899 0.00590598 0.0288902 126923 0.0287137 inf 0.00835373 0.0287651 0.029408 
0.0295752 0.59371 0.0298952 0.0290863 0.338492 0.0289313 -nan 5.16973 0.0283281 0.0276 
0.0259539 0.562586 0.0259511 0.0260794 0.461797 0.0259892 -nan 4.14187 0.0264436 0.026298 
0.0131427 0.396389 0.0131411 0.0262459 346289 0.0261551 inf 0.0380802 0.0266124 0.026634 
0.00887431 0.308912 0.00887311 0.0264144 255593 0.026323 inf 0.0157467 0.0267833 0.0269761 
0.00674165 0.254974 0.00674064 0.026585 202743 0.0264929 inf 0.0100205 0.0269563 0.0273244 
0.00546331 0.218416 0.00546243 0.0267576 168093 0.026665 inf 0.00739962 0.0271314 0.0276792 
0.0258154 0.525608 0.0268417 0.0251121 0.50602 0.0265708 -nan -29.2491 0.0262978 0.0266405 
0.0239992 0.55262 0.0239989 0.0240339 0.491891 0.0239578 -nan 31.0615 0.0240241 0.0240601 
0.0242879 0.595202 0.0243142 0.0243176 0.543186 0.0242728 -nan 4.56488 0.0243403 0.0243304 
0.0123046 0.427885 0.0123178 0.0244783 365568 0.0244333 inf 0.0339479 0.0245014 0.0246525 
0.00831221 0.336515 0.008321 0.024641 277570 0.0245959 inf 0.0144728 0.0246645 0.0249807 
0.00631761 0.278982 0.00632421 0.0248059 223849 0.0247606 inf 0.00928687 0.0248298 0.0253152 
0.022354 0.490072 0.0228328 0.0223814 0.451929 0.0223293 -nan -808.658 0.0224038 0.0224009 
0.0226508 0.655017 0.0224477 0.0226666 0.620017 0.0226165 -nan 1 0.0227002 0.0227117 
0.00698978 0.548269 0.00887732 0.0227964 729619 0.022671 inf -2.96439e-323 0.0227002 0.00146492 
0.0232677 0.882738 0.0230781 0.0232889 1 0.023221 -nan 1 -nan -nan 
0.0235886 0.788525 0.0233958 0.0236096 1 0.0235413 -nan 1 -nan -nan 
0.011958 0.668814 0.01186 0.0237732 1.54316e+06 0.0237048 inf -3.95253e-323 inf 0.00146492 
0.020633 0.787734 0.020676 0.0206503 1 0.0205933 -nan 1 -nan -nan 
1 0.895359 0.020979 0.0209394 1 0.0208839 -nan 1 -nan -nan 
1.4073e+14 0.861679 0.00531089 0.0210378 1.19548e+06 0.0210313 inf -2.96439e-323 inf 0.00146492 
1.4073e+14 0.840638 0.00239389 0.0210378 1.1956e+06 0.021121 inf -2.96439e-323 inf 0.00146492 
1.4073e+14 0.820633 7.72553e-311 0.0210378 1.19566e+06 0.021121 inf -2.96439e-323 inf 0.00146492 
1.4073e+14 0.80159 7.72553e-311 0.0210378 1.1957e+06 0.021121 inf -2.96439e-323 inf 0.00146492 
1 0.951442 -nan -nan 1 -nan -nan 1 -nan -nan 
1.4073e+14 0.936311 inf -nan 1.43219e+06 -nan inf -3.45846e-323 inf 0.00146492 
1.4073e+14 0.936311 inf -nan 1.43223e+06 -nan inf -3.45846e-323 inf 0.00146492 
1.4073e+14 0.936311 inf -nan 1.43224e+06 -nan inf -3.45846e-323 inf 0.00146492 
1.4073e+14 0.936311 inf -nan 1.43223e+06 -nan inf -3.45846e-323 inf 0.00146492 
1.4073e+14 0.936311 inf -nan 1.43223e+06 -nan inf -3.45846e-323 inf 0.00146492 
1.4073e+14 0.936311 inf -nan 1.43223e+06 -nan inf -3.45846e-323 inf 0.00146492 
1.4073e+14 0.936311 inf -nan 1.43223e+06 -nan inf -3.45846e-323 inf 0.00146492 
1.4073e+14 0.936311 inf -nan 1.43223e+06 -nan inf -3.45846e-323 inf 0.00146492 
1.4073e+14 0.936311 inf -nan 1.43223e+06 -nan inf -3.45846e-323 inf 0.00146492 
1.4073e+14 0.936311 inf -nan 1.43223e+06 -nan inf -3.45846e-323 inf 0.00146492 
1.4073e+14 0.936311 inf -nan 1.43223e+06 -nan inf -3.45846e-323 inf 0.00146492 
1.4073e+14 0.936311 inf -nan 1.43223e+06 -nan inf -3.45846e-323 inf 0.00146492 
1.4073e+14 0.936311 inf -nan 1.43223e+06 -nan inf -3.45846e-323 inf 0.00146492 
1.4073e+14 0.936311 inf -nan 1.43223e+06 -nan inf -3.45846e-323 inf 0.00146492 
1.4073e+14 0.936311 inf -nan 1.43223e+06 -nan inf -3.45846e-323 inf 0.00146492 
1.4073e+14 0.936311 inf -nan 1.43223e+06 -nan inf -3.45846e-323 inf 0.00146492 
1.4073e+14 0.936311 inf -nan 1.43223e+06 -nan inf -3.45846e-323 inf 0.00146492 
1.4073e+14 0.936311 inf -nan 1.43223e+06 -nan inf -3.45846e-323 inf 0.00146492 
1.4073e+14 0.936311 inf -nan 1.43223e+06 -nan inf -3.45846e-323 inf 0.00146492 
1.4073e+14 0.936311 inf -nan 1.43223e+06 -nan inf -3.45846e-323 inf 0.00146492 
1.4073e+14 0.936311 inf -nan 1.43223e+06 -nan inf -3.45846e-323 inf 0.00146492 
1.4073e+14 0.936311 inf -nan 1.43223e+06 -nan inf -3.45846e-323 inf 0.00146492 
1.4073e+14 0.936311 inf -nan 1.43223e+06 -nan inf -3.45846e-323 inf 0.00146492 
1.4073e+14 0.936311 inf -nan 1.43223e+06 -nan inf -3.45846e-323 inf 0.00146492 
1.4073e+14 0.936311 inf -nan 1.43223e+06 -nan inf -3.45846e-323 inf 0.00146492 
1.4073e+14 0.936311 inf -nan 1.43223e+06 -nan inf -3.45846e-323 inf 0.00146492 
1.4073e+14 0.936311 inf -nan 1.43223e+06 -nan inf -3.45846e-323 inf 0.00146492 
1.4073e+14 0.936311 inf -nan 1.43223e+06 -nan inf -3.45846e-323 inf 0.00146492 
1.4073e+14 0.936311 inf -nan 1.43223e+06 -nan inf -3.45846e-323 inf 0.00146492 
1.4073e+14 0.936311 inf -nan 1.43223e+06 -nan inf -3.45846e-323 inf 0.00146492 
1.4073e+14 0.936311 inf -nan 1.43223e+06 -nan inf -3.45846e-323 inf 0.00146492 
1.4073e+14 0.936311 inf -nan 1.43223e+06 -nan inf -3.45846e-323 inf 0.00146492 
1.4073e+14 0.936311 inf -nan 1.43223e+06 -nan inf -3.45846e-323 inf 0.00146492 
1.4073e+14 0.936311 inf -nan 1.43223e+06 -nan inf -3.45846e-323 inf 0.00146492 
1.4073e+14 0.936311 inf -nan 1.43223e+06 -nan inf -3.45846e-323 inf 0.00146492 
1.4073e+14 0.936311 inf -nan 1.43223e+06 -nan inf -3.45846e-323 inf 0.00146492 
1.4073e+14 0.936311 inf -nan 1.43223e+06 -nan inf -3.45846e-323 inf 0.00146492 
1.4073e+14 0.936311 inf -nan 1.43223e+06 -nan inf -3.45846e-323 inf 0.00146492 
1.4073e+14 0.936311 inf -nan 1.43223e+06 -nan inf -3.45846e-323 inf 0.00146492 
1.4073e+14 0.936311 inf -nan 1.43223e+06 -nan inf -3.45846e-323 inf 0.00146492 
1.4073e+14 0.936311 inf -nan 1.43223e+06 -nan inf -3.45846e-323 inf 0.00146492 
1.4073e+14 0.936311 inf -nan 1.43223e+06 -nan inf -3.45846e-323 inf 0.00146492 
1.4073e+14 0.936311 inf -nan 1.43223e+06 -nan inf -3.45846e-323 inf 0.00146492 
1.4073e+14 0.936311 inf -nan 1.43223e+06 -nan inf -3.45846e-323 inf 0.00146492 
1.4073e+14 0.936311 inf -nan 1.43223e+06 -nan inf -3.45846e-323 inf 0.00146492 
1.4073e+14 0.936311 inf -nan 1.43223e+06 -nan inf -3.45846e-323 inf 0.00146492 
1.4073e+14 0.936311 inf -nan 1.43223e+06 -nan inf -3.45846e-323 inf 0.00146492 
1.4073e+14 0.936311 inf -nan 1.43223e+06 -nan inf -3.45846e-323 inf 0.00146492 
1.4073e+14 0.936311 inf -nan 1.43223e+06 -nan inf -3.45846e-323 inf 0.00146492 
1.4073e+14 0.936311 inf -nan 1.43223e+06 -nan inf -3.45846e-323 inf 0.00146492 
1.4073e+14 0.936311 inf -nan 1.43223e+06 -nan inf -3.45846e-323 inf 0.00146492 
1.4073e+14 0.936311 inf -nan 1.43223e+06 -nan inf -3.45846e-323 inf 0.00146492 
1.4073e+14 0.936311 inf -nan 1.43223e+06 -nan inf -3.45846e-323 inf 0.00146492 
1.4073e+14 0.936311 inf -nan 1.43223e+06 -nan inf -3.45846e-323 inf 0.00146492 
1.4073e+14 0.936311 inf -nan 1.43223e+06 -nan inf -3.45846e-323 inf 0.00146492 
1.4073e+14 0.936311 inf -nan 1.43223e+06 -nan inf -3.45846e-323 inf 0.00146492 
1.4073e+14 0.936311 inf -nan 1.43223e+06 -nan inf -3.45846e-323 inf 0.00146492 
1.4073e+14 0.936311 inf -nan 1.43223e+06 -nan inf -3.45846e-323 inf 0.00146492 
1.4073e+14 0.936311 inf -nan 1.43223e+06 -nan inf -3.45846e-323 inf 0.00146492 
1.4073e+14 0.936311 inf -nan 1.43223e+06 -nan inf -3.45846e-323 inf 0.00146492 
1.4073e+14 0.936311 inf -nan 1.43223e+06 -nan inf -3.45846e-323 inf 0.00146492 
1.4073e+14 0.936311 inf -nan 1.43223e+06 -nan inf -3.45846e-323 inf 0.00146492 
1.4073e+14 0.936311 inf -nan 1.43223e+06 -nan inf -3.45846e-323 inf 0.00146492 
1.4073e+14 0.936311 inf -nan 1.43223e+06 -nan inf -3.45846e-323 inf 0.00146492 
1.4073e+14 0.936311 inf -nan 1.43223e+06 -nan inf -3.45846e-323 inf 0.00146492 
1.4073e+14 0.936311 inf -nan 1.43223e+06 -nan inf -3.45846e-323 inf 0.00146492 
1.4073e+14 0.936311 inf -nan 1.43223e+06 -nan inf -3.45846e-323 inf 0.00146492 
1.4073e+14 0.936311 inf -nan 1.43223e+06 -nan inf -3.45846e-323 inf 0.00146492 
1.4073e+14 0.936311 inf -nan 1.43223e+06 -nan inf -3.45846e-323 inf 0.00146492 
1.4073e+14 0.936311 inf -nan 1.43223e+06 -nan inf -3.45846e-323 inf 0.00146492 
1.4073e+14 0.936311 inf -nan 1.43223e+06 -nan inf -3.45846e-323 inf 0.00146492 
1.4073e+14 0.936311 inf -nan 1.43223e+06 -nan inf -3.45846e-323 inf 0.00146492 
1.4073e+14 0.936311 inf -nan 1.43223e+06 -nan inf -3.45846e-323 inf 0.00146492 
1.4073e+14 0.936311 inf -nan 1.43223e+06 -nan inf -3.45846e-323 inf 0.00146492 
1.4073e+14 0.936311 inf -nan 1.43223e+06 -nan inf -3.45846e-323 inf 0.00146492 
1.4073e+14 0.936311 inf -nan 1.43223e+06 -nan inf -3.45846e-323 inf 0.00146492 
1.4073e+14 0.936311 inf -nan 1.43223e+06 -nan inf -3.45846e-323 inf 0.00146492 
1.4073e+14 0.936311 inf -nan 1.43223e+06 -nan inf -3.45846e-323 inf 0.00146492 
1.4073e+14 0.936311 inf -nan 1.43223e+06 -nan inf -3.45846e-323 inf 0.00146492 
1.4073e+14 0.936311 inf -nan 1.43223e+06 -nan inf -3.45846e-323 inf 0.00146492 
1.4073e+14 0.936311 inf -nan 1.43223e+06 -nan inf -3.45846e-323 inf 0.00146492 
1.4073e+14 0.936311 inf -nan 1.43223e+06 -nan inf -3.45846e-323 inf 0.00146492 
1.4073e+14 0.936311 inf -nan 1.43223e+06 -nan inf -3.45846e-323 inf 0.00146492 
1.4073e+14 0.936311 inf -nan 1.43223e+06 -nan inf -3.45846e-323 inf 0.00146492 
1.4073e+14 0.936311 inf -nan 1.43223e+06 -nan inf -3.45846e-323 inf 0.00146492 
1.4073e+14 0.936311 inf -nan 1.43223e+06 -nan inf -3.45846e-323 inf 0.00146492 
1.4073e+14 0.936311 inf -nan 1.43223e+06 -nan inf -3.45846e-323 inf 0.00146492 
1.4073e+14 0.936311 inf -nan 1.43223e+06 -nan inf -3.45846e-323 inf 0.00146492 
1.4073e+14 0.936311 inf -nan 1.43223e+06 -nan inf -3.45846e-323 inf 0.00146492 
1.4073e+14 0.936311 inf -nan 1.43223e+06 -nan inf -3.45846e-323 inf 0.00146492 
1.4073e+14 0.936311 inf -nan 1.43223e+06 -nan inf -3.45846e-323 inf 0.00146492 
1.4073e+14 0.936311 inf -nan 1.43223e+06 -nan inf -3.45846e-323 inf 0.00146492 
1.4073e+14 0.936311 inf -nan 1.43223e+06 -nan inf -3.45846e-323 inf 0.00146492 
1.4073e+14 0.936311 inf -nan 1.43223e+06 -nan inf -3.45846e-323 inf 0.00146492 
1.4073e+14 0.936311 inf -nan 1.43223e+06 -nan inf -3.45846e-323 inf 0.00146492 
1.4073e+14 0.936311 inf -nan 1.43223e+06 -nan inf -3.45846e-323 inf 0.00146492 
1.4073e+14 0.936311 inf -nan 1.43223e+06 -nan inf -3.45846e-323 inf 0.00146492 
1.4073e+14 0.936311 inf -nan 1.43223e+06 -nan inf -3.45846e-323 inf 0.00146492 
1.4073e+14 0.936311 inf -nan 1.43223e+06 -nan inf -3.45846e-323 inf 0.00146492 
1.4073e+14 0.936311 inf -nan 1.43223e+06 -nan inf -3.45846e-323 inf 0.00146492 
1.4073e+14 0.936311 inf -nan 1.43223e+06 -nan inf -3.45846e-323 inf 0.00146492 
1.4073e+14 0.936311 inf -nan 1.43223e+06 -nan inf -3.45846e-323 inf 0.00146492 
1.4073e+14 0.936311 inf -nan 1.43223e+06 -nan inf -3.45846e-323 inf 0.00146492 
1.4073e+14 0.936311 inf -nan 1.43223e+06 -nan inf -3.45846e-323 inf 0.00146492 
1.4073e+14 0.936311 inf -nan 1.43223e+06 -nan inf -3.45846e-323 inf 0.00146492 
1.4073e+14 0.936311 inf -nan 1.43223e+06 -nan inf -3.45846e-323 inf 0.00146492 
1.4073e+14 0.936311 inf -nan 1.43223e+06 -nan inf -3.45846e-323 inf 0.00146492 
1.4073e+14 0.936311 inf -nan 1.43223e+06 -nan inf -3.45846e-323 inf 0.00146492 
1.4073e+14 0.936311 inf -nan 1.43223e+06 -nan inf -3.45846e-323 inf 0.00146492 
1.4073e+14 0.936311 inf -nan 1.43223e+06 -nan inf -3.45846e-323 inf 0.00146492 
1.4073e+14 0.936311 inf -nan 1.43223e+06 -nan inf -3.45846e-323 inf 0.00146492 
1.4073e+14 0.936311 inf -nan 1.43223e+06 -nan inf -3.45846e-323 inf 0.00146492 
1.4073e+14 0.936311 inf -nan 1.43223e+06 -nan inf -3.45846e-323 inf 0.00146492 
1.4073e+14 0.936311 inf -nan 1.43223e+06 -nan inf -3.45846e-323 inf 0.00146492 
1.4073e+14 0.936311 inf -nan 1.43223e+06 -nan inf -3.45846e-323 inf 0.00146492 
1.4073e+14 0.936311 inf -nan 1.43223e+06 -nan inf -3.45846e-323 inf 0.00146492 
1.4073e+14 0.936311 inf -nan 1.43223e+06 -nan inf -3.45846e-323 inf 0.00146492 
1.4073e+14 0.936311 inf -nan 1.43223e+06 -nan inf -3.45846e-323 inf 0.00146492 
1.4073e+14 0.936311 inf -nan 1.43223e+06 -nan inf -3.45846e-323 inf 0.00146492 
1.4073e+14 0.936311 inf -nan 1.43223e+06 -nan inf -3.45846e-323 inf 0.00146492 
1.4073e+14 0.936311 inf -nan 1.43223e+06 -nan inf -3.45846e-323 inf 0.00146492 
1.4073e+14 0.936311 inf -nan 1.43223e+06 -nan inf -3.45846e-323 inf 0.00146492 
1.4073e+14 0.936311 inf -nan 1.43223e+06 -nan inf -3.45846e-323 inf 0.00146492 
1.4073e+14 0.936311 inf -nan 1.43223e+06 -nan inf -3.45846e-323 inf 0.00146492 
1.4073e+14 0.936311 inf -nan 1.43223e+06 -nan inf -3.45846e-323 inf 0.00146492 
1.4073e+14 0.936311 inf -nan 1.43223e+06 -nan inf -3.45846e-323 inf 0.00146492 
1.4073e+14 0.936311 inf -nan 1.43223e+06 -nan inf -3.45846e-323 inf 0.00146492 
1.4073e+14 0.936311 inf -nan 1.43223e+06 -nan inf -3.45846e-323 inf 0.00146492 
1.4073e+14 0.936311 inf -nan 1.43223e+06 -nan inf -3.45846e-323 inf 0.00146492 
1.4073e+14 0.936311 inf -nan 1.43223e+06 -nan inf -3.45846e-323 inf 0.00146492 
1.4073e+14 0.936311 inf -nan 1.43223e+06 -nan inf -3.45846e-323 inf 0.00146492 
1.4073e+14 0.936311 inf -nan 1.43223e+06 -nan inf -3.45846e-323 inf 0.00146492 
1.4073e+14 0.936311 inf -nan 1.43223e+06 -nan inf -3.45846e-323 inf 0.00146492 
1.4073e+14 0.936311 inf -nan 1.43223e+06 -nan inf -3.45846e-323 inf 0.00146492 
1.4073e+14 0.936311 inf -nan 1.43223e+06 -nan inf -3.45846e-323 inf 0.00146492 
1.4073e+14 0.936311 inf -nan 1.43223e+06 -nan inf -3.45846e-323 inf 0.00146492 
1.4073e+14 0.936311 inf -nan 1.43223e+06 -nan inf -3.45846e-323 inf 0.00146492 
1.4073e+14 0.936311 inf -nan 1.43223e+06 -nan inf -3.45846e-323 inf 0.00146492 
1.4073e+14 0.936311 inf -nan 1.43223e+06 -nan inf -3.45846e-323 inf 0.00146492 
1.4073e+14 0.936311 inf -nan 1.43223e+06 -nan inf -3.45846e-323 inf 0.00146492 
1.4073e+14 0.936311 inf -nan 1.43223e+06 -nan inf -3.45846e-323 inf 0.00146492 
1.4073e+14 0.936311 inf -nan 1.43223e+06 -nan inf -3.45846e-323 inf 0.00146492 
1.4073e+14 0.936311 inf -nan 1.43223e+06 -nan inf -3.45846e-323 inf 0.00146492 
1.4073e+14 0.936311 inf -nan 1.43223e+06 -nan inf -3.45846e-323 inf 0.00146492 
1.4073e+14 0.936311 inf -nan 1.43223e+06 -nan inf -3.45846e-323 inf 0.00146492 
1.4073e+14 0.936311 inf -nan 1.43223e+06 -nan inf -3.45846e-323 inf 0.00146492 
1.4073e+14 0.936311 inf -nan 1.43223e+06 -nan inf -3.45846e-323 inf 0.00146492 
1.4073e+14 0.936311 inf -nan 1.43223e+06 -nan inf -3.45846e-323 inf 0.00146492 
1.4073e+14 0.936311 inf -nan 1.43223e+06 -nan inf -3.45846e-323 inf 0.00146492 
1.4073e+14 0.936311 inf -nan 1.43223e+06 -nan inf -3.45846e-323 inf 0.00146492 
1.4073e+14 0.936311 inf -nan 1.43223e+06 -nan inf -3.45846e-323 inf 0.00146492 
1.4073e+14 0.936311 inf -nan 1.43223e+06 -nan inf -3.45846e-323 inf 0.00146492 
1.4073e+14 0.936311 inf -nan 1.43223e+06 -nan inf -3.45846e-323 inf 0.00146492 
1.4073e+14 0.936311 inf -nan 1.43223e+06 -nan inf -3.45846e-323 inf 0.00146492 
1.4073e+14 0.936311 inf -nan 1.43223e+06 -nan inf -3.45846e-323 inf 0.00146492 
1.4073e+14 0.936311 inf -nan 1.43223e+06 -nan inf -3.45846e-323 inf 0.00146492 
1.4073e+14 0.936311 inf -nan 1.43223e+06 -nan inf -3.45846e-323 inf 0.00146492 
1.4073e+14 0.936311 inf -nan 1.43223e+06 -nan inf -3.45846e-323 inf 0.00146492 
1.4073e+14 0.936311 inf -nan 1.43223e+06 -nan inf -3.45846e-323 inf 0.00146492 
1.4073e+14 0.936311 inf -nan 1.43223e+06 -nan inf -3.45846e-323 inf 0.00146492 
1.4073e+14 0.936311 inf -nan 1.43223e+06 -nan inf -3.45846e-323 inf 0.00146492 
1.4073e+14 0.936311 inf -nan 1.43223e+06 -nan inf -3.45846e-323 inf 0.00146492 
1.4073e+14 0.936311 inf -nan 1.43223e+06 -nan inf -3.45846e-323 inf 0.00146492 
1.4073e+14 0.936311 inf -nan 1.43223e+06 -nan inf -3.45846e-323 inf 0.00146492 
1.4073e+14 0.936311 inf -nan 1.43223e+06 -nan inf -3.45846e-323 inf 0.00146492 
1.4073e+14 0.936311 inf -nan 1.43223e+06 -nan inf -3.45846e-323 inf 0.00146492 
