1.01e+07
1.01049e+07
1.01099e+07
1.01149e+07
1.01199e+07
1.01248e+07
1.01298e+07
1.01348e+07
1.01398e+07
1.01448e+07
1.01497e+07
1.01547e+07
1.01597e+07
1.01647e+07
1.01697e+07
1.01746e+07
1.01796e+07
1.01846e+07
1.01896e+07
1.01946e+07
1.01996e+07
1.02045e+07
1.02095e+07
1.02145e+07
1.02195e+07
1.02245e+07
1.02295e+07
1.02345e+07
1.02395e+07
1.02445e+07
1.02495e+07
1.02545e+07
1.02595e+07
1.02645e+07
1.02695e+07
1.02746e+07
1.02845e+07
1.02945e+07
1.03045e+07
1.03144e+07
1.03244e+07
1.03344e+07
1.03443e+07
1.03543e+07
1.03643e+07
1.03743e+07
1.03843e+07
1.03943e+07
1.04043e+07
1.04143e+07
1.04243e+07
1.04344e+07
1.04444e+07
1.04544e+07
1.04645e+07
1.04748e+07
1.04946e+07
1.05144e+07
1.05342e+07
1.05541e+07
1.05739e+07
1.05938e+07
1.06137e+07
1.06336e+07
1.06535e+07
1.06735e+07
1.06934e+07
1.07134e+07
1.07335e+07
1.07535e+07
1.07737e+07
1.07941e+07
1.08139e+07
1.08338e+07
1.08536e+07
1.08735e+07
1.08934e+07
1.09133e+07
1.09332e+07
1.09532e+07
1.09732e+07
1.09933e+07
1.10134e+07
1.10336e+07
1.10542e+07
1.1074e+07
1.10938e+07
1.11137e+07
1.11335e+07
1.11535e+07
1.11734e+07
1.11934e+07
1.12135e+07
1.12336e+07
1.12538e+07
1.12745e+07
1.12944e+07
1.13142e+07
1.13341e+07
1.1354e+07
1.13739e+07
1.13939e+07
1.14139e+07
1.1434e+07
1.14542e+07
1.14745e+07
1.14955e+07
1.15152e+07
1.1535e+07
1.15549e+07
1.15748e+07
1.15948e+07
1.16148e+07
1.1635e+07
1.16552e+07
1.16755e+07
1.16966e+07
1.17164e+07
1.17363e+07
1.17561e+07
1.17761e+07
1.17961e+07
1.18161e+07
1.18363e+07
1.18567e+07
1.18771e+07
1.18986e+07
1.19184e+07
1.19382e+07
1.1958e+07
1.1978e+07
1.19981e+07
1.20183e+07
1.20386e+07
1.20591e+07
1.20807e+07
1.21004e+07
1.21202e+07
1.21401e+07
1.21601e+07
1.21802e+07
1.22005e+07
1.22209e+07
1.22416e+07
1.22637e+07
1.22834e+07
1.23032e+07
1.23231e+07
1.23431e+07
1.23633e+07
1.23837e+07
1.24043e+07
1.24255e+07
1.24476e+07
1.24672e+07
1.2487e+07
1.25069e+07
1.2527e+07
1.25474e+07
1.2568e+07
1.25889e+07
1.26119e+07
1.26315e+07
1.26512e+07
1.26712e+07
1.26913e+07
1.27117e+07
1.27325e+07
1.27536e+07
1.27774e+07
1.27969e+07
1.28166e+07
1.28366e+07
1.28568e+07
1.28774e+07
1.28984e+07
1.29202e+07
1.2944e+07
1.29635e+07
1.29832e+07
1.30032e+07
1.30236e+07
1.30445e+07
1.30659e+07
1.30907e+07
1.311e+07
1.31297e+07
1.31498e+07
1.31702e+07
1.31912e+07
1.32149e+07
1.32343e+07
1.3254e+07
1.32741e+07
1.32946e+07
1.33155e+07
1.3338e+07
1.33608e+07
1.33802e+07
1.34001e+07
1.34203e+07
1.3441e+07
1.34627e+07
1.34863e+07
1.35057e+07
1.35255e+07
1.35457e+07
1.35663e+07
1.35879e+07
1.3612e+07
1.36314e+07
1.36512e+07
1.36714e+07
1.36921e+07
1.37144e+07
1.37372e+07
1.37565e+07
1.3776e+07
1.3796e+07
1.38165e+07
1.38399e+07
