1.01e+07
1.01049e+07
1.01099e+07
1.01149e+07
1.01199e+07
1.01248e+07
1.01298e+07
1.01348e+07
1.01398e+07
1.01448e+07
1.01497e+07
1.01547e+07
1.01597e+07
1.01647e+07
1.01697e+07
1.01746e+07
1.01796e+07
1.01846e+07
1.01896e+07
1.01946e+07
1.01996e+07
1.02045e+07
1.02095e+07
1.02145e+07
1.02195e+07
1.02245e+07
1.02295e+07
1.02345e+07
1.02395e+07
1.02445e+07
1.02495e+07
1.02545e+07
1.02595e+07
1.02645e+07
1.02695e+07
1.02745e+07
1.02845e+07
1.02945e+07
1.03045e+07
1.03144e+07
1.03244e+07
1.03344e+07
1.03443e+07
1.03543e+07
1.03643e+07
1.03743e+07
1.03843e+07
1.03943e+07
1.04043e+07
1.04143e+07
1.04243e+07
1.04344e+07
1.04444e+07
1.04544e+07
1.04645e+07
1.04796e+07
1.04946e+07
1.05124e+07
1.05323e+07
1.05521e+07
1.0572e+07
1.05918e+07
1.06117e+07
1.06316e+07
1.06516e+07
1.06715e+07
1.06915e+07
1.07115e+07
1.07315e+07
1.07524e+07
1.07716e+07
1.07928e+07
1.08117e+07
1.0832e+07
1.08515e+07
1.08713e+07
1.08912e+07
1.09111e+07
1.09311e+07
1.09511e+07
1.09711e+07
1.09917e+07
1.10112e+07
1.10325e+07
1.10516e+07
1.10719e+07
1.10914e+07
1.11114e+07
1.11311e+07
1.11511e+07
1.1171e+07
1.11911e+07
1.12113e+07
1.12312e+07
1.12525e+07
1.12721e+07
1.12921e+07
1.13123e+07
1.13316e+07
1.13517e+07
1.13715e+07
1.13914e+07
1.14115e+07
1.14316e+07
1.14524e+07
1.14727e+07
1.14926e+07
1.15131e+07
1.15323e+07
1.15525e+07
1.15723e+07
1.15921e+07
1.16122e+07
1.16325e+07
1.16526e+07
1.16737e+07
1.16937e+07
1.17138e+07
1.1734e+07
1.17536e+07
1.17733e+07
1.17933e+07
1.18133e+07
1.18336e+07
1.18544e+07
1.18753e+07
1.18945e+07
1.19156e+07
1.1935e+07
1.19547e+07
1.19749e+07
1.19949e+07
1.20151e+07
1.20353e+07
1.20567e+07
1.20772e+07
1.20965e+07
1.21172e+07
1.21367e+07
1.21566e+07
1.21766e+07
1.21971e+07
1.22181e+07
1.2238e+07
1.22589e+07
1.22801e+07
1.22994e+07
1.2319e+07
1.23389e+07
1.23594e+07
1.23802e+07
1.24008e+07
1.24212e+07
1.2442e+07
1.24627e+07
1.24818e+07
1.25019e+07
1.25221e+07
1.2543e+07
1.2564e+07
1.25847e+07
1.26048e+07
1.26254e+07
1.26459e+07
1.26657e+07
1.26859e+07
1.27066e+07
1.27278e+07
1.27485e+07
1.27702e+07
1.27898e+07
1.28099e+07
1.28297e+07
1.28507e+07
1.2872e+07
1.28936e+07
1.29143e+07
1.29348e+07
1.29543e+07
1.29745e+07
1.29956e+07
1.30168e+07
1.30388e+07
1.30594e+07
1.30805e+07
1.31008e+07
1.31205e+07
1.31413e+07
