1 25 25
2 25 25
3 25 25
4 25 25
5 25 25
6 25 25
7 25 25
8 25 25
9 25 25
10 25 25
11 25 25
12 25 25
13 25 25
14 25 25
15 25 25
16 25 25
17 25 25
18 25 25
19 25 25
20 25 25
21 25 25
22 25 25
23 25 25
24 25 25
25 25 25
26 25 25
27 25 25
28 25 25
29 25 25
30 25 25
31 25 25
32 25 25
33 25 25
34 25 25
35 25 25
36 25 25
37 25 25
38 25 25
39 25 25
40 25 25
41 25 25
42 25 25
43 25 25
44 25 25
45 25 25
46 25 25
47 25 25
48 25 25
49 25 25
50 25 25
51 25 25
52 25 25
53 25 25
54 25 25
55 25 25
56 25 25
57 25 25
58 25 25
59 25 25
60 25 25
61 25 25
62 25 25
63 25 25
64 25 25
65 25 25
66 25 25
67 25 25
68 25 25
69 25 25
70 25 25
71 25 25
72 25 25
73 25 25
74 25 25
75 25 25
76 25 25
77 25 25
78 25 25
79 25 25
80 25 25
81 25 25
82 25 25
83 25 25
84 25 25
85 25 25
86 25 25
87 25 25
88 25 25
89 25 25
90 25 25
91 25 25
92 25 25
93 25 25
94 25 25
95 25 25
96 25 25
97 25 25
98 25 25
99 25 25
100 25 25
101 25 25
102 25 25
103 25 25
104 25 25
105 25 25
106 25 25
107 25 25
108 25 25
109 25 25
110 25 25
111 25 25
112 25 25
113 25 25
114 25 25
115 25 25
116 25 25
117 25 25
118 25 25
119 25 25
120 25 25
121 25 25
122 25 25
123 25 25
124 25 25
125 25 25
126 25 25
127 25 25
128 25 25
129 25 25
130 25 25
131 25 25
132 25 25
133 25 25
134 25 25
135 25 25
136 25 25
137 25 25
138 25 25
139 25 25
140 25 25
141 25 25
142 25 25
143 25 25
144 25 25
145 25 25
146 25 25
147 25 25
148 25 25
149 25 25
150 25 25
151 25 25
152 25 25
153 25 25
154 25 25
155 25 25
156 25 25
157 25 25
158 25 25
159 25 25
160 25 25
161 25 25
162 25 25
163 25 25
164 25 25
165 25 25
166 25 25
167 25 25
168 25 25
169 25 25
170 25 25
171 25 25
172 25 25
173 25 25
174 25 25
175 25 25
176 25 25
177 25 25
178 25 25
179 25 25
180 25 25
181 25 25
182 25 25
183 25 25
184 25 25
185 25 25
186 25 25
187 25 25
188 25 25
189 25 25
190 25 25
191 25 25
192 25 25
193 25 25
194 25 25
195 25 25
196 25 25
197 25 25
198 25 25
199 25 25
200 25 25
201 25 25
202 25 25
203 25 25
204 25 25
205 25 25
206 25 25
207 25 25
208 25 25
209 25 25
210 25 25
211 25 25
212 25 25
213 25 25
214 25 25
215 25 25
216 25 25
217 25 25
218 25 25
219 25 25
220 25 25
221 25 25
222 25 25
223 25 25
224 25 25
225 25 25
226 25 25
227 25 25
228 25 25
229 25 25
230 25 25
231 25 25
232 25 25
233 25 25
234 25 25
235 25 25
236 25 25
237 25 25
238 25 25
239 25 25
240 25 25
241 25 25
242 25 25
243 25 25
244 25 25
245 25 25
246 25 25
247 25 25
248 25 25
249 25 25
250 25 25
251 25 25
252 25 25
253 25 25
254 25 25
255 25 25
256 25 25
257 25 25
258 25 25
259 25 25
260 25 25
261 25 25
262 25 25
263 25 25
264 25 25
265 25 25
266 25 25
267 25 25
268 25 25
269 25 25
270 25 25
271 25 25
272 25 25
273 25 25
274 25 25
275 25 25
276 25 25
277 25 25
278 25 25
279 25 25
280 25 25
281 25 25
282 25 25
283 25 25
284 25 25
285 25 25
286 25 25
287 25 25
288 25 25
289 25 25
290 25 25
291 25 25
292 25 25
293 25 25
294 25 25
295 25 25
296 25 25
297 25 25
298 25 25
299 25 25
300 25 25
301 25 25
302 25 25
303 25 25
304 25 25
305 25 25
306 25 25
307 25 25
308 25 25
309 25 25
310 25 25
311 25 25
312 25 25
313 25 25
314 25 25
315 25 25
316 25 25
317 25 25
318 25 25
319 25 25
320 25 25
321 25 25
322 25 25
323 25 25
324 25 25
325 25 25
326 25 25
327 25 25
328 25 25
329 25 25
330 25 25
331 25 25
332 25 25
333 25 25
334 25 25
335 25 25
336 25 25
337 25 25
338 25 25
339 25 25
340 25 25
341 25 25
342 25 25
343 25 25
344 25 25
345 25 25
346 25 25
347 25 25
348 25 25
349 25 25
350 25 25
351 25 25
352 25 25
353 25 25
354 25 25
355 25 25
356 25 25
357 25 25
358 25 25
359 25 25
360 25 25
361 25 25
362 25 25
363 25 25
364 25 25
365 25 25
366 25 25
367 25 25
368 25 25
369 25 25
370 25 25
371 25 25
372 25 25
373 25 25
374 25 25
375 25 25
376 25 25
377 25 25
378 25 25
379 25 25
380 25 25
381 25 25
382 25 25
383 25 25
384 25 25
385 25 25
386 25 25
387 25 25
388 25 25
389 25 25
390 25 25
391 25 25
392 25 25
393 25 25
394 25 25
395 25 25
396 25 25
397 25 25
398 25 25
399 25 25
400 25 25
401 25 25
402 25 25
403 25 25
404 25 25
405 25 25
406 25 25
407 25 25
408 25 25
409 25 25
410 25 25
411 25 25
412 25 25
413 25 25
414 25 25
415 25 25
416 25 25
417 25 25
418 25 25
419 25 25
420 25 25
421 25 25
422 25 25
423 25 25
424 25 25
425 25 25
426 25 25
427 25 25
428 25 25
429 25 25
430 25 25
431 25 25
432 25 25
433 25 25
434 25 25
435 25 25
436 25 25
437 25 25
438 25 25
439 25 25
440 25 25
441 25 25
442 25 25
443 25 25
444 25 25
445 25 25
446 25 25
447 25 25
448 25 25
449 25 25
450 25 25
451 25 25
452 25 25
453 25 25
454 25 25
455 25 25
456 25 25
457 25 25
458 25 25
459 25 25
460 25 25
461 25 25
462 25 25
463 25 25
464 25 25
465 25 25
466 25 25
467 25 25
468 25 25
469 25 25
470 25 25
471 25 25
472 25 25
473 25 25
474 25 25
475 25 25
476 25 25
477 25 25
478 25 25
479 25 25
480 25 25
481 25 25
482 25 25
483 25 25
484 25 25
485 25 25
486 25 25
487 25 25
488 25 25
489 25 25
490 25 25
491 25 25
492 25 25
493 25 25
494 25 25
495 25 25
496 25 25
497 25 25
498 25 25
499 25 25
500 25 25
501 25 25
502 25 25
503 25 25
504 25 25
505 25 25
506 25 25
507 25 25
508 25 25
509 25 25
510 25 25
511 25 25
512 25 25
513 25 25
514 25 25
515 25 25
516 25 25
517 25 25
518 25 25
519 25 25
520 25 25
521 25 25
522 25 25
523 25 25
524 25 25
525 25 25
526 25 25
527 25 25
528 25 25
529 25 25
530 25 25
531 25 25
532 25 25
533 25 25
534 25 25
535 25 25
536 25 25
537 25 25
538 25 25
539 25 25
540 25 25
541 25 25
542 25 25
543 25 25
544 25 25
545 25 25
546 25 25
547 25 25
548 25 25
549 25 25
550 25 25
551 25 25
552 25 25
553 25 25
554 25 25
555 25 25
556 25 25
557 25 25
558 25 25
559 25 25
560 25 25
561 25 25
562 25 25
563 25 25
564 25 25
565 25 25
566 25 25
567 25 25
568 25 25
569 25 25
570 25 25
571 25 25
572 25 25
573 25 25
574 25 25
575 25 25
576 25 25
577 25 25
578 25 25
579 25 25
580 25 25
581 25 25
582 25 25
583 25 25
584 25 25
585 25 25
586 25 25
587 25 25
588 25 25
589 25 25
590 25 25
591 25 25
592 25 25
593 25 25
594 25 25
595 25 25
596 25 25
597 25 25
598 25 25
599 25 25
600 25 25
601 25 25
602 25 25
603 25 25
604 25 25
605 25 25
606 25 25
607 25 25
608 25 25
609 25 25
610 25 25
611 25 25
612 25 25
613 25 25
614 25 25
615 25 25
616 25 25
617 25 25
618 25 25
619 25 25
620 25 25
621 25 25
622 25 25
623 25 25
624 25 25
625 25 25
626 25 25
627 25 25
628 25 25
629 25 25
630 25 25
631 25 25
632 25 25
633 25 25
634 25 25
635 25 25
636 25 25
637 25 25
638 25 25
639 25 25
640 25 25
641 25 25
642 25 25
643 25 25
644 25 25
645 25 25
646 25 25
647 25 25
648 25 25
649 25 25
650 25 25
651 25 25
652 25 25
653 25 25
654 25 25
655 25 25
656 25 25
657 25 25
658 25 25
659 25 25
660 25 25
661 25 25
662 25 25
663 25 25
664 25 25
665 25 25
666 25 25
667 25 25
668 25 25
669 25 25
670 25 25
671 25 25
672 25 25
673 25 25
674 25 25
675 25 25
676 25 25
677 25 25
678 25 25
679 25 25
680 25 25
681 25 25
682 25 25
683 25 25
684 25 25
685 25 25
686 25 25
687 25 25
688 25 25
689 25 25
690 25 25
691 25 25
692 25 25
693 25 25
694 25 25
695 25 25
696 25 25
697 25 25
698 25 25
699 25 25
700 25 25
701 25 25
702 25 25
703 25 25
704 25 25
705 25 25
706 25 25
707 25 25
708 25 25
709 25 25
710 25 25
711 25 25
712 25 25
713 25 25
714 25 25
715 25 25
716 25 25
717 25 25
718 25 25
719 25 25
720 25 25
721 25 25
722 25 25
723 25 25
724 25 25
725 25 25
726 25 25
727 25 25
728 25 25
729 25 25
730 25 25
731 25 25
732 25 25
733 25 25
734 25 25
735 25 25
736 25 25
737 25 25
738 25 25
739 25 25
740 25 25
741 25 25
742 25 25
743 25 25
744 25 25
745 25 25
746 25 25
747 25 25
748 25 25
749 25 25
750 25 25
751 25 25
752 25 25
753 25 25
754 25 25
755 25 25
756 25 25
757 25 25
758 25 25
759 25 25
760 25 25
761 25 25
762 25 25
763 25 25
764 25 25
765 25 25
766 25 25
767 25 25
768 25 25
769 25 25
770 25 25
771 25 25
772 25 25
773 25 25
774 25 25
775 25 25
776 25 25
777 25 25
778 25 25
779 25 25
780 25 25
781 25 25
782 25 25
783 25 25
784 25 25
785 25 25
786 25 25
787 25 25
788 25 25
789 25 25
790 25 25
791 25 25
792 25 25
793 25 25
794 25 25
795 25 25
796 25 25
797 25 25
798 25 25
799 25 25
800 25 25
801 25 25
802 25 25
803 25 25
804 25 25
805 25 25
806 25 25
807 25 25
808 25 25
809 25 25
810 25 25
811 25 25
812 25 25
813 25 25
814 25 25
815 25 25
816 25 25
817 25 25
818 25 25
819 25 25
820 25 25
821 25 25
822 25 25
823 25 25
824 25 25
825 25 25
826 25 25
827 25 25
828 25 25
829 25 25
830 25 25
831 25 25
832 25 25
833 25 25
834 25 25
835 25 25
836 25 25
837 25 25
838 25 25
839 25 25
840 25 25
841 25 25
842 25 25
843 25 25
844 25 25
845 25 25
846 25 25
847 25 25
848 25 25
849 25 25
850 25 25
851 25 25
852 25 25
853 25 25
854 25 25
855 25 25
856 25 25
857 25 25
858 25 25
859 25 25
860 25 25
861 25 25
862 25 25
863 25 25
864 25 25
865 25 25
866 25 25
867 25 25
868 25 25
869 25 25
870 25 25
871 25 25
872 25 25
873 25 25
874 25 25
875 25 25
876 25 25
877 25 25
878 25 25
879 25 25
880 25 25
881 25 25
882 25 25
883 25 25
884 25 25
885 25 25
886 25 25
887 25 25
888 25 25
889 25 25
890 25 25
891 25 25
892 25 25
893 25 25
894 25 25
895 25 25
896 25 25
897 25 25
898 25 25
899 25 25
900 25 25
901 25 25
902 25 25
903 25 25
904 25 25
905 25 25
906 25 25
907 25 25
908 25 25
909 25 25
910 25 25
911 25 25
912 25 25
913 25 25
914 25 25
915 25 25
916 25 25
917 25 25
918 25 25
919 25 25
920 25 25
921 25 25
922 25 25
923 25 25
924 25 25
925 25 25
926 25 25
927 25 25
928 25 25
929 25 25
930 25 25
931 25 25
932 25 25
933 25 25
934 25 25
935 25 25
936 25 25
937 25 25
938 25 25
939 25 25
940 25 25
941 25 25
942 25 25
943 25 25
944 25 25
945 25 25
946 25 25
947 25 25
948 25 25
949 25 25
950 25 25
951 25 25
952 25 25
953 25 25
954 25 25
955 25 25
956 25 25
957 25 25
958 25 25
959 25 25
960 25 25
961 25 25
962 25 25
963 25 25
964 25 25
965 25 25
966 25 25
967 25 25
968 25 25
969 25 25
970 25 25
971 25 25
972 25 25
973 25 25
974 25 25
975 25 25
976 25 25
977 25 25
978 25 25
979 25 25
980 25 25
981 25 25
982 25 25
983 25 25
984 25 25
985 25 25
986 25 25
987 25 25
988 25 25
989 25 25
990 25 25
991 25 25
992 25 25
993 25 25
994 25 25
995 25 25
996 25 25
997 25 25
998 25 25
999 25 25
1000 25 25
1001 25 25
1002 25 25
1003 25 25
1004 25 25
1005 25 25
1006 25 25
1007 25 25
1008 25 25
1009 25 25
1010 25 25
1011 25 25
1012 25 25
1013 25 25
1014 25 25
1015 25 25
1016 25 25
1017 25 25
1018 25 25
1019 25 25
1020 25 25
1021 25 25
1022 25 25
1023 25 25
1024 25 25
1025 25 25
1026 25 25
1027 25 25
1028 25 25
1029 25 25
1030 25 25
1031 25 25
1032 25 25
1033 25 25
1034 25 25
1035 25 25
1036 25 25
1037 25 25
1038 25 25
1039 25 25
1040 25 25
1041 25 25
1042 25 25
1043 25 25
1044 25 25
1045 25 25
1046 25 25
1047 25 25
1048 25 25
1049 25 25
1050 25 25
1051 25 25
1052 25 25
1053 25 25
1054 25 25
1055 25 25
1056 25 25
1057 25 25
1058 25 25
1059 25 25
1060 25 25
1061 25 25
1062 25 25
1063 25 25
1064 25 25
1065 25 25
1066 25 25
1067 25 25
1068 25 25
1069 25 25
1070 25 25
1071 25 25
1072 25 25
1073 25 25
1074 25 25
1075 25 25
1076 25 25
1077 25 25
1078 25 25
1079 25 25
1080 25 25
1081 25 25
1082 25 25
1083 25 25
1084 25 25
1085 25 25
1086 25 25
1087 25 25
1088 25 25
1089 25 25
1090 25 25
1091 25 25
1092 25 25
1093 25 25
1094 25 25
1095 25 25
1096 25 25
1097 25 25
1098 25 25
1099 25 25
1100 25 25
1101 25 25
1102 25 25
1103 25 25
1104 25 25
1105 25 25
1106 25 25
1107 25 25
1108 25 25
1109 25 25
1110 25 25
1111 25 25
1112 25 25
1113 25 25
1114 25 25
1115 25 25
1116 25 25
1117 25 25
1118 25 25
1119 25 25
1120 25 25
1121 25 25
1122 25 25
1123 25 25
1124 25 25
1125 25 25
1126 25 25
1127 25 25
1128 25 25
1129 25 25
1130 25 25
1131 25 25
1132 25 25
1133 25 25
1134 25 25
1135 25 25
1136 25 25
1137 25 25
1138 25 25
1139 25 25
1140 25 25
1141 25 25
1142 25 25
1143 25 25
1144 25 25
1145 25 25
1146 25 25
1147 25 25
1148 25 25
1149 25 25
1150 25 25
1151 25 25
1152 25 25
1153 25 25
1154 25 25
1155 25 25
1156 25 25
1157 25 25
1158 25 25
1159 25 25
1160 25 25
1161 25 25
1162 25 25
1163 25 25
1164 25 25
1165 25 25
1166 25 25
1167 25 25
1168 25 25
1169 25 25
1170 25 25
1171 25 25
1172 25 25
1173 25 25
1174 25 25
1175 25 25
1176 25 25
1177 25 25
1178 25 25
1179 25 25
1180 25 25
1181 25 25
1182 25 25
1183 25 25
1184 25 25
1185 25 25
1186 25 25
1187 25 25
1188 25 25
1189 25 25
1190 25 25
1191 25 25
1192 25 25
1193 25 25
1194 25 25
1195 25 25
1196 25 25
1197 25 25
1198 25 25
1199 25 25
1200 25 25
1201 25 25
1202 25 25
1203 25 25
1204 25 25
1205 25 25
1206 25 25
1207 25 25
1208 25 25
1209 25 25
1210 25 25
1211 25 25
1212 25 25
1213 25 25
1214 25 25
1215 25 25
1216 25 25
1217 25 25
1218 25 25
1219 25 25
1220 25 25
1221 25 25
1222 25 25
1223 25 25
1224 25 25
1225 25 25
1226 25 25
1227 25 25
1228 25 25
1229 25 25
1230 25 25
1231 25 25
1232 25 25
1233 25 25
1234 25 25
1235 25 25
1236 25 25
1237 25 25
1238 25 25
1239 25 25
1240 25 25
1241 25 25
1242 25 25
1243 25 25
1244 25 25
1245 25 25
1246 25 25
1247 25 25
1248 25 25
1249 25 25
1250 25 25
1251 25 25
1252 25 25
1253 25 25
1254 25 25
1255 25 25
1256 25 25
1257 25 25
1258 25 25
1259 25 25
1260 25 25
1261 25 25
1262 25 25
1263 25 25
1264 25 25
1265 25 25
1266 25 25
1267 25 25
1268 25 25
1269 25 25
1270 25 25
1271 25 25
1272 25 25
1273 25 25
1274 25 25
1275 25 25
1276 25 25
1277 25 25
1278 25 25
1279 25 25
1280 25 25
1281 25 25
1282 25 25
1283 25 25
1284 25 25
1285 25 25
1286 25 25
1287 25 25
1288 25 25
1289 25 25
1290 25 25
1291 25 25
1292 25 25
1293 25 25
1294 25 25
1295 25 25
1296 25 25
1297 25 25
1298 25 25
1299 25 25
1300 25 25
1301 25 25
1302 25 25
1303 25 25
1304 25 25
1305 25 25
1306 25 25
1307 25 25
1308 25 25
1309 25 25
1310 25 25
1311 25 25
1312 25 25
1313 25 25
1314 25 25
1315 25 25
1316 25 25
1317 25 25
1318 25 25
1319 25 25
1320 25 25
1321 25 25
1322 25 25
1323 25 25
1324 25 25
1325 25 25
1326 25 25
1327 25 25
1328 25 25
1329 25 25
1330 25 25
1331 25 25
1332 25 25
1333 25 25
1334 25 25
1335 25 25
1336 25 25
1337 25 25
1338 25 25
1339 25 25
1340 25 25
1341 25 25
1342 25 25
1343 25 25
1344 25 25
1345 25 25
1346 25 25
1347 25 25
1348 25 25
1349 25 25
1350 25 25
1351 25 25
1352 25 25
1353 25 25
1354 25 25
1355 25 25
1356 25 25
1357 25 25
1358 25 25
1359 25 25
1360 25 25
1361 25 25
1362 25 25
1363 25 25
1364 25 25
1365 25 25
1366 25 25
1367 25 25
1368 25 25
1369 25 25
1370 25 25
1371 25 25
1372 25 25
1373 25 25
1374 25 25
1375 25 25
1376 25 25
1377 25 25
1378 25 25
1379 25 25
1380 25 25
1381 25 25
1382 25 25
1383 25 25
1384 25 25
1385 25 25
1386 25 25
1387 25 25
1388 25 25
1389 25 25
1390 25 25
1391 25 25
1392 25 25
1393 25 25
1394 25 25
1395 25 25
1396 25 25
1397 25 25
1398 25 25
1399 25 25
1400 25 25
1401 25 25
1402 25 25
1403 25 25
1404 25 25
1405 25 25
1406 25 25
1407 25 25
1408 25 25
1409 25 25
1410 25 25
1411 25 25
1412 25 25
1413 25 25
1414 25 25
1415 25 25
1416 25 25
1417 25 25
1418 25 25
1419 25 25
1420 25 25
1421 25 25
1422 25 25
1423 25 25
1424 25 25
1425 25 25
1426 25 25
1427 25 25
1428 25 25
1429 25 25
1430 25 25
1431 25 25
1432 25 25
1433 25 25
1434 25 25
1435 25 25
1436 25 25
1437 25 25
1438 25 25
1439 25 25
1440 25 25
1441 25 25
1442 25 25
1443 25 25
1444 25 25
1445 25 25
1446 25 25
1447 25 25
1448 25 25
1449 25 25
1450 25 25
1451 25 25
1452 25 25
1453 25 25
1454 25 25
1455 25 25
1456 25 25
1457 25 25
1458 25 25
1459 25 25
1460 25 25
1461 25 25
1462 25 25
1463 25 25
1464 25 25
1465 25 25
1466 25 25
1467 25 25
1468 25 25
1469 25 25
1470 25 25
1471 25 25
1472 25 25
1473 25 25
1474 25 25
1475 25 25
1476 25 25
1477 25 25
1478 25 25
1479 25 25
1480 25 25
1481 25 25
1482 25 25
1483 25 25
1484 25 25
1485 25 25
1486 25 25
1487 25 25
1488 25 25
1489 25 25
1490 25 25
1491 25 25
1492 25 25
1493 25 25
1494 25 25
1495 25 25
1496 25 25
1497 25 25
1498 25 25
1499 25 25
1500 25 25
1501 25 25
1502 25 25
1503 25 25
1504 25 25
1505 25 25
1506 25 25
1507 25 25
1508 25 25
1509 25 25
1510 25 25
1511 25 25
1512 25 25
1513 25 25
1514 25 25
1515 25 25
1516 25 25
1517 25 25
1518 25 25
1519 25 25
1520 25 25
1521 25 25
1522 25 25
1523 25 25
1524 25 25
1525 25 25
1526 25 25
1527 25 25
1528 25 25
1529 25 25
1530 25 25
1531 25 25
1532 25 25
1533 25 25
1534 25 25
1535 25 25
1536 25 25
1537 25 25
1538 25 25
1539 25 25
1540 25 25
1541 25 25
1542 25 25
1543 25 25
1544 25 25
1545 25 25
1546 25 25
1547 25 25
1548 25 25
1549 25 25
1550 25 25
1551 25 25
1552 25 25
1553 25 25
1554 25 25
1555 25 25
1556 25 25
1557 25 25
1558 25 25
1559 25 25
1560 25 25
1561 25 25
1562 25 25
1563 25 25
1564 25 25
1565 25 25
1566 25 25
1567 25 25
1568 25 25
1569 25 25
1570 25 25
1571 25 25
1572 25 25
1573 25 25
1574 25 25
1575 25 25
1576 25 25
1577 25 25
1578 25 25
1579 25 25
1580 25 25
1581 25 25
1582 25 25
1583 25 25
1584 25 25
1585 25 25
1586 25 25
1587 25 25
1588 25 25
1589 25 25
1590 25 25
1591 25 25
1592 25 25
1593 25 25
1594 25 25
1595 25 25
1596 25 25
1597 25 25
1598 25 25
1599 25 25
1600 25 25
1601 25 25
1602 25 25
1603 25 25
1604 25 25
1605 25 25
1606 25 25
1607 25 25
1608 25 25
1609 25 25
1610 25 25
1611 25 25
1612 25 25
1613 25 25
1614 25 25
1615 25 25
1616 25 25
1617 25 25
1618 25 25
1619 25 25
1620 25 25
1621 25 25
1622 25 25
1623 25 25
1624 25 25
1625 25 25
1626 25 25
1627 25 25
1628 25 25
1629 25 25
1630 25 25
1631 25 25
1632 25 25
1633 25 25
1634 25 25
1635 25 25
1636 25 25
1637 25 25
1638 25 25
1639 25 25
1640 25 25
1641 25 25
1642 25 25
1643 25 25
1644 25 25
1645 25 25
1646 25 25
1647 25 25
1648 25 25
1649 25 25
1650 25 25
1651 25 25
1652 25 25
1653 25 25
1654 25 25
1655 25 25
1656 25 25
1657 25 25
1658 25 25
1659 25 25
1660 25 25
1661 25 25
1662 25 25
1663 25 25
1664 25 25
1665 25 25
1666 25 25
1667 25 25
1668 25 25
1669 25 25
1670 25 25
1671 25 25
1672 25 25
1673 25 25
1674 25 25
1675 25 25
1676 25 25
1677 25 25
1678 25 25
1679 25 25
1680 25 25
1681 25 25
1682 25 25
1683 25 25
1684 25 25
1685 25 25
1686 25 25
1687 25 25
1688 25 25
1689 25 25
1690 25 25
1691 25 25
1692 25 25
1693 25 25
1694 25 25
1695 25 25
1696 25 25
1697 25 25
1698 25 25
1699 25 25
1700 25 25
1701 25 25
1702 25 25
1703 25 25
1704 25 25
1705 25 25
1706 25 25
1707 25 25
1708 25 25
1709 25 25
1710 25 25
1711 25 25
1712 25 25
1713 25 25
1714 25 25
1715 25 25
1716 25 25
1717 25 25
1718 25 25
1719 25 25
1720 25 25
1721 25 25
1722 25 25
1723 25 25
1724 25 25
1725 25 25
1726 25 25
1727 25 25
1728 25 25
1729 25 25
1730 25 25
1731 25 25
1732 25 25
1733 25 25
1734 25 25
1735 25 25
1736 25 25
1737 25 25
1738 25 25
1739 25 25
1740 25 25
1741 25 25
1742 25 25
1743 25 25
1744 25 25
1745 25 25
1746 25 25
1747 25 25
1748 25 25
1749 25 25
1750 25 25
1751 25 25
1752 25 25
1753 25 25
1754 25 25
1755 25 25
1756 25 25
1757 25 25
1758 25 25
1759 25 25
1760 25 25
1761 25 25
1762 25 25
1763 25 25
1764 25 25
1765 25 25
1766 25 25
1767 25 25
1768 25 25
1769 25 25
1770 25 25
1771 25 25
1772 25 25
1773 25 25
1774 25 25
1775 25 25
1776 25 25
1777 25 25
1778 25 25
1779 25 25
1780 25 25
1781 25 25
1782 25 25
1783 25 25
1784 25 25
1785 25 25
1786 25 25
1787 25 25
1788 25 25
1789 25 25
1790 25 25
1791 25 25
1792 25 25
1793 25 25
1794 25 25
1795 25 25
1796 25 25
1797 25 25
1798 25 25
1799 25 25
1800 25 25
1801 25 25
1802 25 25
1803 25 25
1804 25 25
1805 25 25
1806 25 25
1807 25 25
1808 25 25
1809 25 25
1810 25 25
1811 25 25
1812 25 25
1813 25 25
1814 25 25
1815 25 25
1816 25 25
1817 25 25
1818 25 25
1819 25 25
1820 25 25
1821 25 25
1822 25 25
1823 25 25
1824 25 25
1825 25 25
1826 25 25
1827 25 25
1828 25 25
1829 25 25
1830 25 25
1831 25 25
1832 25 25
1833 25 25
1834 25 25
1835 25 25
1836 25 25
1837 25 25
1838 25 25
1839 25 25
1840 25 25
1841 25 25
1842 25 25
1843 25 25
1844 25 25
1845 25 25
1846 25 25
1847 25 25
1848 25 25
1849 25 25
1850 25 25
1851 25 25
1852 25 25
1853 25 25
1854 25 25
1855 25 25
1856 25 25
1857 25 25
1858 25 25
1859 25 25
1860 25 25
1861 25 25
1862 25 25
1863 25 25
1864 25 25
1865 25 25
1866 25 25
1867 25 25
1868 25 25
1869 25 25
1870 25 25
1871 25 25
1872 25 25
1873 25 25
1874 25 25
1875 25 25
1876 25 25
1877 25 25
1878 25 25
1879 25 25
1880 25 25
1881 25 25
1882 25 25
1883 25 25
1884 25 25
1885 25 25
1886 25 25
1887 25 25
1888 25 25
1889 25 25
1890 25 25
1891 25 25
1892 25 25
1893 25 25
1894 25 25
1895 25 25
1896 25 25
1897 25 25
1898 25 25
1899 25 25
1900 25 25
1901 25 25
1902 25 25
1903 25 25
1904 25 25
1905 25 25
1906 25 25
1907 25 25
1908 25 25
1909 25 25
1910 25 25
1911 25 25
1912 25 25
1913 25 25
1914 25 25
1915 25 25
1916 25 25
1917 25 25
1918 25 25
1919 25 25
1920 25 25
1921 25 25
1922 25 25
1923 25 25
1924 25 25
1925 25 25
1926 25 25
1927 25 25
1928 25 25
1929 25 25
1930 25 25
1931 25 25
1932 25 25
1933 25 25
1934 25 25
1935 25 25
1936 25 25
1937 25 25
1938 25 25
1939 25 25
1940 25 25
1941 25 25
1942 25 25
1943 25 25
1944 25 25
1945 25 25
1946 25 25
1947 25 25
1948 25 25
1949 25 25
1950 25 25
1951 25 25
1952 25 25
1953 25 25
1954 25 25
1955 25 25
1956 25 25
1957 25 25
1958 25 25
1959 25 25
1960 25 25
1961 25 25
1962 25 25
1963 25 25
1964 25 25
1965 25 25
1966 25 25
1967 25 25
1968 25 25
1969 25 25
1970 25 25
1971 25 25
1972 25 25
1973 25 25
1974 25 25
1975 25 25
1976 25 25
1977 25 25
1978 25 25
1979 25 25
1980 25 25
1981 25 25
1982 25 25
1983 25 25
1984 25 25
1985 25 25
1986 25 25
1987 25 25
1988 25 25
1989 25 25
1990 25 25
1991 25 25
1992 25 25
1993 25 25
1994 25 25
1995 25 25
1996 25 25
1997 25 25
1998 25 25
1999 25 25
2000 25 25
2001 25 25
2002 25 25
2003 25 25
2004 25 25
2005 25 25
2006 25 25
2007 25 25
2008 25 25
2009 25 25
2010 25 25
2011 25 25
2012 25 25
2013 25 25
2014 25 25
2015 25 25
2016 25 25
2017 25 25
2018 25 25
2019 25 25
2020 25 25
2021 25 25
2022 25 25
2023 25 25
2024 25 25
2025 25 25
2026 25 25
2027 25 25
2028 25 25
2029 25 25
2030 25 25
2031 25 25
2032 25 25
2033 25 25
2034 25 25
2035 25 25
2036 25 25
2037 25 25
2038 25 25
2039 25 25
2040 25 25
2041 25 25
2042 25 25
2043 25 25
2044 25 25
2045 25 25
2046 25 25
2047 25 25
2048 25 25
2049 25 25
2050 25 25
2051 25 25
2052 25 25
2053 25 37
2054 25 37
2055 25 34
2056 25 32
2057 25 31
2058 25 31
2059 25 31
2060 25 31
2061 25 31
2062 25 31
2063 25 31
2064 25 31
2065 25 31
2066 25 31
2067 25 31
2068 25 31
2069 25 31
2070 25 31
2071 25 30
2072 25 30
2073 25 30
2074 25 30
2075 25 30
2076 25 30
2077 25 30
2078 25 30
2079 25 30
2080 25 29
2081 25 29
2082 25 29
2083 25 29
2084 25 29
2085 25 29
2086 25 29
2087 25 29
2088 25 29
2089 25 29
2090 25 29
2091 25 29
2092 25 29
2093 25 29
2094 25 29
2095 25 29
2096 25 29
2097 25 29
2098 25 29
2099 25 29
2100 25 29
2101 25 29
2102 25 29
2103 25 29
2104 25 29
2105 25 29
2106 25 29
2107 25 29
2108 25 29
2109 25 29
2110 25 29
2111 25 29
2112 25 29
2113 25 29
2114 25 29
2115 25 29
2116 25 29
2117 25 29
2118 25 29
2119 25 29
2120 25 29
2121 25 29
2122 25 29
2123 25 29
2124 25 29
2125 25 29
2126 25 29
2127 25 29
2128 25 29
2129 25 29
2130 25 29
2131 25 29
2132 25 29
2133 25 29
2134 25 29
2135 25 29
2136 25 29
2137 25 29
2138 25 29
2139 25 29
2140 25 29
2141 25 29
2142 25 29
2143 25 29
2144 25 29
2145 25 29
2146 25 29
2147 25 29
2148 25 29
2149 25 29
2150 25 29
2151 25 29
2152 25 29
2153 25 29
2154 25 29
2155 25 29
2156 25 29
2157 25 29
2158 25 29
2159 25 29
2160 25 29
2161 25 29
2162 25 29
2163 25 29
2164 25 29
2165 25 29
2166 25 29
2167 25 29
2168 25 29
2169 25 29
2170 25 29
2171 25 29
2172 25 29
2173 25 29
2174 25 29
2175 25 29
2176 25 29
2177 25 29
2178 25 29
2179 25 29
2180 25 29
2181 25 29
2182 25 29
2183 25 29
2184 25 29
2185 25 29
2186 25 29
2187 25 29
2188 25 29
2189 25 29
2190 25 29
2191 25 29
2192 25 29
2193 25 29
2194 25 29
2195 25 29
2196 25 29
2197 25 29
2198 25 29
2199 25 29
2200 25 29
2201 25 29
2202 25 29
2203 25 29
2204 25 29
2205 25 29
2206 25 29
2207 25 29
2208 25 29
2209 25 29
2210 25 29
2211 25 29
2212 25 29
2213 25 29
2214 25 29
2215 25 29
2216 25 29
2217 25 29
2218 25 29
2219 25 29
2220 25 29
2221 25 29
2222 25 29
2223 25 29
2224 25 29
2225 25 29
2226 25 29
2227 25 29
2228 25 29
2229 25 29
2230 25 29
2231 25 29
2232 25 29
2233 25 29
2234 25 29
2235 25 29
2236 25 29
2237 25 29
2238 25 29
2239 25 29
2240 25 29
2241 25 29
2242 25 29
2243 25 29
2244 25 29
2245 25 29
2246 25 29
2247 25 29
2248 25 29
2249 25 29
2250 25 29
2251 25 29
2252 25 29
2253 25 29
2254 25 29
2255 25 29
2256 25 29
2257 25 29
2258 25 29
2259 25 29
2260 25 29
2261 25 29
2262 25 29
2263 25 29
2264 25 29
2265 25 29
2266 25 29
2267 25 29
2268 25 29
2269 25 29
2270 25 29
2271 25 29
2272 25 29
2273 25 29
2274 25 29
2275 25 29
2276 25 29
2277 25 29
2278 25 29
2279 25 29
2280 25 29
2281 25 29
2282 25 29
2283 25 29
2284 25 29
2285 25 29
2286 25 29
2287 25 29
2288 25 29
2289 25 29
2290 25 29
2291 25 29
2292 25 29
2293 25 29
2294 25 29
2295 25 29
2296 25 29
2297 25 29
2298 25 29
2299 25 29
2300 25 29
2301 25 29
2302 25 29
2303 25 29
2304 25 29
2305 25 29
2306 25 29
2307 25 29
2308 25 29
2309 25 29
2310 25 29
2311 25 29
2312 25 29
2313 25 29
2314 25 29
2315 25 29
2316 25 29
2317 25 29
2318 25 29
2319 25 29
2320 25 28
2321 25 28
2322 25 28
2323 25 28
2324 25 28
2325 25 28
2326 25 28
2327 25 28
2328 25 28
2329 25 28
2330 25 28
2331 25 28
2332 25 28
2333 25 28
2334 25 28
2335 25 28
2336 25 28
2337 25 28
2338 25 28
2339 25 28
2340 25 28
2341 25 28
2342 25 28
2343 25 28
2344 25 28
2345 25 28
2346 25 28
2347 25 28
2348 25 28
2349 25 28
2350 25 28
2351 25 28
2352 25 28
2353 25 28
2354 25 28
2355 25 28
2356 25 28
2357 25 28
2358 25 28
2359 25 28
2360 25 28
2361 25 28
2362 25 28
2363 25 28
2364 25 28
2365 25 28
2366 25 28
2367 25 28
2368 25 28
2369 25 28
2370 25 28
2371 25 28
2372 25 28
2373 25 28
2374 25 28
2375 25 28
2376 25 28
2377 25 28
2378 25 28
2379 25 28
2380 25 28
2381 25 28
2382 25 28
2383 25 28
2384 25 28
2385 25 28
2386 25 28
2387 25 28
2388 25 28
2389 25 28
2390 25 28
2391 25 28
2392 25 28
2393 25 28
2394 25 28
2395 25 28
2396 25 28
2397 25 28
2398 25 28
2399 25 28
2400 25 28
2401 25 28
2402 25 28
2403 25 28
2404 25 28
2405 25 28
2406 25 28
2407 25 28
2408 25 28
2409 25 28
2410 25 28
2411 25 28
2412 25 28
2413 25 28
2414 25 28
2415 25 29
2416 25 29
2417 25 29
2418 25 29
2419 25 29
2420 25 29
2421 25 29
2422 25 29
2423 25 29
2424 25 29
2425 25 29
2426 25 29
2427 25 29
2428 25 29
2429 25 29
2430 25 29
2431 25 29
2432 25 29
2433 25 29
2434 25 29
2435 25 29
2436 25 29
2437 25 29
2438 25 29
2439 25 29
2440 25 29
2441 25 29
2442 25 29
2443 25 29
2444 25 29
2445 25 29
2446 25 29
2447 25 29
2448 25 29
2449 25 29
2450 25 29
2451 25 29
2452 25 29
2453 25 29
2454 25 29
2455 25 29
2456 25 29
2457 25 29
2458 25 29
2459 25 29
2460 25 29
2461 25 29
2462 25 29
2463 25 29
2464 25 29
2465 25 29
2466 25 29
2467 25 29
2468 25 29
2469 25 29
2470 25 29
2471 25 29
2472 25 29
2473 25 29
2474 25 29
2475 25 29
2476 25 29
2477 25 29
2478 25 29
2479 25 29
2480 25 29
2481 25 29
2482 25 29
2483 25 29
2484 25 29
2485 25 29
2486 25 29
2487 25 29
2488 25 29
2489 25 29
2490 25 29
2491 25 29
2492 25 29
2493 25 29
2494 25 29
2495 25 29
2496 25 29
2497 25 29
2498 25 29
2499 25 29
2500 25 29
2501 25 29
2502 25 29
2503 25 29
2504 25 29
2505 25 29
2506 25 29
2507 25 29
2508 25 29
2509 25 29
2510 25 29
2511 25 29
2512 25 29
2513 25 29
2514 25 29
2515 25 29
2516 25 29
2517 25 29
2518 25 29
2519 25 29
2520 25 29
2521 25 29
2522 25 29
2523 25 29
2524 25 29
2525 25 29
2526 25 29
2527 25 29
2528 25 29
2529 25 29
2530 25 29
2531 25 29
2532 25 29
2533 25 29
2534 25 29
2535 25 29
2536 25 29
2537 25 29
2538 25 29
2539 25 29
2540 25 29
2541 25 29
2542 25 29
2543 25 29
2544 25 29
2545 25 29
2546 25 29
2547 25 29
2548 25 29
2549 25 29
2550 25 29
2551 25 29
2552 25 29
2553 25 29
2554 25 29
2555 25 29
2556 25 29
2557 25 29
2558 25 29
2559 25 29
2560 25 29
2561 25 29
2562 25 29
2563 25 29
2564 25 29
2565 25 29
2566 25 29
2567 25 29
2568 25 29
2569 25 29
2570 25 29
2571 25 29
2572 25 29
2573 25 29
2574 25 29
2575 25 29
2576 25 29
2577 25 29
2578 25 29
2579 25 29
2580 25 29
2581 25 29
2582 25 29
2583 25 29
2584 25 29
2585 25 29
2586 25 29
2587 25 29
2588 25 29
2589 25 29
2590 25 29
2591 25 29
2592 25 29
2593 25 29
2594 25 29
2595 25 29
2596 25 29
2597 25 29
2598 25 29
2599 25 29
2600 25 29
2601 25 29
2602 25 29
2603 25 29
2604 25 29
2605 25 29
2606 25 29
2607 25 29
2608 25 29
2609 25 29
2610 25 29
2611 25 29
2612 25 29
2613 25 29
2614 25 29
2615 25 29
2616 25 29
2617 25 29
2618 25 29
2619 25 29
2620 25 29
2621 25 29
2622 25 29
2623 25 29
2624 25 29
2625 25 29
2626 25 29
2627 25 29
2628 25 29
2629 25 29
2630 25 29
2631 25 29
2632 25 29
2633 25 29
2634 25 29
2635 25 29
2636 25 29
2637 25 29
2638 25 29
2639 25 29
2640 25 29
2641 25 29
2642 25 29
2643 25 29
2644 25 29
2645 25 29
2646 25 29
2647 25 29
2648 25 29
2649 25 29
2650 25 29
2651 25 29
2652 25 29
2653 25 29
2654 25 29
2655 25 29
2656 25 29
2657 25 29
2658 25 29
2659 25 29
2660 25 29
2661 25 29
2662 25 29
2663 25 29
2664 25 29
2665 25 29
2666 25 29
2667 25 29
2668 25 29
2669 25 29
2670 25 29
2671 25 29
2672 25 29
2673 25 29
2674 25 29
2675 25 29
2676 25 29
2677 25 29
2678 25 29
2679 25 29
2680 25 29
2681 25 29
2682 25 29
2683 25 29
2684 25 29
2685 25 29
2686 25 29
2687 25 29
2688 25 29
2689 25 29
2690 25 29
2691 25 29
2692 25 29
2693 25 29
2694 25 29
2695 25 29
2696 25 29
2697 25 29
2698 25 29
2699 25 29
2700 25 29
2701 25 29
2702 25 29
2703 25 29
2704 25 29
2705 25 29
2706 25 29
2707 25 29
2708 25 29
2709 25 30
2710 25 30
2711 25 30
2712 25 30
2713 25 30
2714 25 30
2715 25 30
2716 25 30
2717 25 31
2718 25 31
2719 25 31
2720 25 31
2721 25 31
2722 25 31
2723 25 31
2724 25 31
2725 25 31
2726 25 31
2727 25 31
2728 25 31
2729 25 31
2730 25 31
2731 25 31
2732 25 31
2733 25 31
2734 25 31
2735 25 31
2736 25 31
2737 25 31
2738 25 31
2739 25 31
2740 25 31
2741 25 31
2742 25 31
2743 25 31
2744 25 31
2745 25 31
2746 25 31
2747 25 31
2748 25 31
2749 25 31
2750 25 31
2751 25 31
2752 25 31
2753 25 31
2754 25 31
2755 25 31
2756 25 31
2757 25 31
2758 25 31
2759 25 31
2760 25 31
2761 25 31
2762 25 31
2763 25 32
2764 25 32
2765 25 32
2766 25 32
2767 25 32
2768 25 32
2769 25 32
2770 25 32
2771 25 32
2772 25 32
2773 25 32
2774 25 32
2775 25 33
2776 25 33
2777 25 33
2778 25 33
2779 25 33
2780 25 33
2781 25 33
2782 25 33
2783 25 33
2784 25 33
2785 25 34
2786 25 34
2787 25 34
2788 25 35
2789 25 35
2790 25 35
2791 25 35
2792 25 35
2793 25 36
2794 25 36
2795 25 36
2796 25 36
2797 25 36
2798 25 36
2799 25 36
2800 25 37
2801 25 38
2802 25 38
2803 25 39
2804 25 39
2805 25 39
2806 25 39
2807 25 39
2808 25 39
2809 25 40
2810 25 41
2811 25 41
2812 25 41
2813 25 41
2814 25 41
2815 25 41
2816 25 41
2817 25 41
2818 25 41
2819 25 41
2820 25 41
2821 25 41
2822 25 41
2823 25 41
2824 25 42
2825 25 42
2826 25 42
2827 25 42
2828 25 43
2829 25 43
2830 25 43
2831 25 43
2832 25 43
2833 25 43
2834 25 43
2835 25 43
2836 25 43
2837 25 43
2838 25 43
2839 25 43
2840 25 43
2841 25 43
2842 25 43
2843 25 43
2844 25 43
2845 25 43
2846 25 43
2847 25 43
2848 25 43
2849 25 43
2850 25 43
2851 25 43
2852 25 44
2853 25 44
2854 25 44
2855 25 44
2856 25 44
2857 25 44
2858 25 44
2859 25 44
2860 25 44
2861 25 44
2862 25 44
2863 25 44
2864 25 44
2865 25 44
2866 25 44
2867 25 44
2868 25 45
2869 25 45
2870 25 45
2871 25 45
2872 25 45
2873 25 45
2874 25 45
2875 25 45
2876 25 45
2877 25 45
2878 25 45
2879 25 45
2880 25 45
2881 25 45
2882 25 45
2883 25 45
2884 25 45
2885 25 45
2886 25 45
2887 25 45
2888 25 45
2889 25 45
2890 25 45
2891 25 45
2892 25 45
2893 25 45
2894 25 45
2895 25 45
2896 25 45
2897 25 45
2898 25 45
2899 25 45
2900 25 45
2901 25 45
2902 25 45
2903 25 46
2904 25 46
2905 25 46
2906 25 46
2907 25 46
2908 25 46
2909 25 46
2910 25 46
2911 25 45
2912 25 45
2913 25 45
2914 25 45
2915 25 45
2916 25 44
2917 25 44
2918 25 44
2919 25 44
2920 25 44
2921 25 44
2922 25 44
2923 25 44
2924 25 44
2925 25 44
2926 25 44
2927 25 44
2928 25 44
2929 25 44
2930 25 44
2931 25 44
2932 25 44
2933 25 44
2934 25 44
2935 25 44
2936 25 44
2937 25 44
2938 25 44
2939 25 44
2940 25 44
2941 25 44
2942 25 44
2943 25 44
2944 25 44
2945 25 44
2946 25 44
2947 25 44
2948 25 44
2949 25 44
2950 25 44
2951 25 44
2952 25 44
2953 25 44
2954 25 44
2955 25 44
2956 25 44
2957 25 44
2958 25 44
2959 25 44
2960 25 44
2961 25 44
2962 25 44
2963 25 44
2964 25 44
2965 25 44
2966 25 44
2967 25 44
2968 25 44
2969 25 44
2970 25 44
2971 25 44
2972 25 44
2973 25 44
2974 25 44
2975 25 44
2976 25 44
2977 25 44
2978 25 44
2979 25 44
2980 25 44
2981 25 44
2982 25 44
2983 25 44
2984 25 43
2985 25 43
2986 25 43
2987 25 43
2988 25 43
2989 25 43
2990 25 43
2991 25 43
2992 25 43
2993 25 43
2994 25 43
2995 25 43
2996 25 43
2997 25 43
2998 25 43
2999 25 43
3000 25 43
3001 25 43
3002 25 43
3003 25 43
3004 25 43
3005 25 43
3006 25 43
3007 25 43
3008 25 43
3009 25 43
3010 25 43
3011 25 43
3012 25 43
3013 25 43
3014 25 43
3015 25 43
3016 25 43
3017 25 43
3018 25 43
3019 25 43
3020 25 43
3021 25 43
3022 25 43
3023 25 43
3024 25 43
3025 25 43
3026 25 43
3027 25 43
3028 25 43
3029 25 43
3030 25 43
3031 25 43
3032 25 43
3033 25 43
3034 25 43
3035 25 43
3036 25 43
3037 25 43
3038 25 43
3039 25 43
3040 25 43
3041 25 43
3042 25 43
3043 25 43
3044 25 43
3045 25 43
3046 25 43
3047 25 43
3048 25 43
3049 25 43
3050 25 43
3051 25 43
3052 25 43
3053 25 43
3054 25 43
3055 25 43
3056 25 43
3057 25 43
3058 25 43
3059 25 43
3060 25 43
3061 25 43
3062 25 43
3063 25 43
3064 25 43
3065 25 43
3066 25 43
3067 25 43
3068 25 43
3069 25 43
3070 25 43
3071 25 43
3072 25 43
3073 25 43
3074 25 43
3075 25 43
3076 25 43
3077 25 43
3078 25 43
3079 25 43
3080 25 43
3081 25 43
3082 25 43
3083 25 43
3084 25 43
3085 25 43
3086 25 43
3087 25 43
3088 25 43
3089 25 43
3090 25 43
3091 25 43
3092 25 43
3093 25 43
3094 25 43
3095 25 43
3096 25 43
3097 25 43
3098 25 43
3099 25 43
3100 25 43
3101 25 43
3102 25 43
3103 25 43
3104 25 43
3105 25 43
3106 25 43
3107 25 43
3108 25 43
3109 25 43
3110 25 43
3111 25 43
3112 25 43
3113 25 43
3114 25 43
3115 25 43
3116 25 43
3117 25 43
3118 25 44
3119 25 44
3120 25 44
3121 25 44
3122 25 44
3123 25 43
3124 25 43
3125 25 43
3126 25 43
3127 25 43
3128 25 43
3129 25 43
3130 25 43
3131 25 43
3132 25 43
3133 25 43
3134 25 43
3135 25 43
3136 25 43
3137 25 43
3138 25 43
3139 25 43
3140 25 43
3141 25 43
3142 25 43
3143 25 43
3144 25 43
3145 25 43
3146 25 43
3147 25 43
3148 25 43
3149 25 43
3150 25 43
3151 25 43
3152 25 43
3153 25 43
3154 25 43
3155 25 43
3156 25 43
3157 25 43
3158 25 43
3159 25 43
3160 25 43
3161 25 43
3162 25 43
3163 25 43
3164 25 43
3165 25 43
3166 25 43
3167 25 43
3168 25 43
3169 25 43
3170 25 43
3171 25 43
3172 25 43
3173 25 43
3174 25 43
3175 25 43
3176 25 43
3177 25 43
3178 25 43
3179 25 43
3180 25 43
3181 25 43
3182 25 43
3183 25 43
3184 25 43
3185 25 43
3186 25 43
3187 25 43
3188 25 43
3189 25 43
3190 25 43
3191 25 43
3192 25 43
3193 25 43
3194 25 43
3195 25 43
3196 25 43
3197 25 43
3198 25 43
3199 25 43
3200 25 43
3201 25 43
3202 25 43
3203 25 43
3204 25 43
3205 25 44
3206 25 45
3207 25 45
3208 25 45
3209 25 45
3210 25 45
3211 25 45
3212 25 45
3213 25 45
3214 25 45
3215 25 46
3216 25 46
3217 25 46
3218 25 46
3219 25 46
3220 25 46
3221 25 46
3222 25 46
3223 25 46
3224 25 46
3225 25 46
3226 25 46
3227 25 46
3228 25 46
3229 25 47
3230 25 47
3231 25 47
3232 25 47
3233 25 48
3234 25 48
3235 25 48
3236 25 48
3237 25 48
3238 25 48
3239 25 48
3240 25 49
3241 25 49
3242 25 49
3243 25 49
3244 25 49
3245 25 49
3246 25 49
3247 25 49
3248 25 49
3249 25 49
3250 25 49
3251 25 49
3252 25 49
3253 25 49
3254 25 49
3255 25 49
3256 25 49
3257 25 49
3258 25 49
3259 25 49
3260 25 49
3261 25 49
3262 25 49
3263 25 50
3264 25 50
3265 25 50
3266 25 50
3267 25 50
3268 25 50
3269 25 50
3270 25 51
3271 25 52
3272 25 52
3273 25 52
3274 25 52
3275 25 52
3276 25 52
3277 25 52
3278 25 52
3279 25 52
3280 25 52
3281 25 53
3282 25 53
3283 25 53
3284 25 53
3285 25 53
3286 25 53
3287 25 53
3288 25 53
3289 25 53
3290 25 54
3291 25 55
3292 25 56
3293 25 56
3294 25 57
3295 25 58
3296 25 59
3297 25 59
3298 25 59
3299 25 60
3300 25 60
3301 25 60
3302 25 61
3303 25 61
3304 25 61
3305 25 61
3306 25 61
3307 25 61
3308 25 61
3309 25 62
3310 25 62
3311 25 62
3312 25 62
3313 25 62
3314 25 62
3315 25 63
3316 25 64
3317 25 65
3318 25 65
3319 25 65
3320 25 66
3321 25 66
3322 25 66
3323 25 67
3324 25 68
3325 25 69
3326 25 70
3327 25 70
3328 25 70
3329 25 70
3330 25 70
3331 25 70
3332 25 70
3333 25 70
3334 25 70
3335 25 70
3336 25 70
3337 25 70
3338 25 71
3339 25 71
3340 25 71
3341 25 71
3342 25 71
3343 25 71
3344 25 71
3345 25 71
3346 25 71
3347 25 71
3348 25 72
3349 25 72
3350 25 72
3351 25 72
3352 25 72
3353 25 72
3354 25 73
3355 25 74
3356 25 74
3357 25 74
3358 25 74
3359 25 74
3360 25 74
3361 25 74
3362 25 74
3363 25 74
3364 25 74
3365 25 74
3366 25 74
3367 25 74
3368 25 74
3369 25 74
3370 25 74
3371 25 74
3372 25 74
3373 25 74
3374 25 75
3375 25 75
3376 25 75
3377 25 75
3378 25 75
3379 25 75
3380 25 75
3381 25 75
3382 25 75
3383 25 75
3384 25 75
3385 25 75
3386 25 75
3387 25 75
3388 25 75
3389 25 75
3390 25 74
3391 25 74
3392 25 74
3393 25 74
3394 25 74
3395 25 74
3396 25 74
3397 25 74
3398 25 74
3399 25 74
3400 25 74
3401 25 74
3402 25 74
3403 25 74
3404 25 74
3405 25 74
3406 25 74
3407 25 74
3408 25 74
3409 25 74
3410 25 74
3411 25 74
3412 25 74
3413 25 74
3414 25 74
3415 25 74
3416 25 74
3417 25 74
3418 25 74
3419 25 74
3420 25 74
3421 25 74
3422 25 74
3423 25 74
3424 25 74
3425 25 74
3426 25 74
3427 25 74
3428 25 74
3429 25 74
3430 25 74
3431 25 74
3432 25 74
3433 25 74
3434 25 74
3435 25 74
3436 25 74
3437 25 74
3438 25 74
3439 25 74
3440 25 74
3441 25 74
3442 25 74
3443 25 74
3444 25 74
3445 25 74
3446 25 74
3447 25 74
3448 25 74
3449 25 74
3450 25 74
3451 25 74
3452 25 74
3453 25 74
3454 25 74
3455 25 74
3456 25 74
3457 25 74
3458 25 74
3459 25 74
3460 25 74
3461 25 74
3462 25 74
3463 25 74
3464 25 74
3465 25 74
3466 25 74
3467 25 74
3468 25 74
3469 25 74
3470 25 74
3471 25 74
3472 25 74
3473 25 74
3474 25 74
3475 25 74
3476 25 74
3477 25 74
3478 25 74
3479 25 74
3480 25 73
3481 25 73
3482 25 73
3483 25 73
3484 25 73
3485 25 73
3486 25 73
3487 25 73
3488 25 73
3489 25 73
3490 25 73
3491 25 73
3492 25 74
3493 25 74
3494 25 74
3495 25 74
3496 25 74
3497 25 75
3498 25 75
3499 25 75
3500 25 75
3501 25 76
3502 25 76
3503 25 77
3504 25 77
3505 25 77
3506 25 78
3507 25 78
3508 25 78
3509 25 79
3510 25 79
3511 25 79
3512 25 79
3513 25 79
3514 25 79
3515 25 79
3516 25 79
3517 25 80
3518 25 80
3519 25 80
3520 25 81
3521 25 81
3522 25 80
3523 25 80
3524 25 80
3525 25 80
3526 25 80
3527 25 80
3528 25 80
3529 25 80
3530 25 80
3531 25 80
3532 25 80
3533 25 80
3534 25 80
3535 25 80
3536 25 80
3537 25 80
3538 25 81
3539 25 81
3540 25 82
3541 25 82
3542 25 82
3543 25 82
3544 25 82
3545 25 82
3546 25 82
3547 25 82
3548 25 82
3549 25 82
3550 25 82
3551 25 82
3552 25 82
3553 25 82
3554 25 82
3555 25 82
3556 25 82
3557 25 82
3558 25 82
3559 25 82
3560 25 82
3561 25 82
3562 25 82
3563 25 82
3564 25 83
3565 25 84
3566 25 84
3567 25 84
3568 25 84
3569 25 84
3570 25 84
3571 25 84
3572 25 85
3573 25 85
3574 25 85
3575 25 85
3576 25 85
3577 25 85
3578 25 85
3579 25 85
3580 25 85
3581 25 85
3582 25 85
3583 25 85
3584 25 85
3585 25 85
3586 25 86
3587 25 86
3588 25 87
3589 25 87
3590 25 87
3591 25 87
3592 25 88
3593 25 88
3594 25 88
3595 25 88
3596 25 88
3597 25 88
3598 25 88
3599 25 88
3600 25 88
3601 25 88
3602 25 88
3603 25 88
3604 25 88
3605 25 88
3606 25 88
3607 25 88
3608 25 88
3609 25 88
3610 25 88
3611 25 88
3612 25 89
3613 25 89
3614 25 89
3615 25 89
3616 25 89
3617 25 89
3618 25 90
3619 25 90
3620 25 90
3621 25 90
3622 25 90
3623 25 91
3624 25 92
3625 25 92
3626 25 93
3627 25 93
3628 25 93
3629 25 93
3630 25 94
3631 25 94
3632 25 94
3633 25 94
3634 25 94
3635 25 94
3636 25 94
3637 25 95
3638 25 95
3639 25 95
3640 25 95
3641 25 95
3642 25 95
3643 25 95
3644 25 95
3645 25 95
3646 25 95
3647 25 95
3648 25 95
3649 25 95
3650 25 96
3651 25 96
3652 25 96
3653 25 96
3654 25 96
3655 25 96
3656 25 97
3657 25 98
3658 25 98
3659 25 98
3660 25 98
3661 25 98
3662 25 98
3663 25 98
3664 25 98
3665 25 98
3666 25 98
3667 25 98
3668 25 98
3669 25 98
3670 25 98
3671 25 98
3672 25 98
3673 25 98
3674 25 98
3675 25 98
3676 25 98
3677 25 98
3678 25 98
3679 25 98
3680 25 98
3681 25 98
3682 25 98
3683 25 98
3684 25 98
3685 25 99
3686 25 99
3687 25 99
3688 25 99
3689 25 99
3690 25 99
3691 25 99
3692 25 99
3693 25 99
3694 25 99
3695 25 99
3696 25 99
3697 25 99
3698 25 100
3699 25 100
3700 25 100
3701 25 100
3702 25 99
3703 25 99
3704 25 99
3705 25 99
3706 25 99
3707 25 99
3708 25 99
3709 25 99
3710 25 99
3711 25 99
3712 25 99
3713 25 98
3714 25 98
3715 25 98
3716 25 98
3717 25 98
3718 25 98
3719 25 98
3720 25 98
3721 25 98
3722 25 98
3723 25 98
3724 25 98
3725 25 99
3726 25 99
3727 25 99
3728 25 99
3729 25 99
3730 25 99
3731 25 99
3732 25 99
3733 25 99
3734 25 99
3735 25 99
3736 25 99
3737 25 99
3738 25 99
3739 25 99
3740 25 99
3741 25 99
3742 25 99
3743 25 99
3744 25 99
3745 25 99
3746 25 99
3747 25 99
3748 25 99
3749 25 99
3750 25 99
3751 25 99
3752 25 99
3753 25 99
3754 25 99
3755 25 99
3756 25 99
3757 25 99
3758 25 99
3759 25 99
3760 25 99
3761 25 99
3762 25 98
3763 25 98
3764 25 98
3765 25 98
3766 25 98
3767 25 98
3768 25 98
3769 25 98
3770 25 98
3771 25 98
3772 25 98
3773 25 99
3774 25 99
3775 25 99
3776 25 99
3777 25 99
3778 25 99
3779 25 100
3780 25 100
3781 25 100
3782 25 100
3783 25 100
3784 25 100
3785 25 100
3786 25 100
3787 25 100
3788 25 100
3789 25 100
3790 25 100
3791 25 100
3792 25 100
3793 25 100
3794 25 100
3795 25 101
3796 25 101
3797 25 101
3798 25 101
3799 25 101
3800 25 101
3801 25 101
3802 25 101
3803 25 101
3804 25 101
3805 25 102
3806 25 102
3807 25 102
3808 25 102
3809 25 102
3810 25 102
3811 25 102
3812 25 102
3813 25 102
3814 25 102
3815 25 103
3816 25 103
3817 25 103
3818 25 103
3819 25 103
3820 25 103
3821 25 103
3822 25 103
3823 25 103
3824 25 103
3825 25 103
3826 25 104
3827 25 104
3828 25 104
3829 25 104
3830 25 104
3831 25 104
3832 25 104
3833 25 104
3834 25 104
3835 25 104
3836 25 104
3837 25 104
3838 25 104
3839 25 104
3840 25 104
3841 25 104
3842 25 105
3843 25 106
3844 25 106
3845 25 107
3846 25 107
3847 25 107
3848 25 107
3849 25 107
3850 25 108
3851 25 108
3852 25 108
3853 25 108
3854 25 109
3855 25 110
3856 25 110
3857 25 110
3858 25 110
3859 25 110
3860 25 110
3861 25 110
3862 25 110
3863 25 110
3864 25 111
3865 25 113
3866 25 113
3867 25 113
3868 25 115
3869 25 116
3870 25 117
3871 25 118
3872 25 118
3873 25 119
3874 25 120
3875 25 121
3876 25 122
3877 25 122
3878 25 122
3879 25 122
3880 25 123
3881 25 123
3882 25 123
3883 25 124
3884 25 124
3885 25 124
3886 25 124
3887 25 126
3888 25 127
3889 25 127
3890 25 127
3891 25 127
3892 25 128
3893 25 128
3894 25 128
3895 25 128
3896 25 129
3897 25 129
3898 25 129
3899 25 130
3900 25 130
3901 25 130
3902 25 130
3903 25 130
3904 25 131
3905 25 132
3906 25 132
3907 25 132
3908 25 133
3909 25 134
3910 25 134
3911 25 134
3912 25 134
3913 25 134
3914 25 134
3915 25 134
3916 25 135
3917 25 135
3918 25 135
3919 25 135
3920 25 136
3921 25 137
3922 25 138
3923 25 138
3924 25 139
3925 25 139
3926 25 139
3927 25 140
3928 25 141
3929 25 141
3930 25 141
3931 25 142
3932 25 142
3933 25 143
3934 25 144
3935 25 145
3936 25 146
3937 25 146
3938 25 146
3939 25 147
3940 25 147
3941 25 148
3942 25 149
3943 25 149
3944 25 150
3945 25 151
3946 25 152
3947 25 152
3948 25 152
3949 25 153
3950 25 154
3951 25 155
3952 25 155
3953 25 156
3954 25 158
3955 25 160
3956 25 162
3957 25 164
3958 25 167
3959 25 168
3960 25 169
3961 25 170
3962 25 171
3963 25 172
3964 25 173
3965 25 174
3966 25 175
3967 25 175
3968 25 175
3969 25 175
3970 25 175
3971 25 175
3972 25 176
3973 25 177
3974 25 177
3975 25 177
3976 25 179
3977 25 180
3978 25 182
3979 25 182
3980 25 182
3981 25 183
3982 25 184
3983 25 186
3984 25 187
3985 25 188
3986 25 190
3987 25 192
3988 25 194
3989 25 195
3990 25 196
3991 25 196
3992 25 197
3993 25 199
3994 25 201
3995 25 202
3996 25 203
3997 25 204
3998 25 204
3999 25 205
4000 25 207
4001 25 210
4002 25 212
4003 25 213
4004 25 214
4005 25 215
4006 25 216
4007 25 217
4008 25 220
4009 25 222
4010 25 223
4011 25 223
4012 25 224
4013 25 225
4014 25 226
4015 25 226
4016 25 227
4017 25 228
4018 25 229
4019 25 230
4020 25 231
4021 25 232
4022 25 232
4023 25 233
4024 25 234
4025 25 235
4026 25 236
4027 25 236
4028 25 237
4029 25 238
4030 25 238
4031 25 238
4032 25 238
4033 25 239
4034 25 240
4035 25 241
4036 25 243
4037 25 244
4038 25 246
4039 25 246
4040 25 248
4041 25 248
4042 25 248
4043 25 248
4044 25 248
4045 25 248
4046 25 250
4047 25 251
4048 25 251
4049 25 252
4050 25 253
4051 25 254
4052 25 255
4053 25 255
4054 25 255
4055 25 256
4056 25 256
4057 25 256
4058 25 256
4059 25 256
4060 25 256
4061 25 256
4062 25 255
4063 25 255
4064 25 255
4065 25 255
4066 25 255
4067 25 255
4068 25 255
4069 25 255
4070 25 256
4071 25 257
4072 25 257
4073 25 259
4074 25 260
4075 25 260
4076 25 260
4077 25 260
4078 25 259
4079 25 258
4080 25 258
4081 25 258
4082 25 258
4083 25 258
4084 25 258
4085 25 258
4086 25 258
4087 25 258
4088 25 258
4089 25 258
4090 25 258
4091 25 258
4092 25 258
4093 25 258
4094 25 258
4095 25 258
4096 25 258
4097 25 258
4098 25 258
4099 25 258
4100 25 258
4101 25 258
4102 25 258
4103 25 258
4104 25 258
4105 25 258
4106 25 258
4107 25 258
4108 25 259
4109 25 259
4110 25 259
4111 25 259
4112 25 259
4113 25 259
4114 25 259
4115 25 259
4116 25 259
4117 25 259
4118 25 259
4119 25 259
4120 25 259
4121 25 259
4122 25 260
4123 25 260
4124 25 260
4125 25 260
4126 25 260
4127 25 261
4128 25 261
4129 25 261
4130 25 262
4131 25 263
4132 25 263
4133 25 263
4134 25 263
4135 25 263
4136 25 263
4137 25 263
4138 25 264
4139 25 265
4140 25 265
4141 25 265
4142 25 266
4143 25 267
4144 25 268
4145 25 269
4146 25 269
4147 25 269
4148 25 269
4149 25 270
4150 25 270
4151 25 270
4152 25 270
4153 25 271
4154 25 271
4155 25 272
4156 25 273
4157 25 274
4158 25 275
4159 25 275
4160 25 275
4161 25 275
4162 25 275
4163 25 275
4164 25 275
4165 25 275
4166 25 275
4167 25 276
4168 25 276
4169 25 276
4170 25 276
4171 25 276
4172 25 277
4173 25 278
4174 25 278
4175 25 278
4176 25 278
4177 25 279
4178 25 279
4179 25 280
4180 25 280
4181 25 279
4182 25 279
4183 25 279
4184 25 279
4185 25 278
4186 25 278
4187 25 278
4188 25 278
4189 25 278
4190 25 278
4191 25 278
4192 25 278
4193 25 278
4194 25 278
4195 25 278
4196 25 278
4197 25 278
4198 25 278
4199 25 278
4200 25 278
4201 25 279
4202 25 279
4203 25 279
4204 25 279
4205 25 279
4206 25 279
4207 25 279
4208 25 280
4209 25 280
4210 25 280
4211 25 281
4212 25 281
4213 25 282
4214 25 282
4215 25 282
4216 25 282
4217 25 282
4218 25 282
4219 25 282
4220 25 283
4221 25 283
4222 25 283
4223 25 283
4224 25 283
4225 25 283
4226 25 283
4227 25 283
4228 25 283
4229 25 283
4230 25 283
4231 25 283
4232 25 284
4233 25 285
4234 25 286
4235 25 286
4236 25 286
4237 25 286
4238 25 286
4239 25 287
4240 25 287
4241 25 287
4242 25 287
4243 25 287
4244 25 287
4245 25 287
4246 25 287
4247 25 287
4248 25 288
4249 25 288
4250 25 289
4251 25 289
4252 25 289
4253 25 289
4254 25 289
4255 25 289
4256 25 289
4257 25 289
4258 25 289
4259 25 289
4260 25 288
4261 25 288
4262 25 288
4263 25 288
4264 25 288
4265 25 288
4266 25 288
4267 25 288
4268 25 288
4269 25 288
4270 25 288
4271 25 288
4272 25 288
4273 25 288
4274 25 289
4275 25 289
4276 25 289
4277 25 289
4278 25 290
4279 25 290
4280 25 290
4281 25 290
4282 25 290
4283 25 290
4284 25 291
4285 25 291
4286 25 291
4287 25 291
4288 25 291
4289 25 290
4290 25 290
4291 25 290
4292 25 290
4293 25 290
4294 25 290
4295 25 290
4296 25 290
4297 25 290
4298 25 290
4299 25 290
4300 25 290
4301 25 290
4302 25 290
4303 25 290
4304 25 290
4305 25 290
4306 25 290
4307 25 290
4308 25 290
4309 25 290
4310 25 290
4311 25 291
4312 25 292
4313 25 292
4314 25 292
4315 25 292
4316 25 292
4317 25 292
4318 25 293
4319 25 293
4320 25 293
4321 25 293
4322 25 293
4323 25 293
4324 25 293
4325 25 293
4326 25 294
4327 25 294
4328 25 294
4329 25 295
4330 25 296
4331 25 297
4332 25 297
4333 25 297
4334 25 297
4335 25 297
4336 25 297
4337 25 297
4338 25 297
4339 25 297
4340 25 297
4341 25 297
4342 25 297
4343 25 297
4344 25 297
4345 25 298
4346 25 298
4347 25 298
4348 25 298
4349 25 299
4350 25 300
4351 25 300
4352 25 300
4353 25 300
4354 25 300
4355 25 300
4356 25 300
4357 25 301
4358 25 302
4359 25 303
4360 25 303
4361 25 304
4362 25 305
4363 25 307
4364 25 308
4365 25 309
4366 25 310
4367 25 311
4368 25 312
4369 25 313
4370 25 314
4371 25 316
4372 25 318
4373 25 319
4374 25 319
4375 25 319
4376 25 319
4377 25 319
4378 25 319
4379 25 320
4380 25 322
4381 25 324
4382 25 326
4383 25 327
4384 25 328
4385 25 329
4386 25 329
4387 25 329
4388 25 329
4389 25 329
4390 25 330
4391 25 330
4392 25 331
4393 25 332
4394 25 333
4395 25 333
4396 25 333
4397 25 333
4398 25 333
4399 25 333
4400 25 334
4401 25 335
4402 25 336
4403 25 337
4404 25 338
4405 25 339
4406 25 340
4407 25 340
4408 25 341
4409 25 341
4410 25 342
4411 25 343
4412 25 344
4413 25 344
4414 25 344
4415 25 344
4416 25 345
4417 25 344
4418 25 344
4419 25 344
4420 25 344
4421 25 346
4422 25 347
4423 25 348
4424 25 348
4425 25 348
4426 25 349
4427 25 349
4428 25 349
4429 25 349
4430 25 349
4431 25 350
4432 25 350
4433 25 350
4434 25 350
4435 25 352
4436 25 353
4437 25 355
4438 25 356
4439 25 357
4440 25 357
4441 25 357
4442 25 357
4443 25 357
4444 25 357
4445 25 357
4446 25 358
4447 25 358
4448 25 360
4449 25 360
4450 25 362
4451 25 363
4452 25 363
4453 25 364
4454 25 364
4455 25 364
4456 25 365
4457 25 366
4458 25 366
4459 25 366
4460 25 366
4461 25 367
4462 25 367
4463 25 368
4464 25 369
4465 25 370
4466 25 370
4467 25 372
4468 25 373
4469 25 374
4470 25 374
4471 25 373
4472 25 373
4473 25 373
4474 25 374
4475 25 374
4476 25 374
4477 25 374
4478 25 374
4479 25 376
4480 25 377
4481 25 379
4482 25 380
4483 25 382
4484 25 383
4485 25 385
4486 25 387
4487 25 390
4488 25 391
4489 25 393
4490 25 395
4491 25 398
4492 25 401
4493 25 404
4494 25 406
4495 25 408
4496 25 409
4497 25 413
4498 25 416
4499 25 420
4500 25 423
4501 25 427
4502 25 431
4503 25 434
4504 25 439
4505 25 446
4506 25 452
4507 25 455
4508 25 459
4509 25 464
4510 25 469
4511 25 477
4512 25 484
4513 25 498
4514 25 507
4515 25 513
4516 25 520
4517 25 526
4518 25 534
4519 25 544
4520 25 553
4521 25 565
4522 25 576
4523 25 585
4524 25 598
4525 25 612
4526 25 626
4527 25 638
4528 25 652
4529 25 666
4530 25 681
4531 25 697
4532 25 713
4533 25 731
4534 25 748
4535 25 764
4536 25 780
4537 25 798
4538 25 821
4539 25 842
4540 25 865
4541 25 891
4542 25 919
4543 25 938
4544 25 964
4545 25 987
4546 25 1007
4547 25 1030
4548 25 1056
4549 25 1081
4550 25 1108
4551 25 1140
4552 25 1168
4553 25 1196
4554 25 1227
4555 25 1257
4556 25 1286
4557 25 1320
4558 25 1351
4559 25 1382
4560 25 1412
4561 25 1439
4562 25 1471
4563 25 1509
4564 25 1554
4565 25 1603
4566 25 1649
4567 25 1697
4568 25 1738
4569 25 1788
4570 25 1834
4571 25 1884
4572 25 1940
4573 25 2001
4574 25 2061
4575 25 2125
4576 25 2183
4577 25 2243
4578 25 2303
4579 25 2364
4580 25 2429
4581 25 2504
4582 25 2573
4583 25 2639
4584 25 2720
4585 25 2795
4586 25 2870
4587 25 2941
4588 25 3009
4589 25 3079
4590 25 3151
4591 25 3229
4592 25 3320
4593 25 3410
4594 25 3491
4595 25 3571
4596 25 3660
4597 25 3738
4598 25 3829
4599 25 3927
4600 25 4027
4601 25 4125
4602 25 4226
4603 25 4332
4604 25 4438
4605 25 4547
4606 25 4662
4607 25 4767
4608 25 4873
4609 25 4987
4610 25 5098
4611 25 5208
4612 25 5321
4613 25 5443
4614 25 5593
4615 25 5751
4616 25 5904
4617 25 6069
4618 25 6219
4619 25 6373
4620 25 6534
4621 25 6689
4622 25 6858
4623 25 7009
4624 25 7185
4625 25 7359
4626 25 7527
4627 25 7688
4628 25 7866
4629 25 8050
4630 25 8238
4631 25 8428
4632 25 8618
4633 25 8817
4634 25 9030
4635 25 9227
4636 25 9439
4637 25 9506
4638 25 9595
4639 25 9645
4640 24 9697
4641 23 9746
4642 22 9780
4643 22 9814
4644 22 9850
4645 18 9869
4646 18 9896
4647 18 9921
4648 18 9928
4649 18 9940
4650 18 9951
4651 17 9971
4652 17 9976
4653 16 9974
4654 14 9974
4655 13 9976
4656 13 9975
4657 12 9977
4658 11 9980
4659 10 9980
4660 10 9980
4661 9 9982
4662 9 9978
4663 9 9982
4664 8 9979
4665 8 9982
4666 8 9983
4667 8 9983
4668 8 9986
4669 8 9983
4670 8 9981
4671 8 9985
4672 8 9987
4673 7 9982
4674 7 9986
4675 7 9982
4676 7 9982
4677 6 9980
4678 5 9980
4679 5 9985
4680 5 9985
4681 5 9984
4682 5 9983
4683 5 9985
4684 5 9984
4685 5 9981
4686 5 9984
4687 5 9984
4688 5 9985
4689 4 9981
4690 4 9981
4691 4 9982
4692 4 9970
4693 4 9973
4694 3 9975
4695 3 9982
4696 3 9981
4697 3 9982
4698 3 9981
4699 3 9978
4700 3 9981
4701 3 9983
4702 3 9979
4703 3 9973
4704 3 9973
4705 3 9973
4706 3 9973
4707 2 9970
4708 2 9974
4709 2 9976
4710 2 9980
4711 2 9983
4712 2 9982
4713 2 9983
4714 2 9986
4715 2 9980
4716 2 9986
4717 2 9984
4718 2 9986
4719 2 9988
4720 2 9984
4721 2 9986
4722 2 9982
4723 2 9987
4724 2 9990
4725 2 9988
4726 1 9985
4727 1 9979
4728 1 9984
4729 1 9989
4730 1 9986
4731 1 9981
4732 1 9977
4733 1 9982
4734 1 9979
4735 1 9981
4736 1 9980
4737 1 9984
4738 1 9980
4739 1 9977
4740 1 9980
4741 1 9982
4742 1 9984
4743 1 9987
4744 1 9987
4745 1 9987
4746 1 9985
4747 1 9976
4748 1 9974
4749 1 9977
4750 1 9979
4751 1 9981
4752 1 9980
4753 1 9985
4754 1 9989
4755 1 9994
4756 1 9990
4757 1 9991
4758 1 9984
4759 1 9989
4760 1 9985
4761 1 9987
4762 1 9990
4763 1 9995
4764 1 9994
4765 1 9995
4766 1 9992
4767 1 9995
4768 1 9995
4769 1 9992
4770 0 9995
4771 0 9995
4772 0 9997
4773 0 9996
4774 0 9994
4775 0 9995
4776 0 9996
4777 0 9995
4778 0 9995
4779 0 9993
4780 0 9993
4781 0 9995
4782 0 9997
4783 0 9996
4784 0 9997
4785 0 9995
4786 0 9997
4787 0 9997
4788 0 9995
4789 0 9997
4790 0 9994
4791 0 9996
4792 0 9995
4793 0 9997
4794 0 9997
4795 0 9999
